DERMATS
VERSION 1.0
Vortex Lattice Output -- Total Forces
STARTG01                                                    
     5      | # surfaces
   126      | # strips
  1358      | # vortices
  8.261345400000000E+02  7.594870000000000E+00  1.157786900000000E+02      | Sref, Cref, Bref
  3.383665524389960E+00  0.000000000000000E+00  0.000000000000000E+00      | Xref, Yref, Zref
Standard axis orientation,  X fwd, Z down         
 -unnamed-                              
  4.658237944222097E-01 -0.000000000000000E+00 -0.000000000000000E+00      | Alpha, pb/2V, p'b/2V
  0.000000000000000E+00  0.000000000000000E+00      | Beta, qc/2V
  0.000000000000000E+00 -0.000000000000000E+00 -0.000000000000000E+00      | Mach, rb/2V, r'b/2V
 -1.830607172055599E-03 -5.546169415305549E-04 -5.258883635046536E-04      | CXtot, Cltot, Cl'tot
 -1.068264964096689E-02  4.321686437533390E-10      | CYtot, Cmtot
 -5.632076795871150E-01  3.531365703791899E-03  3.535758067922742E-03      | CZtot, Cntot, Cn'tot
  5.631741828576844E-01      | CLtot
  6.409464181992223E-03      | CDtot
  0.000000000000000E+00  6.409464181992223E-03      | CDvis, CDind
  5.624783388530475E-01  6.359966005500700E-03 -1.042920724045620E-02  9.762245716252606E-01      | Trefftz Plane: CLff, CDff, CYff, e
CONTROL
     5
  0.000000000000000E+00  inboard_slat    
  0.000000000000000E+00  inboard_flap    
  0.000000000000000E+00  outboard_slat   
  0.000000000000000E+00  outboard_flap   
 -3.004863317608312E+00  elevator        
DESIGN
     0

Stability-axis derivatives...
alpha, beta
  6.230888512076911E+00 -3.374688110622041E-03  | z' force CL  : CLa, CLb
  7.146712625741166E-03 -3.421597202596632E-01  | y force CY   : CYa, CYb
  4.822660259720552E-03 -6.396220814589458E-02  | x' mom.  Cl' : Cla, Clb
 -2.645775390858712E+00  1.083291520614915E-02  | y  mom.  Cm  : Cma, Cmb
 -2.097842735829893E-03  9.847164880817622E-02  | z' mom.  Cn' : Cna, Cnb
roll rate  p', pitch rate  q', yaw rate  r'
  8.685340736045682E-04  1.315186470089282E+01  2.215014533094211E-03  | z' force CL  : CLp, CLq, CLr
 -7.605244108927466E-04  1.568151651818868E-01  2.497780427875449E-01  | y force CY   : CYp, CYq, CYr
 -6.882955459646334E-01  1.770495877011989E-02  1.619810949741956E-01  | x' mom.  Cl' : Clp, Clq, Clr
 -6.382192805872437E-03 -3.314525398804849E+01 -6.729034630327835E-03  | y  mom.  Cm  : Cmp, Cmq, Cmr
 -5.661699040669205E-02 -5.616716454250273E-02 -8.019950978656962E-02  | z' mom.  Cn' : Cnp, Cnq, Cnr
   5  | # control vars
inboard_slat    
inboard_flap    
outboard_slat   
outboard_flap   
elevator        
  4.278661619248555E-04  1.356150555547584E-02  1.160651197387414E-03  3.661727891594039E-02  4.724831273281953E-03  | z' force CL  : CLd*
 -5.450234709214367E-07 -2.269276059838543E-05  9.839062406710263E-08  7.172343289579355E-06  1.392214183660699E-05  | y force CY   : CYd*
 -2.797760584548484E-08 -1.181340174920657E-06  1.802798792020360E-08  1.089976231404976E-06  1.272783291874334E-06  | x' mom.  Cl' : Cld*
  6.192220733621710E-04  2.660069407553588E-03  8.143610951733479E-04 -1.262034548050536E-02 -2.737530900019709E-02  | y mom.  Cm   : Cmd*
  1.687520608218239E-07  7.006168944572997E-06  1.656237080090298E-09 -2.105196813701268E-06 -4.831508074997932E-06  | z' mom.  Cn  : Cnd*
  8.967987132910219E-06  2.907256238217612E-04  2.396967299521530E-05  7.497652660875878E-04 -2.641496728007079E-05  | Trefftz drag : CDffd*
  9.867493472003270E-05  2.440130972133130E-03  3.215091381285591E-04  1.193081811888029E-02  2.042008535036090E-02  | span eff.    : ed*
   0  | # design vars
  6.608618130077518E+00  | Neutral point  Xnp
  3.216026523265048E-01  | Clb Cnr / Clr Cnb ( > 1 if spirally stable )
