DERMATS
VERSION 1.0
Vortex Lattice Output -- Total Forces
STARTG01                                                    
     5      | # surfaces
   126      | # strips
  1358      | # vortices
  8.261345400000000E+02  7.594870000000000E+00  1.157786900000000E+02      | Sref, Cref, Bref
  3.383665524389960E+00  0.000000000000000E+00  0.000000000000000E+00      | Xref, Yref, Zref
Standard axis orientation,  X fwd, Z down         
 -unnamed-                              
  1.454163685219448E+01 -0.000000000000000E+00 -0.000000000000000E+00      | Alpha, pb/2V, p'b/2V
  0.000000000000000E+00  1.876288817804660E-25      | Beta, qc/2V
  0.000000000000000E+00 -0.000000000000000E+00 -0.000000000000000E+00      | Mach, rb/2V, r'b/2V
  6.122555275625285E-01 -3.496905267673547E-04  5.216778277379703E-04      | CXtot, Cltot, Cl'tot
 -1.051815711320987E-02 -9.740858214436418E-10      | CYtot, Cmtot
 -3.250397830152100E+00  3.425817312483411E-03  3.403874258410331E-03      | CZtot, Cntot, Cn'tot
  3.300000000133892E+00      | CLtot
  2.234790469029804E-01      | CDtot
  0.000000000000000E+00  2.234790469029804E-01      | CDvis, CDind
  3.346737068581128E+00  2.272759344492511E-01 -9.941751618465623E-03  9.668012715641956E-01      | Trefftz Plane: CLff, CDff, CYff, e
CONTROL
     5
  0.000000000000000E+00  inboard_slat    
  3.500000000000000E+01  inboard_flap    
  0.000000000000000E+00  outboard_slat   
  3.500000000000000E+01  outboard_flap   
 -2.875557496812263E+01  elevator        
DESIGN
     0

Stability-axis derivatives...
alpha, beta
  4.751079032755587E+00 -2.632871025659790E-03  | z' force CL  : CLa, CLb
  1.318055508903819E-02 -3.535830909590733E-01  | y force CY   : CYa, CYb
  3.587206717116882E-03 -1.382750681113420E-01  | x' mom.  Cl' : Cla, Clb
 -3.006006645280893E+00  1.001099644755447E-02  | y  mom.  Cm  : Cma, Cmb
 -5.281521454677043E-03  1.239651415854076E-01  | z' mom.  Cn' : Cna, Cnb
roll rate  p', pitch rate  q', yaw rate  r'
  1.266992413258137E-03  1.364788362661501E+01  1.714197918858393E-03  | z' force CL  : CLp, CLq, CLr
  2.745051544863200E-01  1.642834779633409E-01  1.890791340039653E-01  | y force CY   : CYp, CYq, CYr
 -5.366275809153291E-01  1.209327283446744E-03  7.147328146901512E-01  | x' mom.  Cl' : Clp, Clq, Clr
 -7.311945192999440E-03 -4.390380956425008E+01 -4.358148284619606E-03  | y  mom.  Cm  : Cmp, Cmq, Cmr
 -3.331848003600264E-01 -6.031540702540146E-02 -1.267964267913816E-01  | z' mom.  Cn' : Cnp, Cnq, Cnr
   5  | # control vars
inboard_slat    
inboard_flap    
outboard_slat   
outboard_flap   
elevator        
  8.743026223496757E-04  1.165405135555253E-02  2.179288996865116E-03  3.041649894965836E-02  5.523442113436459E-03  | z' force CL  : CLd*
 -5.663030958797983E-07 -2.299568020623052E-05  9.289372826766508E-08  6.697556353433074E-06  1.573081025711548E-05  | y force CY   : CYd*
 -1.796340770972994E-08 -7.377793706818670E-07  1.262118032151073E-08  7.478220795521909E-07  1.234080105077810E-06  | x' mom.  Cl' : Cld*
  6.143709724644623E-04  3.784811569247038E-03  6.689444655725030E-04 -9.044370993211657E-03 -3.293917237217334E-02  | y mom.  Cm   : Cmd*
  1.716934441770246E-07  6.950516974881412E-06 -1.060987618606562E-09 -1.898273374437177E-06 -5.392725507646268E-06  | z' mom.  Cn  : Cnd*
  6.322893089352235E-05  2.026346665880642E-03  1.373337526233628E-04  4.355024842516367E-03  2.318706311260246E-04  | Trefftz drag : CDffd*
 -4.053309023530636E-05 -1.518905619921846E-03  9.820066049756387E-06 -1.059461637644560E-04  2.283233451408889E-03  | span eff.    : ed*
   0  | # design vars
  8.188938080928164E+00  | Neutral point  Xnp
  1.978825934053008E-01  | Clb Cnr / Clr Cnb ( > 1 if spirally stable )
