TOT
VERSION 1.0
Vortex Lattice Output -- Total Forces
STARTG01                                                    
     5      | # surfaces
   118      | # strips
  1270      | # vortices
  8.261345400000000E+02  7.594870000000000E+00  1.157786900000000E+02      | Sref, Cref, Bref
  3.383665524389960E+00  0.000000000000000E+00  0.000000000000000E+00      | Xref, Yref, Zref
Standard axis orientation,  X fwd, Z down         
 -unnamed-                              
  1.404889021067079E+01 -0.000000000000000E+00 -0.000000000000000E+00      | Alpha, pb/2V, p'b/2V
  0.000000000000000E+00  2.713569594496231E-26      | Beta, qc/2V
  0.000000000000000E+00 -0.000000000000000E+00 -0.000000000000000E+00      | Mach, rb/2V, r'b/2V
  5.445111329372870E-01 -3.619230617339819E-04  5.275018451137348E-04      | CXtot, Cltot, Cl'tot
 -1.111657717663270E-02  2.393196272664627E-10      | CYtot, Cmtot
 -3.265494448203837E+00  3.619362670069346E-03  3.598960439280767E-03      | CZtot, Cntot, Cn'tot
  3.299999999969446E+00      | CLtot
  2.644737517115621E-01      | CDtot
  0.000000000000000E+00  2.644737517115621E-01      | CDvis, CDind
  3.356733292444205E+00  2.717124613266810E-01 -1.014675616748285E-02  8.135265449263273E-01      | Trefftz Plane: CLff, CDff, CYff, e
CONTROL
     5
  0.000000000000000E+00  inboard_slat    
  4.500000000000000E+01  inboard_flap    
  0.000000000000000E+00  outboard_slat   
  4.500000000000000E+01  outboard_flap   
 -2.922187155599264E+01  elevator        
DESIGN
     0
