DERMATS
VERSION 1.0
Vortex Lattice Output -- Total Forces
STARTG01                                                    
     5      | # surfaces
   126      | # strips
  1358      | # vortices
  8.261345400000000E+02  7.594870000000000E+00  1.157786900000000E+02      | Sref, Cref, Bref
  3.383665524389960E+00  0.000000000000000E+00  0.000000000000000E+00      | Xref, Yref, Zref
Standard axis orientation,  X fwd, Z down         
 -unnamed-                              
  1.246350486779265E+01 -0.000000000000000E+00 -0.000000000000000E+00      | Alpha, pb/2V, p'b/2V
  0.000000000000000E+00  1.754552040378108E-25      | Beta, qc/2V
  0.000000000000000E+00 -0.000000000000000E+00 -0.000000000000000E+00      | Mach, rb/2V, r'b/2V
  3.824399159448213E-01 -3.353576225346406E-04  3.613336986962112E-04      | CXtot, Cltot, Cl'tot
 -9.766008726170710E-03 -3.817756598269856E-09      | CYtot, Cmtot
 -2.168567875028670E+00  3.191527604061350E-03  3.188691132841841E-03      | CZtot, Cntot, Cn'tot
  2.200000000487454E+00      | CLtot
  9.458813757254901E-02      | CDtot
  0.000000000000000E+00  9.458813757254901E-02      | CDvis, CDind
  2.212600412083894E+00  9.465790456183588E-02 -9.736386713227534E-03  1.014614689564733E+00      | Trefftz Plane: CLff, CDff, CYff, e
CONTROL
     5
  0.000000000000000E+00  inboard_slat    
  1.000000000000000E+01  inboard_flap    
  0.000000000000000E+00  outboard_slat   
  1.000000000000000E+01  outboard_flap   
 -2.671307401238126E+01  elevator        
DESIGN
     0

Stability-axis derivatives...
alpha, beta
  5.684903461321772E+00 -2.612485645677211E-03  | z' force CL  : CLa, CLb
  1.131761344594851E-02 -3.376177410430263E-01  | y force CY   : CYa, CYb
  3.595548416957998E-03 -1.151297622840660E-01  | x' mom.  Cl' : Cla, Clb
 -2.705494201215046E+00  9.608503383934168E-03  | y  mom.  Cm  : Cma, Cmb
 -4.470903204248318E-03  1.100345073062669E-01  | z' mom.  Cn' : Cna, Cnb
roll rate  p', pitch rate  q', yaw rate  r'
  1.153907565878407E-03  1.341226876043866E+01  1.697686385343143E-03  | z' force CL  : CLp, CLq, CLr
  1.893533195771622E-01  1.525298647767134E-01  2.184180368790323E-01  | y force CY   : CYp, CYq, CYr
 -6.419059964770556E-01  3.483348194056497E-03  5.343602015589770E-01  | x' mom.  Cl' : Clp, Clq, Clr
 -6.951686197026160E-03 -3.593587252369831E+01 -4.501036586207366E-03  | y  mom.  Cm  : Cmp, Cmq, Cmr
 -2.292851854694935E-01 -5.587057853444717E-02 -1.021212221835870E-01  | z' mom.  Cn' : Cnp, Cnq, Cnr
   5  | # control vars
inboard_slat    
inboard_flap    
outboard_slat   
outboard_flap   
elevator        
  7.009036128027773E-04  1.250270758211162E-02  1.857550355185997E-03  3.381473041430697E-02  4.538254197007238E-03  | z' force CL  : CLd*
 -5.254803991210799E-07 -2.145307023565872E-05  9.729984936426539E-08  6.836088389420582E-06  1.324043887305035E-05  | y force CY   : CYd*
 -1.606931029182482E-08 -6.702991796646384E-07  1.393257664705126E-08  8.288869102721865E-07  9.990916461182482E-07  | x' mom.  Cl' : Cld*
  5.911173135584603E-04  2.607603077402339E-03  7.733500386969932E-04 -1.175884976946495E-02 -2.692819789056464E-02  | y mom.  Cm   : Cmd*
  1.588401980309951E-07  6.466693714235769E-06 -1.285089450690263E-10 -1.957240744734958E-06 -4.512162374002657E-06  | z' mom.  Cn  : Cnd*
  3.658456372377075E-05  1.164657716431877E-03  9.597942608938076E-05  3.015499587855868E-03 -6.882918758194825E-06  | Trefftz drag : CDffd*
 -1.314855655497679E-05 -6.268996842410581E-04 -9.461564139485665E-07 -3.232037450543596E-04  4.297519187526846E-03  | span eff.    : ed*
   0  | # design vars
  6.998129144358735E+00  | Neutral point  Xnp
  1.999588376503001E-01  | Clb Cnr / Clr Cnb ( > 1 if spirally stable )
