TOT
VERSION 1.0
Vortex Lattice Output -- Total Forces
STARTG01                                                    
     5      | # surfaces
   118      | # strips
  1270      | # vortices
  8.261345400000000E+02  7.594870000000000E+00  1.157786900000000E+02      | Sref, Cref, Bref
  3.383665524389960E+00  0.000000000000000E+00  0.000000000000000E+00      | Xref, Yref, Zref
Standard axis orientation,  X fwd, Z down         
 -unnamed-                              
  1.297573751558992E+01 -0.000000000000000E+00 -0.000000000000000E+00      | Alpha, pb/2V, p'b/2V
  0.000000000000000E+00  8.277222627269666E-25      | Beta, qc/2V
  0.000000000000000E+00 -0.000000000000000E+00 -0.000000000000000E+00      | Mach, rb/2V, r'b/2V
  3.959514180793413E-01 -3.369365441274652E-04  3.963152717912592E-04      | CXtot, Cltot, Cl'tot
 -9.893189006074764E-03 -2.900134849501482E-09      | CYtot, Cmtot
 -2.166412525916689E+00  3.227279310443803E-03  3.220526694149919E-03      | CZtot, Cntot, Cn'tot
  2.200000000377949E+00      | CLtot
  1.006019694876513E-01      | CDtot
  0.000000000000000E+00  1.006019694876513E-01      | CDvis, CDind
  2.215809814564765E+00  1.017960365810113E-01 -9.754951625152837E-03  9.462069987164212E-01      | Trefftz Plane: CLff, CDff, CYff, e
CONTROL
     5
  0.000000000000000E+00  inboard_slat    
  1.500000000000000E+01  inboard_flap    
  0.000000000000000E+00  outboard_slat   
  1.500000000000000E+01  outboard_flap   
 -2.387550832246752E+01  elevator        
DESIGN
     0
