TOT
VERSION 1.0
Vortex Lattice Output -- Total Forces
STARTG01                                                    
     5      | # surfaces
   118      | # strips
  1270      | # vortices
  8.261345400000000E+02  7.594870000000000E+00  1.157786900000000E+02      | Sref, Cref, Bref
  3.383665524389960E+00  0.000000000000000E+00  0.000000000000000E+00      | Xref, Yref, Zref
Standard axis orientation,  X fwd, Z down         
 -unnamed-                              
 -9.000000000000000E+00 -0.000000000000000E+00 -0.000000000000000E+00      | Alpha, pb/2V, p'b/2V
  0.000000000000000E+00 -5.855327566080981E-27      | Beta, qc/2V
  0.000000000000000E+00 -0.000000000000000E+00 -0.000000000000000E+00      | Mach, rb/2V, r'b/2V
  5.489169944502566E-02 -7.314257181120572E-04 -1.303519078804137E-03      | CXtot, Cltot, Cl'tot
 -1.112923612207561E-02  1.910127153019817E-10      | CYtot, Cmtot
  3.640404102836108E-01  3.714644498985495E-03  3.554490870174314E-03      | CZtot, Cntot, Cn'tot
 -3.681454223804244E-01      | CLtot
  2.732575298438366E-03      | CDtot
  0.000000000000000E+00  2.732575298438366E-03      | CDvis, CDind
 -3.686661153200489E-01  2.805319701820224E-03 -1.078977425176402E-02  9.512607306086419E-01      | Trefftz Plane: CLff, CDff, CYff, e
CONTROL
     5
  0.000000000000000E+00  inboard_slat    
  0.000000000000000E+00  inboard_flap    
  0.000000000000000E+00  outboard_slat   
  0.000000000000000E+00  outboard_flap   
  1.293734001263462E+01  elevator        
DESIGN
     0
