TOT
VERSION 1.0
Vortex Lattice Output -- Total Forces
STARTG01                                                    
     5      | # surfaces
   118      | # strips
  1270      | # vortices
  8.261345400000000E+02  7.594870000000000E+00  1.157786900000000E+02      | Sref, Cref, Bref
  3.383665524389960E+00  0.000000000000000E+00  0.000000000000000E+00      | Xref, Yref, Zref
Standard axis orientation,  X fwd, Z down         
 -unnamed-                              
  8.000000000000000E+00 -0.000000000000000E+00 -0.000000000000000E+00      | Alpha, pb/2V, p'b/2V
  0.000000000000000E+00 -4.375310183473942E-26      | Beta, qc/2V
  0.000000000000000E+00 -0.000000000000000E+00 -0.000000000000000E+00      | Mach, rb/2V, r'b/2V
  1.422424294199111E-01 -4.098306232362403E-04  4.626878132739642E-05      | CXtot, Cltot, Cl'tot
 -9.903806924373065E-03  1.166768071048097E-10      | CYtot, Cmtot
 -1.224881089796591E+00  3.248551322000303E-03  3.273974042549299E-03      | CZtot, Cntot, Cn'tot
  1.232756951221402E+00      | CLtot
  2.961236369957145E-02      | CDtot
  0.000000000000000E+00  2.961236369957145E-02      | CDvis, CDind
  1.233325929581720E+00  2.928601295283524E-02 -9.928687173909802E-03  1.018983763054158E+00      | Trefftz Plane: CLff, CDff, CYff, e
CONTROL
     5
  0.000000000000000E+00  inboard_slat    
  0.000000000000000E+00  inboard_flap    
  0.000000000000000E+00  outboard_slat   
  0.000000000000000E+00  outboard_flap   
 -1.404629659682826E+01  elevator        
DESIGN
     0
