TOT
VERSION 1.0
Vortex Lattice Output -- Total Forces
STARTG01                                                    
     5      | # surfaces
   118      | # strips
  1270      | # vortices
  8.261345400000000E+02  7.594870000000000E+00  1.157786900000000E+02      | Sref, Cref, Bref
  3.383665524389960E+00  0.000000000000000E+00  0.000000000000000E+00      | Xref, Yref, Zref
Standard axis orientation,  X fwd, Z down         
 -unnamed-                              
  1.100000000000000E+01 -0.000000000000000E+00 -0.000000000000000E+00      | Alpha, pb/2V, p'b/2V
  0.000000000000000E+00 -1.367228365066374E-27      | Beta, qc/2V
  0.000000000000000E+00 -0.000000000000000E+00 -0.000000000000000E+00      | Mach, rb/2V, r'b/2V
  2.440968493602794E-01 -3.518826096338840E-04  2.478751275565029E-04      | CXtot, Cltot, Cl'tot
 -9.507942185361480E-03  7.436833517711003E-10      | CYtot, Cmtot
 -1.486494735639018E+00  3.109353735576330E-03  3.119368517030984E-03      | CZtot, Cntot, Cn'tot
  1.505759515156124E+00      | CLtot
  4.402446441382377E-02      | CDtot
  0.000000000000000E+00  4.402446441382377E-02      | CDvis, CDind
  1.508928832980723E+00  4.365963579835907E-02 -9.682834733874549E-03  1.023101999929520E+00      | Trefftz Plane: CLff, CDff, CYff, e
CONTROL
     5
  0.000000000000000E+00  inboard_slat    
  0.000000000000000E+00  inboard_flap    
  0.000000000000000E+00  outboard_slat   
  0.000000000000000E+00  outboard_flap   
 -1.886833959268667E+01  elevator        
DESIGN
     0
