TOT
VERSION 1.0
Vortex Lattice Output -- Total Forces
STARTG01                                                    
     5      | # surfaces
   118      | # strips
  1270      | # vortices
  8.261345400000000E+02  7.594870000000000E+00  1.157786900000000E+02      | Sref, Cref, Bref
  3.383665524389960E+00  0.000000000000000E+00  0.000000000000000E+00      | Xref, Yref, Zref
Standard axis orientation,  X fwd, Z down         
 -unnamed-                              
 -6.000000000000000E+00 -0.000000000000000E+00 -0.000000000000000E+00      | Alpha, pb/2V, p'b/2V
  0.000000000000000E+00 -3.327406686016246E-28      | Beta, qc/2V
  0.000000000000000E+00 -0.000000000000000E+00 -0.000000000000000E+00      | Mach, rb/2V, r'b/2V
  8.444991591589030E-03 -6.783092507610461E-04 -1.058915994892478E-03      | CXtot, Cltot, Cl'tot
 -1.105068815895815E-02  1.578514396017444E-09      | CYtot, Cmtot
  8.407035499814038E-02  3.676726713141093E-03  3.585682595901956E-03      | CZtot, Cntot, Cn'tot
 -8.449255079041121E-02      | CLtot
  3.890159702854500E-04      | CDtot
  0.000000000000000E+00  3.890159702854500E-04      | CDvis, CDind
 -8.441091061472121E-02  3.924189373560462E-04 -1.070557645005437E-02  3.619269541105392E-01      | Trefftz Plane: CLff, CDff, CYff, e
CONTROL
     5
  0.000000000000000E+00  inboard_slat    
  0.000000000000000E+00  inboard_flap    
  0.000000000000000E+00  outboard_slat   
  0.000000000000000E+00  outboard_flap   
  8.099839956584562E+00  elevator        
DESIGN
     0
