TOT
VERSION 1.0
Vortex Lattice Output -- Total Forces
STARTG01                                                    
     5      | # surfaces
   118      | # strips
  1270      | # vortices
  8.261345400000000E+02  7.594870000000000E+00  1.157786900000000E+02      | Sref, Cref, Bref
  3.383665524389960E+00  0.000000000000000E+00  0.000000000000000E+00      | Xref, Yref, Zref
Standard axis orientation,  X fwd, Z down         
 -unnamed-                              
  6.000000000000000E+00 -0.000000000000000E+00 -0.000000000000000E+00      | Alpha, pb/2V, p'b/2V
  0.000000000000000E+00  9.846478676393131E-25      | Beta, qc/2V
  0.000000000000000E+00 -0.000000000000000E+00 -0.000000000000000E+00      | Mach, rb/2V, r'b/2V
  8.819452652602400E-02 -4.488576630100124E-04 -9.800776414786369E-05      | CXtot, Cltot, Cl'tot
 -1.014086045101206E-02 -2.365856225771540E-09      | CYtot, Cmtot
 -1.044532701055451E+00  3.332977437230131E-03  3.361637439834146E-03      | CZtot, Cntot, Cn'tot
  1.048029479954193E+00      | CLtot
  2.147201039236872E-02      | CDtot
  0.000000000000000E+00  2.147201039236872E-02      | CDvis, CDind
  1.047693507124727E+00  2.122814335848551E-02 -1.007743727161788E-02  1.014472587834850E+00      | Trefftz Plane: CLff, CDff, CYff, e
CONTROL
     5
  0.000000000000000E+00  inboard_slat    
  0.000000000000000E+00  inboard_flap    
  0.000000000000000E+00  outboard_slat   
  0.000000000000000E+00  outboard_flap   
 -1.086651082387204E+01  elevator        
DESIGN
     0
