TOT
VERSION 1.0
Vortex Lattice Output -- Total Forces
STARTG01                                                    
     5      | # surfaces
   118      | # strips
  1270      | # vortices
  8.261345400000000E+02  7.594870000000000E+00  1.157786900000000E+02      | Sref, Cref, Bref
  3.383665524389960E+00  0.000000000000000E+00  0.000000000000000E+00      | Xref, Yref, Zref
Standard axis orientation,  X fwd, Z down         
 -unnamed-                              
  1.400000000000000E+01 -0.000000000000000E+00 -0.000000000000000E+00      | Alpha, pb/2V, p'b/2V
  0.000000000000000E+00 -3.695682803547686E-25      | Beta, qc/2V
  0.000000000000000E+00 -0.000000000000000E+00 -0.000000000000000E+00      | Mach, rb/2V, r'b/2V
  3.698843769036388E-01 -2.952121785125981E-04  4.287892645982312E-04      | CXtot, Cltot, Cl'tot
 -9.067646124620797E-03  3.061529458550302E-09      | CYtot, Cmtot
 -1.734877401589934E+00  2.956459885454924E-03  2.940058681593210E-03      | CZtot, Cntot, Cn'tot
  1.772827257988749E+00      | CLtot
  6.080759949980217E-02      | CDtot
  0.000000000000000E+00  6.080759949980217E-02      | CDvis, CDind
  1.780445768857776E+00  6.063600087319047E-02 -9.410314903436750E-03  1.025611131459890E+00      | Trefftz Plane: CLff, CDff, CYff, e
CONTROL
     5
  0.000000000000000E+00  inboard_slat    
  0.000000000000000E+00  inboard_flap    
  0.000000000000000E+00  outboard_slat   
  0.000000000000000E+00  outboard_flap   
 -2.377870756964638E+01  elevator        
DESIGN
     0
