TOT
VERSION 1.0
Vortex Lattice Output -- Total Forces
STARTG01                                                    
     5      | # surfaces
   126      | # strips
  1358      | # vortices
  8.261345400000000E+02  7.594870000000000E+00  1.157786900000000E+02      | Sref, Cref, Bref
  3.383665524389960E+00  0.000000000000000E+00  0.000000000000000E+00      | Xref, Yref, Zref
Standard axis orientation,  X fwd, Z down         
 -unnamed-                              
 -1.300000000000000E+01 -0.000000000000000E+00 -0.000000000000000E+00      | Alpha, pb/2V, p'b/2V
  0.000000000000000E+00 -9.084154659632978E-26      | Beta, qc/2V
  0.000000000000000E+00 -0.000000000000000E+00 -0.000000000000000E+00      | Mach, rb/2V, r'b/2V
  1.573774312089371E-01 -8.224004990535706E-04 -1.644380247721527E-03      | CXtot, Cltot, Cl'tot
 -1.116568923948269E-02  2.336019702328662E-09      | CYtot, Cmtot
  7.270569636200077E-01  3.747738914308769E-03  3.466684749378161E-03      | CZtot, Cntot, Cn'tot
 -7.438247598253628E-01      | CLtot
  1.020837269158391E-02      | CDtot
  0.000000000000000E+00  1.020837269158391E-02      | CDvis, CDind
 -7.471206135257811E-01  1.072515096695614E-02 -1.087912059646054E-02  1.021206908718917E+00      | Trefftz Plane: CLff, CDff, CYff, e
CONTROL
     5
  0.000000000000000E+00  inboard_slat    
  0.000000000000000E+00  inboard_flap    
  0.000000000000000E+00  outboard_slat   
  0.000000000000000E+00  outboard_flap   
  1.955078974354427E+01  elevator        
DESIGN
     0
