TOT
VERSION 1.0
Vortex Lattice Output -- Total Forces
STARTG01                                                    
     5      | # surfaces
   126      | # strips
  1358      | # vortices
  8.261345400000000E+02  7.594870000000000E+00  1.157786900000000E+02      | Sref, Cref, Bref
  3.383665524389960E+00  0.000000000000000E+00  0.000000000000000E+00      | Xref, Yref, Zref
Standard axis orientation,  X fwd, Z down         
 -unnamed-                              
 -3.000000000000000E+00 -0.000000000000000E+00 -0.000000000000000E+00      | Alpha, pb/2V, p'b/2V
  0.000000000000000E+00  6.209534607963834E-26      | Beta, qc/2V
  0.000000000000000E+00 -0.000000000000000E+00 -0.000000000000000E+00      | Mach, rb/2V, r'b/2V
 -1.150442889870928E-02 -6.464705625666490E-04 -8.354050828984932E-04      | CXtot, Cltot, Cl'tot
 -1.092995440332955E-02  7.450268884896111E-11      | CYtot, Cmtot
 -1.998905835357613E-01  3.626961259461564E-03  3.588156980034126E-03      | CZtot, Cntot, Cn'tot
  2.002187357255805E-01      | CLtot
  1.027197645431013E-03      | CDtot
  0.000000000000000E+00  1.027197645431013E-03      | CDvis, CDind
  2.001371409284009E-01  1.026221970129540E-03 -1.061238311850696E-02  7.678512854895723E-01      | Trefftz Plane: CLff, CDff, CYff, e
CONTROL
     5
  0.000000000000000E+00  inboard_slat    
  0.000000000000000E+00  inboard_flap    
  0.000000000000000E+00  outboard_slat   
  0.000000000000000E+00  outboard_flap   
  3.831245880942451E+00  elevator        
DESIGN
     0
