TOT
VERSION 1.0
Vortex Lattice Output -- Total Forces
STARTG01                                                    
     5      | # surfaces
   118      | # strips
  1270      | # vortices
  8.261345400000000E+02  7.594870000000000E+00  1.157786900000000E+02      | Sref, Cref, Bref
  3.383665524389960E+00  0.000000000000000E+00  0.000000000000000E+00      | Xref, Yref, Zref
Standard axis orientation,  X fwd, Z down         
 -unnamed-                              
  1.000000000000000E+01 -0.000000000000000E+00 -0.000000000000000E+00      | Alpha, pb/2V, p'b/2V
  0.000000000000000E+00  4.765593551682704E-26      | Beta, qc/2V
  0.000000000000000E+00 -0.000000000000000E+00 -0.000000000000000E+00      | Mach, rb/2V, r'b/2V
  2.074258464435402E-01 -3.710879489570908E-04  1.828184180144700E-04      | CXtot, Cltot, Cl'tot
 -9.645059479377473E-03  4.264064880268176E-10      | CYtot, Cmtot
 -1.400621355437927E+00  3.157353647836318E-03  3.173825097481140E-03      | CZtot, Cntot, Cn'tot
  1.415361890105680E+00      | CLtot
  3.894076422046386E-02      | CDtot
  0.000000000000000E+00  3.894076422046386E-02      | CDvis, CDind
  1.417478089791411E+00  3.857089498227566E-02 -9.767783420241195E-03  1.021967911926806E+00      | Trefftz Plane: CLff, CDff, CYff, e
CONTROL
     5
  0.000000000000000E+00  inboard_slat    
  0.000000000000000E+00  inboard_flap    
  0.000000000000000E+00  outboard_slat   
  0.000000000000000E+00  outboard_flap   
 -1.725262302050205E+01  elevator        
DESIGN
     0
