TOT
VERSION 1.0
Vortex Lattice Output -- Total Forces
STARTG01                                                    
     5      | # surfaces
   118      | # strips
  1270      | # vortices
  8.261345400000000E+02  7.594870000000000E+00  1.157786900000000E+02      | Sref, Cref, Bref
  3.383665524389960E+00  0.000000000000000E+00  0.000000000000000E+00      | Xref, Yref, Zref
Standard axis orientation,  X fwd, Z down         
 -unnamed-                              
 -8.000000000000000E+00 -0.000000000000000E+00 -0.000000000000000E+00      | Alpha, pb/2V, p'b/2V
  0.000000000000000E+00  2.579893980173812E-26      | Beta, qc/2V
  0.000000000000000E+00 -0.000000000000000E+00 -0.000000000000000E+00      | Mach, rb/2V, r'b/2V
  3.649404296554444E-02 -7.140145795321723E-04 -1.222598238995039E-03      | CXtot, Cltot, Cl'tot
 -1.110994906577986E-02  9.075309221565769E-11      | CYtot, Cmtot
  2.713507698306262E-01  3.704253168982118E-03  3.568832008613574E-03      | CZtot, Cntot, Cn'tot
 -2.737889919177972E-01      | CLtot
  1.625842637167624E-03      | CDtot
  0.000000000000000E+00  1.625842637167624E-03      | CDvis, CDind
 -2.739949177769975E-01  1.660714447939649E-03 -1.076500169260434E-02  8.881852741428787E-01      | Trefftz Plane: CLff, CDff, CYff, e
CONTROL
     5
  0.000000000000000E+00  inboard_slat    
  0.000000000000000E+00  inboard_flap    
  0.000000000000000E+00  outboard_slat   
  0.000000000000000E+00  outboard_flap   
  1.131581740275481E+01  elevator        
DESIGN
     0
