TOT
VERSION 1.0
Vortex Lattice Output -- Total Forces
STARTG01                                                    
     5      | # surfaces
   126      | # strips
  1358      | # vortices
  8.261345400000000E+02  7.594870000000000E+00  1.157786900000000E+02      | Sref, Cref, Bref
  3.383665524389960E+00  0.000000000000000E+00  0.000000000000000E+00      | Xref, Yref, Zref
Standard axis orientation,  X fwd, Z down         
 -unnamed-                              
  5.000000000000000E+00 -0.000000000000000E+00 -0.000000000000000E+00      | Alpha, pb/2V, p'b/2V
  0.000000000000000E+00  1.114710752218174E-25      | Beta, qc/2V
  0.000000000000000E+00 -0.000000000000000E+00 -0.000000000000000E+00      | Mach, rb/2V, r'b/2V
  6.565761975391909E-02 -4.901721512855556E-04 -1.940879982784475E-04      | CXtot, Cltot, Cl'tot
 -1.026244626347670E-02 -7.088259693826052E-10      | CYtot, Cmtot
 -9.538902320900359E-01  3.375783289877976E-03  3.405658733202659E-03      | CZtot, Cntot, Cn'tot
  9.559828303862945E-01      | CLtot
  1.772923898936504E-02      | CDtot
  0.000000000000000E+00  1.772923898936504E-02      | CDvis, CDind
  9.553730228960162E-01  1.753154163420012E-02 -1.016510420297040E-02  1.021453610377817E+00      | Trefftz Plane: CLff, CDff, CYff, e
CONTROL
     5
  0.000000000000000E+00  inboard_slat    
  0.000000000000000E+00  inboard_flap    
  0.000000000000000E+00  outboard_slat   
  0.000000000000000E+00  outboard_flap   
 -8.418337837074933E+00  elevator        
DESIGN
     0
