TOT
VERSION 1.0
Vortex Lattice Output -- Total Forces
STARTG01                                                    
     5      | # surfaces
   118      | # strips
  1270      | # vortices
  8.261345400000000E+02  7.594870000000000E+00  1.157786900000000E+02      | Sref, Cref, Bref
  3.383665524389960E+00  0.000000000000000E+00  0.000000000000000E+00      | Xref, Yref, Zref
Standard axis orientation,  X fwd, Z down         
 -unnamed-                              
  1.300000000000000E+01 -0.000000000000000E+00 -0.000000000000000E+00      | Alpha, pb/2V, p'b/2V
  0.000000000000000E+00 -2.439416957110011E-27      | Beta, qc/2V
  0.000000000000000E+00 -0.000000000000000E+00 -0.000000000000000E+00      | Mach, rb/2V, r'b/2V
  3.253753747290158E-01 -3.139214817700963E-04  3.709672442396662E-04      | CXtot, Cltot, Cl'tot
 -9.219058863193384E-03  1.979471172695521E-09      | CYtot, Cmtot
 -1.653724692243231E+00  3.008845371912929E-03  3.002345828264927E-03      | CZtot, Cntot, Cn'tot
  1.684533369120803E+00      | CLtot
  5.497108816036714E-02      | CDtot
  0.000000000000000E+00  5.497108816036714E-02      | CDvis, CDind
  1.690440319966398E+00  5.469888210416816E-02 -9.504073243170279E-03  1.024893189924653E+00      | Trefftz Plane: CLff, CDff, CYff, e
CONTROL
     5
  0.000000000000000E+00  inboard_slat    
  0.000000000000000E+00  inboard_flap    
  0.000000000000000E+00  outboard_slat   
  0.000000000000000E+00  outboard_flap   
 -2.213026575305016E+01  elevator        
DESIGN
     0
