TOT
VERSION 1.0
Vortex Lattice Output -- Total Forces
STARTG01                                                    
     5      | # surfaces
   126      | # strips
  1358      | # vortices
  8.261345400000000E+02  7.594870000000000E+00  1.157786900000000E+02      | Sref, Cref, Bref
  3.383665524389960E+00  0.000000000000000E+00  0.000000000000000E+00      | Xref, Yref, Zref
Standard axis orientation,  X fwd, Z down         
 -unnamed-                              
  2.000000000000000E+00 -0.000000000000000E+00 -0.000000000000000E+00      | Alpha, pb/2V, p'b/2V
  0.000000000000000E+00 -2.390678267988302E-27      | Beta, qc/2V
  0.000000000000000E+00 -0.000000000000000E+00 -0.000000000000000E+00      | Mach, rb/2V, r'b/2V
  1.460198637891023E-02 -5.495309257879950E-04 -4.275735416371932E-04      | CXtot, Cltot, Cl'tot
 -1.055977540315322E-02 -5.953582245254996E-12      | CYtot, Cmtot
 -6.741691561403791E-01  3.484939218333334E-03  3.501994640253892E-03      | CZtot, Cntot, Cn'tot
  6.742680724813801E-01      | CLtot
  8.935072998308360E-03      | CDtot
  0.000000000000000E+00  8.935072998308360E-03      | CDvis, CDind
  6.735126151892504E-01  8.857499619182566E-03 -1.035667098935469E-02  1.004908803055497E+00      | Trefftz Plane: CLff, CDff, CYff, e
CONTROL
     5
  0.000000000000000E+00  inboard_slat    
  0.000000000000000E+00  inboard_flap    
  0.000000000000000E+00  outboard_slat   
  0.000000000000000E+00  outboard_flap   
 -3.822500281725751E+00  elevator        
DESIGN
     0
