TOT
VERSION 1.0
Vortex Lattice Output -- Total Forces
STARTG01                                                    
     5      | # surfaces
   118      | # strips
  1270      | # vortices
  8.261345400000000E+02  7.594870000000000E+00  1.157786900000000E+02      | Sref, Cref, Bref
  3.383665524389960E+00  0.000000000000000E+00  0.000000000000000E+00      | Xref, Yref, Zref
Standard axis orientation,  X fwd, Z down         
 -unnamed-                              
 -4.000000000000000E+00 -0.000000000000000E+00 -0.000000000000000E+00      | Alpha, pb/2V, p'b/2V
  0.000000000000000E+00  1.284054276350654E-25      | Beta, qc/2V
  0.000000000000000E+00 -0.000000000000000E+00 -0.000000000000000E+00      | Mach, rb/2V, r'b/2V
 -7.832292983832775E-03 -6.415730537134727E-04 -8.939465874527070E-04      | CXtot, Cltot, Cl'tot
 -1.096410500799107E-02  1.783103280913328E-10      | CYtot, Cmtot
 -1.049828172052220E-01  3.640326980750190E-03  3.586705453310974E-03      | CZtot, Cntot, Cn'tot
  1.052734374788110E-01      | CLtot
  4.899827798134536E-04      | CDtot
  0.000000000000000E+00  4.899827798134536E-04      | CDvis, CDind
  1.053019211418306E-01  4.900471494657600E-04 -1.063304176958644E-02  4.484191369147754E-01      | Trefftz Plane: CLff, CDff, CYff, e
CONTROL
     5
  0.000000000000000E+00  inboard_slat    
  0.000000000000000E+00  inboard_flap    
  0.000000000000000E+00  outboard_slat   
  0.000000000000000E+00  outboard_flap   
  4.912919447345914E+00  elevator        
DESIGN
     0
