TOT
VERSION 1.0
Vortex Lattice Output -- Total Forces
STARTG01                                                    
     5      | # surfaces
   118      | # strips
  1270      | # vortices
  8.261345400000000E+02  7.594870000000000E+00  1.157786900000000E+02      | Sref, Cref, Bref
  3.383665524389960E+00  0.000000000000000E+00  0.000000000000000E+00      | Xref, Yref, Zref
Standard axis orientation,  X fwd, Z down         
 -unnamed-                              
 -1.200000000000000E+01 -0.000000000000000E+00 -0.000000000000000E+00      | Alpha, pb/2V, p'b/2V
  0.000000000000000E+00  9.348576667622107E-27      | Beta, qc/2V
  0.000000000000000E+00 -0.000000000000000E+00 -0.000000000000000E+00      | Mach, rb/2V, r'b/2V
  1.272936950865531E-01 -7.816378615423844E-04 -1.540521726235026E-03      | CXtot, Cltot, Cl'tot
 -1.114545655517792E-02  1.177763877201719E-09      | CYtot, Cmtot
  6.369542175381359E-01  3.732183237376466E-03  3.488114429738263E-03      | CZtot, Cntot, Cn'tot
 -6.495010870380916E-01      | CLtot
  7.918205904404212E-03      | CDtot
  0.000000000000000E+00  7.918205904404212E-03      | CDvis, CDind
 -6.518488837733750E-01  8.262536842352829E-03 -1.084423986041742E-02  1.009123376972964E+00      | Trefftz Plane: CLff, CDff, CYff, e
CONTROL
     5
  0.000000000000000E+00  inboard_slat    
  0.000000000000000E+00  inboard_flap    
  0.000000000000000E+00  outboard_slat   
  0.000000000000000E+00  outboard_flap   
  1.786928101056395E+01  elevator        
DESIGN
     0
