TOT
VERSION 1.0
Vortex Lattice Output -- Total Forces
STARTG01                                                    
     5      | # surfaces
   118      | # strips
  1270      | # vortices
  8.261345400000000E+02  7.594870000000000E+00  1.157786900000000E+02      | Sref, Cref, Bref
  3.383665524389960E+00  0.000000000000000E+00  0.000000000000000E+00      | Xref, Yref, Zref
Standard axis orientation,  X fwd, Z down         
 -unnamed-                              
  7.000000000000000E+00 -0.000000000000000E+00 -0.000000000000000E+00      | Alpha, pb/2V, p'b/2V
  0.000000000000000E+00 -1.964403885165462E-24      | Beta, qc/2V
  0.000000000000000E+00 -0.000000000000000E+00 -0.000000000000000E+00      | Mach, rb/2V, r'b/2V
  1.138089219752706E-01 -4.293205187091018E-04 -2.497073300781317E-05      | CXtot, Cltot, Cl'tot
 -1.002512048761969E-02 -4.940399078766713E-09      | CYtot, Cmtot
 -1.135228441783124E+00  3.291637457370747E-03  3.319423100637196E-03      | CZtot, Cntot, Cn'tot
  1.140636439720388E+00      | CLtot
  2.538893728595569E-02      | CDtot
  0.000000000000000E+00  2.538893728595569E-02      | CDvis, CDind
  1.140680643444798E+00  2.510112125701940E-02 -1.000459313555339E-02  1.016979207944686E+00      | Trefftz Plane: CLff, CDff, CYff, e
CONTROL
     5
  0.000000000000000E+00  inboard_slat    
  0.000000000000000E+00  inboard_flap    
  0.000000000000000E+00  outboard_slat   
  0.000000000000000E+00  outboard_flap   
 -1.245359721413857E+01  elevator        
DESIGN
     0
