TOT
VERSION 1.0
Vortex Lattice Output -- Total Forces
STARTG01                                                    
     5      | # surfaces
   126      | # strips
  1358      | # vortices
  8.261345400000000E+02  7.594870000000000E+00  1.157786900000000E+02      | Sref, Cref, Bref
  3.383665524389960E+00  0.000000000000000E+00  0.000000000000000E+00      | Xref, Yref, Zref
Standard axis orientation,  X fwd, Z down         
 -unnamed-                              
  3.000000000000000E+00 -0.000000000000000E+00 -0.000000000000000E+00      | Alpha, pb/2V, p'b/2V
  0.000000000000000E+00  0.000000000000000E+00      | Beta, qc/2V
  0.000000000000000E+00 -0.000000000000000E+00 -0.000000000000000E+00      | Mach, rb/2V, r'b/2V
  2.869966523293667E-02 -5.297961311787403E-04 -3.484865047882892E-04      | CXtot, Cltot, Cl'tot
 -1.046671768917831E-02 -5.086826999119859E-11      | CYtot, Cmtot
 -7.680429140717319E-01  3.450468323674825E-03  3.473466963895837E-03      | CZtot, Cntot, Cn'tot
  7.684923623748189E-01      | CLtot
  1.153592700438166E-02      | CDtot
  0.000000000000000E+00  1.153592700438166E-02      | CDvis, CDind
  7.677040606489799E-01  1.142314446318115E-02 -1.029595790179387E-02  1.012333848445249E+00      | Trefftz Plane: CLff, CDff, CYff, e
CONTROL
     5
  0.000000000000000E+00  inboard_slat    
  0.000000000000000E+00  inboard_flap    
  0.000000000000000E+00  outboard_slat   
  0.000000000000000E+00  outboard_flap   
 -5.352259535971812E+00  elevator        
DESIGN
     0
