TOT
VERSION 1.0
Vortex Lattice Output -- Total Forces
STARTG01                                                    
     5      | # surfaces
   118      | # strips
  1270      | # vortices
  8.261345400000000E+02  7.594870000000000E+00  1.157786900000000E+02      | Sref, Cref, Bref
  3.383665524389960E+00  0.000000000000000E+00  0.000000000000000E+00      | Xref, Yref, Zref
Standard axis orientation,  X fwd, Z down         
 -unnamed-                              
 -1.500000000000000E+01 -0.000000000000000E+00 -0.000000000000000E+00      | Alpha, pb/2V, p'b/2V
  0.000000000000000E+00  0.000000000000000E+00      | Beta, qc/2V
  0.000000000000000E+00 -0.000000000000000E+00 -0.000000000000000E+00      | Mach, rb/2V, r'b/2V
  2.248481120417437E-01 -8.283911120567863E-04 -1.765337121769566E-03      | CXtot, Cltot, Cl'tot
 -1.109914671119546E-02  4.871726398919356E-09      | CYtot, Cmtot
  8.998193327921974E-01  3.729141153361726E-03  3.387670353315542E-03      | CZtot, Cntot, Cn'tot
 -9.273537061899301E-01      | CLtot
  1.570378206460562E-02      | CDtot
  0.000000000000000E+00  1.570378206460562E-02      | CDvis, CDind
 -9.331787307601180E-01  1.670319338952348E-02 -1.086881300801285E-02  1.022898893134809E+00      | Trefftz Plane: CLff, CDff, CYff, e
CONTROL
     5
  0.000000000000000E+00  inboard_slat    
  0.000000000000000E+00  inboard_flap    
  0.000000000000000E+00  outboard_slat   
  0.000000000000000E+00  outboard_flap   
  2.292691705527845E+01  elevator        
DESIGN
     0
