TOT
VERSION 1.0
Vortex Lattice Output -- Total Forces
STARTG01                                                    
     5      | # surfaces
   126      | # strips
  1358      | # vortices
  8.261345400000000E+02  7.594870000000000E+00  1.157786900000000E+02      | Sref, Cref, Bref
  3.383665524389960E+00  0.000000000000000E+00  0.000000000000000E+00      | Xref, Yref, Zref
Standard axis orientation,  X fwd, Z down         
 -unnamed-                              
 -7.000000000000000E+00 -0.000000000000000E+00 -0.000000000000000E+00      | Alpha, pb/2V, p'b/2V
  0.000000000000000E+00  1.229522289003246E-27      | Beta, qc/2V
  0.000000000000000E+00 -0.000000000000000E+00 -0.000000000000000E+00      | Mach, rb/2V, r'b/2V
  2.107190366702899E-02 -7.205260056458864E-04 -1.166340422894405E-03      | CXtot, Cltot, Cl'tot
 -1.110687364764433E-02  4.924022387314125E-09      | CYtot, Cmtot
  1.784821620132957E-01  3.702203492909195E-03  3.586797798265684E-03      | CZtot, Cntot, Cn'tot
 -1.797198021071169E-01      | CLtot
  8.366670016252111E-04      | CDtot
  0.000000000000000E+00  8.366670016252111E-04      | CDvis, CDind
 -1.797291536579495E-01  8.512398920654251E-04 -1.075862820672620E-02  7.471058517189791E-01      | Trefftz Plane: CLff, CDff, CYff, e
CONTROL
     5
  0.000000000000000E+00  inboard_slat    
  0.000000000000000E+00  inboard_flap    
  0.000000000000000E+00  outboard_slat   
  0.000000000000000E+00  outboard_flap   
  1.001726066494303E+01  elevator        
DESIGN
     0
