TOT
VERSION 1.0
Vortex Lattice Output -- Total Forces
STARTG01                                                    
     5      | # surfaces
   118      | # strips
  1270      | # vortices
  8.261345400000000E+02  7.594870000000000E+00  1.157786900000000E+02      | Sref, Cref, Bref
  3.383665524389960E+00  0.000000000000000E+00  0.000000000000000E+00      | Xref, Yref, Zref
Standard axis orientation,  X fwd, Z down         
 -unnamed-                              
  4.000000000000000E+00 -0.000000000000000E+00 -0.000000000000000E+00      | Alpha, pb/2V, p'b/2V
  0.000000000000000E+00 -2.476248818965673E-25      | Beta, qc/2V
  0.000000000000000E+00 -0.000000000000000E+00 -0.000000000000000E+00      | Mach, rb/2V, r'b/2V
  4.554339183459456E-02 -4.879779738725087E-04 -2.489044598536081E-04      | CXtot, Cltot, Cl'tot
 -1.035505974989526E-02 -3.491126924224167E-10      | CYtot, Cmtot
 -8.604553297585028E-01  3.410218599535621E-03  3.435951101146289E-03      | CZtot, Cntot, Cn'tot
  8.615362502382732E-01      | CLtot
  1.458987919720333E-02      | CDtot
  0.000000000000000E+00  1.458987919720333E-02      | CDvis, CDind
  8.608072122217172E-01  1.443629159080801E-02 -1.021385190905471E-02  1.007072953705200E+00      | Trefftz Plane: CLff, CDff, CYff, e
CONTROL
     5
  0.000000000000000E+00  inboard_slat    
  0.000000000000000E+00  inboard_flap    
  0.000000000000000E+00  outboard_slat   
  0.000000000000000E+00  outboard_flap   
 -7.705170304544333E+00  elevator        
DESIGN
     0
