TOT
VERSION 1.0
Vortex Lattice Output -- Total Forces
STARTG01                                                    
     5      | # surfaces
   118      | # strips
  1270      | # vortices
  8.261345400000000E+02  7.594870000000000E+00  1.157786900000000E+02      | Sref, Cref, Bref
  3.383665524389960E+00  0.000000000000000E+00  0.000000000000000E+00      | Xref, Yref, Zref
Standard axis orientation,  X fwd, Z down         
 -unnamed-                              
  1.200000000000000E+01 -0.000000000000000E+00 -0.000000000000000E+00      | Alpha, pb/2V, p'b/2V
  0.000000000000000E+00  3.097138469297806E-26      | Beta, qc/2V
  0.000000000000000E+00 -0.000000000000000E+00 -0.000000000000000E+00      | Mach, rb/2V, r'b/2V
  2.834292480561227E-01 -3.328193394260180E-04  3.106281526902785E-04      | CXtot, Cltot, Cl'tot
 -9.365884066308955E-03  1.237502078891770E-09      | CYtot, Cmtot
 -1.570896812078986E+00  3.059830779719231E-03  3.062163167430728E-03      | CZtot, Cntot, Cn'tot
  1.595497201925999E+00      | CLtot
  4.937217333568679E-02      | CDtot
  0.000000000000000E+00  4.937217333568679E-02      | CDvis, CDind
  1.599925484165251E+00  4.903780519458249E-02 -9.594922411017542E-03  1.024065539147140E+00      | Trefftz Plane: CLff, CDff, CYff, e
CONTROL
     5
  0.000000000000000E+00  inboard_slat    
  0.000000000000000E+00  inboard_flap    
  0.000000000000000E+00  outboard_slat   
  0.000000000000000E+00  outboard_flap   
 -2.049385319599018E+01  elevator        
DESIGN
     0
