TOT
VERSION 1.0
Vortex Lattice Output -- Total Forces
STARTG01                                                    
     5      | # surfaces
   118      | # strips
  1270      | # vortices
  8.261345400000000E+02  7.594870000000000E+00  1.157786900000000E+02      | Sref, Cref, Bref
  3.383665524389960E+00  0.000000000000000E+00  0.000000000000000E+00      | Xref, Yref, Zref
Standard axis orientation,  X fwd, Z down         
 -unnamed-                              
  5.788828700882631E-25 -0.000000000000000E+00 -0.000000000000000E+00      | Alpha, pb/2V, p'b/2V
  0.000000000000000E+00 -1.593227567556471E-27      | Beta, qc/2V
  0.000000000000000E+00 -0.000000000000000E+00 -0.000000000000000E+00      | Mach, rb/2V, r'b/2V
 -4.802363284610934E-03 -5.657326076873493E-04 -5.657326076873493E-04      | CXtot, Cltot, Cl'tot
 -1.071081575200171E-02  3.381171211069844E-13      | CYtot, Cmtot
 -4.847167187992392E-01  3.541669163245639E-03  3.541669163245639E-03      | CZtot, Cntot, Cn'tot
  4.847167187992392E-01      | CLtot
  4.802363284610934E-03      | CDtot
  0.000000000000000E+00  4.802363284610934E-03      | CDvis, CDind
  4.841863737517185E-01  4.775651390614320E-03 -1.044902178718002E-02  9.634703785552009E-01      | Trefftz Plane: CLff, CDff, CYff, e
CONTROL
     5
  0.000000000000000E+00  inboard_slat    
  0.000000000000000E+00  inboard_flap    
  0.000000000000000E+00  outboard_slat   
  0.000000000000000E+00  outboard_flap   
 -1.406277035104897E+00  elevator        
DESIGN
     0
