TOT
VERSION 1.0
Vortex Lattice Output -- Total Forces
STARTG01                                                    
     5      | # surfaces
   118      | # strips
  1270      | # vortices
  8.261345400000000E+02  7.594870000000000E+00  1.157786900000000E+02      | Sref, Cref, Bref
  3.383665524389960E+00  0.000000000000000E+00  0.000000000000000E+00      | Xref, Yref, Zref
Standard axis orientation,  X fwd, Z down         
 -unnamed-                              
 -1.000000000000000E+00 -0.000000000000000E+00 -0.000000000000000E+00      | Alpha, pb/2V, p'b/2V
  0.000000000000000E+00  0.000000000000000E+00      | Beta, qc/2V
  0.000000000000000E+00 -0.000000000000000E+00 -0.000000000000000E+00      | Mach, rb/2V, r'b/2V
 -1.001311571215330E-02 -5.849310236184524E-04 -6.471382114883327E-04      | CXtot, Cltot, Cl'tot
 -1.078397370461907E-02  1.129504150799987E-11      | CYtot, Cmtot
 -3.898691394608099E-01  3.569494895836898E-03  3.558742790513060E-03      | CZtot, Cntot, Cn'tot
  3.899845134676084E-01      | CLtot
  3.207435986906703E-03      | CDtot
  0.000000000000000E+00  3.207435986906703E-03      | CDvis, CDind
  3.896053111056190E-01  3.195358017274006E-03 -1.049986185667550E-02  9.325866011992159E-01      | Trefftz Plane: CLff, CDff, CYff, e
CONTROL
     5
  0.000000000000000E+00  inboard_slat    
  0.000000000000000E+00  inboard_flap    
  0.000000000000000E+00  outboard_slat   
  0.000000000000000E+00  outboard_flap   
  1.691762785899860E-01  elevator        
DESIGN
     0
