TOT
VERSION 1.0
Vortex Lattice Output -- Total Forces
STARTG01                                                    
     5      | # surfaces
   118      | # strips
  1270      | # vortices
  8.261345400000000E+02  7.594870000000000E+00  1.157786900000000E+02      | Sref, Cref, Bref
  3.383665524389960E+00  0.000000000000000E+00  0.000000000000000E+00      | Xref, Yref, Zref
Standard axis orientation,  X fwd, Z down         
 -unnamed-                              
 -5.000000000000000E+00 -0.000000000000000E+00 -0.000000000000000E+00      | Alpha, pb/2V, p'b/2V
  0.000000000000000E+00  1.718941711963580E-28      | Beta, qc/2V
  0.000000000000000E+00 -0.000000000000000E+00 -0.000000000000000E+00      | Mach, rb/2V, r'b/2V
 -1.171584519636172E-03 -6.600588599886901E-04 -9.765045389005873E-04      | CXtot, Cltot, Cl'tot
 -1.101078818948116E-02  5.961431291104033E-10      | CYtot, Cmtot
 -1.029209021636950E-02  3.659625769868649E-03  3.588171868743584E-03      | CZtot, Cntot, Cn'tot
  1.035503602482978E-02      | CLtot
  2.701115195943288E-04      | CDtot
  0.000000000000000E+00  2.701115195943288E-04      | CDvis, CDind
  1.044390398221331E-02  2.703480978936058E-04 -1.067094249601727E-02  1.617768578433445E-02      | Trefftz Plane: CLff, CDff, CYff, e
CONTROL
     5
  0.000000000000000E+00  inboard_slat    
  0.000000000000000E+00  inboard_flap    
  0.000000000000000E+00  outboard_slat   
  0.000000000000000E+00  outboard_flap   
  6.503265182036213E+00  elevator        
DESIGN
     0
