TOT
VERSION 1.0
Vortex Lattice Output -- Total Forces
STARTG01                                                    
     5      | # surfaces
   126      | # strips
  1358      | # vortices
  8.261345400000000E+02  7.594870000000000E+00  1.157786900000000E+02      | Sref, Cref, Bref
  3.383665524389960E+00  0.000000000000000E+00  0.000000000000000E+00      | Xref, Yref, Zref
Standard axis orientation,  X fwd, Z down         
 -unnamed-                              
 -1.400000000000000E+01 -0.000000000000000E+00 -0.000000000000000E+00      | Alpha, pb/2V, p'b/2V
  0.000000000000000E+00  0.000000000000000E+00      | Beta, qc/2V
  0.000000000000000E+00 -0.000000000000000E+00 -0.000000000000000E+00      | Mach, rb/2V, r'b/2V
  1.899710730104195E-01 -8.380340273394250E-04 -1.719700597933840E-03      | CXtot, Cltot, Cl'tot
 -1.115114841637947E-02  3.692053310213467E-09      | CYtot, Cmtot
  8.148314945628782E-01  3.747324153877783E-03  3.433273831007450E-03      | CZtot, Cntot, Cn'tot
 -8.365856789012271E-01      | CLtot
  1.279745950088648E-02      | CDtot
  0.000000000000000E+00  1.279745950088648E-02      | CDvis, CDind
 -8.410331705163646E-01  1.353101166377037E-02 -1.088757493949019E-02  1.025681213791486E+00      | Trefftz Plane: CLff, CDff, CYff, e
CONTROL
     5
  0.000000000000000E+00  inboard_slat    
  0.000000000000000E+00  inboard_flap    
  0.000000000000000E+00  outboard_slat   
  0.000000000000000E+00  outboard_flap   
  2.118323456680832E+01  elevator        
DESIGN
     0
