TOT
VERSION 1.0
Vortex Lattice Output -- Total Forces
STARTG01                                                    
     5      | # surfaces
   118      | # strips
  1270      | # vortices
  8.261345400000000E+02  7.594870000000000E+00  1.157786900000000E+02      | Sref, Cref, Bref
  3.383665524389960E+00  0.000000000000000E+00  0.000000000000000E+00      | Xref, Yref, Zref
Standard axis orientation,  X fwd, Z down         
 -unnamed-                              
 -2.000000000000000E+00 -0.000000000000000E+00 -0.000000000000000E+00      | Alpha, pb/2V, p'b/2V
  0.000000000000000E+00 -1.495518462890745E-26      | Beta, qc/2V
  0.000000000000000E+00 -0.000000000000000E+00 -0.000000000000000E+00      | Mach, rb/2V, r'b/2V
 -1.225604821080528E-02 -6.039861021888777E-04 -7.290900195747774E-04      | CXtot, Cltot, Cl'tot
 -1.085062786910287E-02  1.168067115904156E-09      | CYtot, Cmtot
 -2.948870980062125E-01  3.595233778577764E-03  3.571964848318123E-03      | CZtot, Cntot, Cn'tot
  2.951351906678085E-01      | CLtot
  1.957170852904702E-03      | CDtot
  0.000000000000000E+00  1.957170852904702E-03      | CDvis, CDind
  2.949115931597271E-01  1.953409033669123E-03 -1.054748818993314E-02  8.745593900788138E-01      | Trefftz Plane: CLff, CDff, CYff, e
CONTROL
     5
  0.000000000000000E+00  inboard_slat    
  0.000000000000000E+00  inboard_flap    
  0.000000000000000E+00  outboard_slat   
  0.000000000000000E+00  outboard_flap   
  1.746870659274768E+00  elevator        
DESIGN
     0
