TOT
VERSION 1.0
Vortex Lattice Output -- Total Forces
STARTG01                                                    
     5      | # surfaces
   118      | # strips
  1270      | # vortices
  8.261345400000000E+02  7.594870000000000E+00  1.157786900000000E+02      | Sref, Cref, Bref
  3.383665524389960E+00  0.000000000000000E+00  0.000000000000000E+00      | Xref, Yref, Zref
Standard axis orientation,  X fwd, Z down         
 -unnamed-                              
 -1.000000000000000E+01 -0.000000000000000E+00 -0.000000000000000E+00      | Alpha, pb/2V, p'b/2V
  0.000000000000000E+00  0.000000000000000E+00      | Beta, qc/2V
  0.000000000000000E+00 -0.000000000000000E+00 -0.000000000000000E+00      | Mach, rb/2V, r'b/2V
  7.617562701699583E-02 -7.485138946460879E-04 -1.383594453376142E-03      | CXtot, Cltot, Cl'tot
 -1.114159228505918E-02  3.716351723971958E-10      | CYtot, Cmtot
  4.559453875041660E-01  3.722769656306171E-03  3.536234346445241E-03      | CZtot, Cntot, Cn'tot
 -4.622463113783953E-01      | CLtot
  4.155737578837105E-03      | CDtot
  0.000000000000000E+00  4.155737578837105E-03      | CDvis, CDind
 -4.632181358986333E-01  4.288457843392907E-03 -1.081124258036329E-02  9.820873491473694E-01      | Trefftz Plane: CLff, CDff, CYff, e
CONTROL
     5
  0.000000000000000E+00  inboard_slat    
  0.000000000000000E+00  inboard_flap    
  0.000000000000000E+00  outboard_slat   
  0.000000000000000E+00  outboard_flap   
  1.456933758121868E+01  elevator        
DESIGN
     0
