TOT
VERSION 1.0
Vortex Lattice Output -- Total Forces
STARTG01                                                    
     5      | # surfaces
   118      | # strips
  1270      | # vortices
  8.261345400000000E+02  7.594870000000000E+00  1.157786900000000E+02      | Sref, Cref, Bref
  3.383665524389960E+00  0.000000000000000E+00  0.000000000000000E+00      | Xref, Yref, Zref
Standard axis orientation,  X fwd, Z down         
 -unnamed-                              
 -1.100000000000000E+01 -0.000000000000000E+00 -0.000000000000000E+00      | Alpha, pb/2V, p'b/2V
  0.000000000000000E+00 -2.457327342806304E-26      | Beta, qc/2V
  0.000000000000000E+00 -0.000000000000000E+00 -0.000000000000000E+00      | Mach, rb/2V, r'b/2V
  1.003195492988888E-01 -7.652581305388601E-04 -1.462652113620041E-03      | CXtot, Cltot, Cl'tot
 -1.114700160145373E-02  6.788864265671810E-10      | CYtot, Cmtot
  5.469536453165650E-01  3.728618396238411E-03  3.514095039358804E-03      | CZtot, Cntot, Cn'tot
 -5.560464387468810E-01      | CLtot
  5.887278957385455E-03      | CDtot
  0.000000000000000E+00  5.887278957385455E-03      | CDvis, CDind
 -5.576220303637898E-01  6.108282680511291E-03 -1.082939976185106E-02  9.990060839458899E-01      | Trefftz Plane: CLff, CDff, CYff, e
CONTROL
     5
  0.000000000000000E+00  inboard_slat    
  0.000000000000000E+00  inboard_flap    
  0.000000000000000E+00  outboard_slat   
  0.000000000000000E+00  outboard_flap   
  1.621293321755877E+01  elevator        
DESIGN
     0
