TOT
VERSION 1.0
Vortex Lattice Output -- Total Forces
STARTG01                                                    
     5      | # surfaces
   118      | # strips
  1270      | # vortices
  8.261345400000000E+02  7.594870000000000E+00  1.157786900000000E+02      | Sref, Cref, Bref
  3.383665524389960E+00  0.000000000000000E+00  0.000000000000000E+00      | Xref, Yref, Zref
Standard axis orientation,  X fwd, Z down         
 -unnamed-                              
  1.000000000000000E+00 -0.000000000000000E+00 -0.000000000000000E+00      | Alpha, pb/2V, p'b/2V
  0.000000000000000E+00  0.000000000000000E+00      | Beta, qc/2V
  0.000000000000000E+00 -0.000000000000000E+00 -0.000000000000000E+00      | Mach, rb/2V, r'b/2V
  3.370142165863899E-03 -5.464143751815842E-04 -4.850419538709306E-04      | CXtot, Cltot, Cl'tot
 -1.063124387917273E-02  4.415637780549528E-10      | CYtot, Cmtot
 -5.793142103515587E-01  3.511790765069747E-03  3.520792148085330E-03      | CZtot, Cntot, Cn'tot
  5.792847950821808E-01      | CLtot
  6.740798177060969E-03      | CDtot
  0.000000000000000E+00  6.740798177060969E-03      | CDvis, CDind
  5.786258983539084E-01  6.692397141307893E-03 -1.039498365277556E-02  9.817430082947514E-01      | Trefftz Plane: CLff, CDff, CYff, e
CONTROL
     5
  0.000000000000000E+00  inboard_slat    
  0.000000000000000E+00  inboard_flap    
  0.000000000000000E+00  outboard_slat   
  0.000000000000000E+00  outboard_flap   
 -2.980465573663994E+00  elevator        
DESIGN
     0
