TOT
VERSION 1.0
Vortex Lattice Output -- Total Forces
STARTG01                                                    
     5      | # surfaces
   118      | # strips
  1270      | # vortices
  8.261345400000000E+02  7.594870000000000E+00  1.157786900000000E+02      | Sref, Cref, Bref
  3.383665524389960E+00  0.000000000000000E+00  0.000000000000000E+00      | Xref, Yref, Zref
Standard axis orientation,  X fwd, Z down         
 -unnamed-                              
  9.000000000000000E+00 -0.000000000000000E+00 -0.000000000000000E+00      | Alpha, pb/2V, p'b/2V
  0.000000000000000E+00 -2.148376590961829E-31      | Beta, qc/2V
  0.000000000000000E+00 -0.000000000000000E+00 -0.000000000000000E+00      | Mach, rb/2V, r'b/2V
  1.734606640483522E-01 -3.904118406644586E-04  1.155751014619266E-04      | CXtot, Cltot, Cl'tot
 -9.777068225872940E-03  2.309920634760085E-10      | CYtot, Cmtot
 -1.313381356680680E+00  3.203771780007740E-03  3.225401900481092E-03      | CZtot, Cntot, Cn'tot
  1.324346678934459E+00      | CLtot
  3.413303449370717E-02      | CDtot
  0.000000000000000E+00  3.413303449370717E-02      | CDvis, CDind
  1.325601121400511E+00  3.377775124282179E-02 -9.849742568338333E-03  1.020616568557076E+00      | Trefftz Plane: CLff, CDff, CYff, e
CONTROL
     5
  0.000000000000000E+00  inboard_slat    
  0.000000000000000E+00  inboard_flap    
  0.000000000000000E+00  outboard_slat   
  0.000000000000000E+00  outboard_flap   
 -1.564562681678833E+01  elevator        
DESIGN
     0
