TOT
VERSION 1.0
Vortex Lattice Output -- Total Forces
STARTG01                                                    
     5      | # surfaces
   118      | # strips
  1270      | # vortices
  8.261345400000000E+02  7.594870000000000E+00  1.157786900000000E+02      | Sref, Cref, Bref
  3.383665524389960E+00  0.000000000000000E+00  0.000000000000000E+00      | Xref, Yref, Zref
Standard axis orientation,  X fwd, Z down         
 -unnamed-                              
  1.500000000000000E+01 -0.000000000000000E+00 -0.000000000000000E+00      | Alpha, pb/2V, p'b/2V
  0.000000000000000E+00 -3.884146241541021E-25      | Beta, qc/2V
  0.000000000000000E+00 -0.000000000000000E+00 -0.000000000000000E+00      | Mach, rb/2V, r'b/2V
  4.169022796966483E-01 -2.767143418596824E-04  4.839984514638602E-04      | CXtot, Cltot, Cl'tot
 -8.911830988895987E-03  4.599777136764759E-09      | CYtot, Cmtot
 -1.814256006495916E+00  2.902738399614753E-03  2.875448928875183E-03      | CZtot, Cntot, Cn'tot
  1.860338982106623E+00      | CLtot
  6.686732817500426E-02      | CDtot
  0.000000000000000E+00  6.686732817500426E-02      | CDvis, CDind
  1.869914419563696E+00  6.684195966392927E-02 -9.313675938095498E-03  1.026239450961901E+00      | Trefftz Plane: CLff, CDff, CYff, e
CONTROL
     5
  0.000000000000000E+00  inboard_slat    
  0.000000000000000E+00  inboard_flap    
  0.000000000000000E+00  outboard_slat   
  0.000000000000000E+00  outboard_flap   
 -2.544034061848043E+01  elevator        
DESIGN
     0
