TOT
VERSION 1.0
Vortex Lattice Output -- Total Forces
STARTG01                                                    
     5      | # surfaces
   118      | # strips
  1270      | # vortices
  8.261345400000000E+02  7.594870000000000E+00  1.157786900000000E+02      | Sref, Cref, Bref
  3.383665524389960E+00  0.000000000000000E+00  0.000000000000000E+00      | Xref, Yref, Zref
Standard axis orientation,  X fwd, Z down         
 -unnamed-                              
  1.000000000000000E+01 -0.000000000000000E+00 -0.000000000000000E+00      | Alpha, pb/2V, p'b/2V
  0.000000000000000E+00 -5.755580827738346E-26      | Beta, qc/2V
  0.000000000000000E+00 -0.000000000000000E+00 -0.000000000000000E+00      | Mach, rb/2V, r'b/2V
  2.707085201974074E-01 -4.048168383674675E-04  2.026154697942631E-04      | CXtot, Cltot, Cl'tot
 -1.058581686201506E-02  4.800720238007372E-10      | CYtot, Cmtot
 -2.105342058831553E+00  3.462646362588022E-03  3.480336690087605E-03      | CZtot, Cntot, Cn'tot
  2.120365223491189E+00      | CLtot
  9.899296238477369E-02      | CDtot
  0.000000000000000E+00  9.899296238477369E-02      | CDvis, CDind
  2.132392015074970E+00  9.992622954991910E-02 -1.010587445307093E-02  8.927050535631887E-01      | Trefftz Plane: CLff, CDff, CYff, e
CONTROL
     5
  0.000000000000000E+00  inboard_slat    
  2.000000000000000E+01  inboard_flap    
  0.000000000000000E+00  outboard_slat   
  2.000000000000000E+01  outboard_flap   
 -1.972926793974910E+01  elevator        
DESIGN
     0
