TOT
VERSION 1.0
Vortex Lattice Output -- Total Forces
STARTG01                                                    
     5      | # surfaces
   118      | # strips
  1270      | # vortices
  8.261345400000000E+02  7.594870000000000E+00  1.157786900000000E+02      | Sref, Cref, Bref
  3.383665524389960E+00  0.000000000000000E+00  0.000000000000000E+00      | Xref, Yref, Zref
Standard axis orientation,  X fwd, Z down         
 -unnamed-                              
  1.300000000000000E+01 -0.000000000000000E+00 -0.000000000000000E+00      | Alpha, pb/2V, p'b/2V
  0.000000000000000E+00 -1.865367704995915E-25      | Beta, qc/2V
  0.000000000000000E+00 -0.000000000000000E+00 -0.000000000000000E+00      | Mach, rb/2V, r'b/2V
  4.163017594405648E-01 -3.441787261135920E-04  4.070341224894699E-04      | CXtot, Cltot, Cl'tot
 -1.011872926113836E-02  2.189220516240348E-09      | CYtot, Cmtot
 -2.339766572968940E+00  3.300236010521803E-03  3.293074542700676E-03      | CZtot, Cntot, Cn'tot
  2.373446026997435E+00      | CLtot
  1.207009851915842E-01      | CDtot
  0.000000000000000E+00  1.207009851915842E-01      | CDvis, CDind
  2.393723927947428E+00  1.225409644038724E-01 -9.835606159795290E-03  9.173135423388467E-01      | Trefftz Plane: CLff, CDff, CYff, e
CONTROL
     5
  0.000000000000000E+00  inboard_slat    
  2.000000000000000E+01  inboard_flap    
  0.000000000000000E+00  outboard_slat   
  2.000000000000000E+01  outboard_flap   
 -2.451562350961343E+01  elevator        
DESIGN
     0
