TOT
VERSION 1.0
Vortex Lattice Output -- Total Forces
STARTG01                                                    
     5      | # surfaces
   118      | # strips
  1270      | # vortices
  8.261345400000000E+02  7.594870000000000E+00  1.157786900000000E+02      | Sref, Cref, Bref
  3.383665524389960E+00  0.000000000000000E+00  0.000000000000000E+00      | Xref, Yref, Zref
Standard axis orientation,  X fwd, Z down         
 -unnamed-                              
 -6.000000000000000E+00 -0.000000000000000E+00 -0.000000000000000E+00      | Alpha, pb/2V, p'b/2V
  0.000000000000000E+00 -5.649782583566527E-26      | Beta, qc/2V
  0.000000000000000E+00 -0.000000000000000E+00 -0.000000000000000E+00      | Mach, rb/2V, r'b/2V
 -8.830365288109349E-02 -7.283363485220748E-04 -1.145584335433879E-03      | CXtot, Cltot, Cl'tot
 -1.212889941591143E-02 -5.465272227833662E-10      | CYtot, Cmtot
 -6.549180296033964E-01  4.029886946271126E-03  3.931678924672436E-03      | CZtot, Cntot, Cn'tot
  6.605605652486057E-01      | CLtot
  1.936234103052457E-02      | CDtot
  0.000000000000000E+00  1.936234103052457E-02      | CDvis, CDind
  6.586879850150718E-01  1.952419722065757E-02 -1.106321523379167E-02  4.360662139469627E-01      | Trefftz Plane: CLff, CDff, CYff, e
CONTROL
     5
  0.000000000000000E+00  inboard_slat    
  2.000000000000000E+01  inboard_flap    
  0.000000000000000E+00  outboard_slat   
  2.000000000000000E+01  outboard_flap   
  5.106494861510446E+00  elevator        
DESIGN
     0
