TOT
VERSION 1.0
Vortex Lattice Output -- Total Forces
STARTG01                                                    
     5      | # surfaces
   126      | # strips
  1358      | # vortices
  8.261345400000000E+02  7.594870000000000E+00  1.157786900000000E+02      | Sref, Cref, Bref
  3.383665524389960E+00  0.000000000000000E+00  0.000000000000000E+00      | Xref, Yref, Zref
Standard axis orientation,  X fwd, Z down         
 -unnamed-                              
 -5.000000000000000E+00 -0.000000000000000E+00 -0.000000000000000E+00      | Alpha, pb/2V, p'b/2V
  0.000000000000000E+00 -7.843293582828635E-26      | Beta, qc/2V
  0.000000000000000E+00 -0.000000000000000E+00 -0.000000000000000E+00      | Mach, rb/2V, r'b/2V
 -7.415621500257975E-02 -7.180339060088406E-04 -1.057724934613094E-03      | CXtot, Cltot, Cl'tot
 -1.181765769790202E-02 -1.495348967263735E-10      | CYtot, Cmtot
 -7.004251181997770E-01  3.928867491708466E-03  3.851336186348786E-03      | CZtot, Cntot, Cn'tot
  7.042229291588070E-01      | CLtot
  1.282795680030367E-02      | CDtot
  0.000000000000000E+00  1.282795680030367E-02      | CDvis, CDind
  7.031189391641123E-01  1.286663078371834E-02 -1.095843024500038E-02  7.539488418720736E-01      | Trefftz Plane: CLff, CDff, CYff, e
CONTROL
     5
  0.000000000000000E+00  inboard_slat    
  1.500000000000000E+01  inboard_flap    
  0.000000000000000E+00  outboard_slat   
  1.500000000000000E+01  outboard_flap   
  4.127557249482553E+00  elevator        
DESIGN
     0
