TOT
VERSION 1.0
Vortex Lattice Output -- Total Forces
STARTG01                                                    
     5      | # surfaces
   126      | # strips
  1358      | # vortices
  8.261345400000000E+02  7.594870000000000E+00  1.157786900000000E+02      | Sref, Cref, Bref
  3.383665524389960E+00  0.000000000000000E+00  0.000000000000000E+00      | Xref, Yref, Zref
Standard axis orientation,  X fwd, Z down         
 -unnamed-                              
  6.000000000000000E+00 -0.000000000000000E+00 -0.000000000000000E+00      | Alpha, pb/2V, p'b/2V
  0.000000000000000E+00 -8.897408338980821E-25      | Beta, qc/2V
  0.000000000000000E+00 -0.000000000000000E+00 -0.000000000000000E+00      | Mach, rb/2V, r'b/2V
  1.204789822064339E-01 -4.964454225318352E-04 -1.202608333585429E-04      | CXtot, Cltot, Cl'tot
 -1.087345494230215E-02 -2.268799485847899E-09      | CYtot, Cmtot
 -1.721083407199513E+00  3.572854680245649E-03  3.605174885586822E-03      | CZtot, Cntot, Cn'tot
  1.724248615081035E+00      | CLtot
  6.008321797403914E-02      | CDtot
  0.000000000000000E+00  6.008321797403914E-02      | CDvis, CDind
  1.727139162777813E+00  5.983186077622800E-02 -1.035210021724879E-02  9.780958150583973E-01      | Trefftz Plane: CLff, CDff, CYff, e
CONTROL
     5
  0.000000000000000E+00  inboard_slat    
  1.500000000000000E+01  inboard_flap    
  0.000000000000000E+00  outboard_slat   
  1.500000000000000E+01  outboard_flap   
 -1.245200198772790E+01  elevator        
DESIGN
     0
