TOT
VERSION 1.0
Vortex Lattice Output -- Total Forces
STARTG01                                                    
     5      | # surfaces
   126      | # strips
  1358      | # vortices
  8.261345400000000E+02  7.594870000000000E+00  1.157786900000000E+02      | Sref, Cref, Bref
  3.383665524389960E+00  0.000000000000000E+00  0.000000000000000E+00      | Xref, Yref, Zref
Standard axis orientation,  X fwd, Z down         
 -unnamed-                              
  1.100000000000000E+01 -0.000000000000000E+00 -0.000000000000000E+00      | Alpha, pb/2V, p'b/2V
  0.000000000000000E+00  1.343805222311323E-26      | Beta, qc/2V
  0.000000000000000E+00 -0.000000000000000E+00 -0.000000000000000E+00      | Mach, rb/2V, r'b/2V
  3.218670751957412E-01 -3.938878556240838E-04  2.489071554551442E-04      | CXtot, Cltot, Cl'tot
 -1.019077262078932E-02  7.163768629952355E-10      | CYtot, Cmtot
 -2.140453983546531E+00  3.330860688781655E-03  3.344820742407935E-03      | CZtot, Cntot, Cn'tot
  2.162542948431000E+00      | CLtot
  9.246440378130408E-02      | CDtot
  0.000000000000000E+00  9.246440378130408E-02      | CDvis, CDind
  2.173975878668688E+00  9.261182769667593E-02 -9.948496356671175E-03  1.001142103705173E+00      | Trefftz Plane: CLff, CDff, CYff, e
CONTROL
     5
  0.000000000000000E+00  inboard_slat    
  1.500000000000000E+01  inboard_flap    
  0.000000000000000E+00  outboard_slat   
  1.500000000000000E+01  outboard_flap   
 -2.010917594370708E+01  elevator        
DESIGN
     0
