TOT
VERSION 1.0
Vortex Lattice Output -- Total Forces
STARTG01                                                    
     5      | # surfaces
   118      | # strips
  1270      | # vortices
  8.261345400000000E+02  7.594870000000000E+00  1.157786900000000E+02      | Sref, Cref, Bref
  3.383665524389960E+00  0.000000000000000E+00  0.000000000000000E+00      | Xref, Yref, Zref
Standard axis orientation,  X fwd, Z down         
 -unnamed-                              
 -1.500000000000000E+01 -0.000000000000000E+00 -0.000000000000000E+00      | Alpha, pb/2V, p'b/2V
  0.000000000000000E+00 -1.178087978774793E-25      | Beta, qc/2V
  0.000000000000000E+00 -0.000000000000000E+00 -0.000000000000000E+00      | Mach, rb/2V, r'b/2V
  4.164492343734216E-02 -8.847167645754690E-04 -1.912206594686155E-03      | CXtot, Cltot, Cl'tot
 -1.218455602919510E-02  2.830664962410329E-09      | CYtot, Cmtot
  1.918281058756315E-01  4.086391024326914E-03  3.718169078519592E-03      | CZtot, Cntot, Cn'tot
 -1.960702209908067E-01      | CLtot
  9.422860104596465E-03      | CDtot
  0.000000000000000E+00  9.422860104596465E-03      | CDvis, CDind
 -1.997481567049535E-01  9.880420818739003E-03 -1.122573492842436E-02  7.947000994813058E-02      | Trefftz Plane: CLff, CDff, CYff, e
CONTROL
     5
  0.000000000000000E+00  inboard_slat    
  2.000000000000000E+01  inboard_flap    
  0.000000000000000E+00  outboard_slat   
  2.000000000000000E+01  outboard_flap   
  1.959537926916122E+01  elevator        
DESIGN
     0
