TOT
VERSION 1.0
Vortex Lattice Output -- Total Forces
STARTG01                                                    
     5      | # surfaces
   118      | # strips
  1270      | # vortices
  8.261345400000000E+02  7.594870000000000E+00  1.157786900000000E+02      | Sref, Cref, Bref
  3.383665524389960E+00  0.000000000000000E+00  0.000000000000000E+00      | Xref, Yref, Zref
Standard axis orientation,  X fwd, Z down         
 -unnamed-                              
 -1.000000000000000E+00 -0.000000000000000E+00 -0.000000000000000E+00      | Alpha, pb/2V, p'b/2V
  0.000000000000000E+00 -1.397061890593467E-26      | Beta, qc/2V
  0.000000000000000E+00 -0.000000000000000E+00 -0.000000000000000E+00      | Mach, rb/2V, r'b/2V
 -5.603850272902039E-02 -6.304280859573317E-04 -6.986228295905387E-04      | CXtot, Cltot, Cl'tot
 -1.183551743276202E-02 -3.564711351621008E-12      | CYtot, Cmtot
 -1.130449674322029E+00  3.912971035235348E-03  3.901372583608175E-03      | CZtot, Cntot, Cn'tot
  1.131255508086937E+00      | CLtot
  3.630090062046336E-02      | CDtot
  0.000000000000000E+00  3.630090062046336E-02      | CDvis, CDind
  1.130107451993101E+00  3.649930629963020E-02 -1.085423531254493E-02  6.864968878651793E-01      | Trefftz Plane: CLff, CDff, CYff, e
CONTROL
     5
  0.000000000000000E+00  inboard_slat    
  2.000000000000000E+01  inboard_flap    
  0.000000000000000E+00  outboard_slat   
  2.000000000000000E+01  outboard_flap   
 -2.654575672608140E+00  elevator        
DESIGN
     0
