TOT
VERSION 1.0
Vortex Lattice Output -- Total Forces
STARTG01                                                    
     5      | # surfaces
   118      | # strips
  1270      | # vortices
  8.261345400000000E+02  7.594870000000000E+00  1.157786900000000E+02      | Sref, Cref, Bref
  3.383665524389960E+00  0.000000000000000E+00  0.000000000000000E+00      | Xref, Yref, Zref
Standard axis orientation,  X fwd, Z down         
 -unnamed-                              
  4.000000000000000E+00 -0.000000000000000E+00 -0.000000000000000E+00      | Alpha, pb/2V, p'b/2V
  0.000000000000000E+00  1.984648272647290E-25      | Beta, qc/2V
  0.000000000000000E+00 -0.000000000000000E+00 -0.000000000000000E+00      | Mach, rb/2V, r'b/2V
  5.021143463946798E-02 -5.283722629786120E-04 -2.662630865172085E-04      | CXtot, Cltot, Cl'tot
 -1.136461864553145E-02 -3.426004518058620E-10      | CYtot, Cmtot
 -1.591319786220207E+00  3.739037743527717E-03  3.766787021397455E-03      | CZtot, Cntot, Cn'tot
  1.590945983822510E+00      | CLtot
  6.091573477767284E-02      | CDtot
  0.000000000000000E+00  6.091573477767284E-02      | CDvis, CDind
  1.593039397766748E+00  6.118704489781635E-02 -1.056235887190625E-02  8.136849634166829E-01      | Trefftz Plane: CLff, CDff, CYff, e
CONTROL
     5
  0.000000000000000E+00  inboard_slat    
  2.000000000000000E+01  inboard_flap    
  0.000000000000000E+00  outboard_slat   
  2.000000000000000E+01  outboard_flap   
 -1.036784292374077E+01  elevator        
DESIGN
     0
