TOT
VERSION 1.0
Vortex Lattice Output -- Total Forces
STARTG01                                                    
     5      | # surfaces
   118      | # strips
  1270      | # vortices
  8.261345400000000E+02  7.594870000000000E+00  1.157786900000000E+02      | Sref, Cref, Bref
  3.383665524389960E+00  0.000000000000000E+00  0.000000000000000E+00      | Xref, Yref, Zref
Standard axis orientation,  X fwd, Z down         
 -unnamed-                              
 -8.000000000000000E+00 -0.000000000000000E+00 -0.000000000000000E+00      | Alpha, pb/2V, p'b/2V
  0.000000000000000E+00  2.559806517138732E-25      | Beta, qc/2V
  0.000000000000000E+00 -0.000000000000000E+00 -0.000000000000000E+00      | Mach, rb/2V, r'b/2V
 -8.020387353959649E-02 -7.656627228423645E-04 -1.323229815468616E-03      | CXtot, Cltot, Cl'tot
 -1.219434545301974E-02  8.153007992036179E-10      | CYtot, Cmtot
 -4.638331940421575E-01  4.059825251534941E-03  3.913755655838267E-03      | CZtot, Cntot, Cn'tot
  4.704814230718759E-01      | CLtot
  1.487023101259055E-02      | CDtot
  0.000000000000000E+00  1.487023101259055E-02      | CDvis, CDind
  4.685476599639594E-01  1.501672210081769E-02 -1.112321367972684E-02  2.869595856964731E-01      | Trefftz Plane: CLff, CDff, CYff, e
CONTROL
     5
  0.000000000000000E+00  inboard_slat    
  2.000000000000000E+01  inboard_flap    
  0.000000000000000E+00  outboard_slat   
  2.000000000000000E+01  outboard_flap   
  8.251510625258451E+00  elevator        
DESIGN
     0
