TOT
VERSION 1.0
Vortex Lattice Output -- Total Forces
STARTG01                                                    
     5      | # surfaces
   118      | # strips
  1270      | # vortices
  8.261345400000000E+02  7.594870000000000E+00  1.157786900000000E+02      | Sref, Cref, Bref
  3.383665524389960E+00  0.000000000000000E+00  0.000000000000000E+00      | Xref, Yref, Zref
Standard axis orientation,  X fwd, Z down         
 -unnamed-                              
  3.000000000000000E+00 -0.000000000000000E+00 -0.000000000000000E+00      | Alpha, pb/2V, p'b/2V
  0.000000000000000E+00  3.084427695734149E-26      | Beta, qc/2V
  0.000000000000000E+00 -0.000000000000000E+00 -0.000000000000000E+00      | Mach, rb/2V, r'b/2V
  2.316459195305860E-02 -5.489668559252244E-04 -3.504811819862835E-04      | CXtot, Cltot, Cl'tot
 -1.147238415497967E-02 -6.584679860827808E-11      | CYtot, Cmtot
 -1.501001057384361E+00  3.778154602241813E-03  3.801707478018123E-03      | CZtot, Cntot, Cn'tot
  1.500156328672708E+00      | CLtot
  5.542347997501788E-02      | CDtot
  0.000000000000000E+00  5.542347997501788E-02      | CDvis, CDind
  1.501302581980815E+00  5.566512113520838E-02 -1.062726742676277E-02  7.943624566378907E-01      | Trefftz Plane: CLff, CDff, CYff, e
CONTROL
     5
  0.000000000000000E+00  inboard_slat    
  2.000000000000000E+01  inboard_flap    
  0.000000000000000E+00  outboard_slat   
  2.000000000000000E+01  outboard_flap   
 -8.823289446504665E+00  elevator        
DESIGN
     0
