TOT
VERSION 1.0
Vortex Lattice Output -- Total Forces
STARTG01                                                    
     5      | # surfaces
   118      | # strips
  1270      | # vortices
  8.261345400000000E+02  7.594870000000000E+00  1.157786900000000E+02      | Sref, Cref, Bref
  3.383665524389960E+00  0.000000000000000E+00  0.000000000000000E+00      | Xref, Yref, Zref
Standard axis orientation,  X fwd, Z down         
 -unnamed-                              
 -2.000000000000000E+00 -0.000000000000000E+00 -0.000000000000000E+00      | Alpha, pb/2V, p'b/2V
  0.000000000000000E+00  2.025552631998417E-26      | Beta, qc/2V
  0.000000000000000E+00 -0.000000000000000E+00 -0.000000000000000E+00      | Mach, rb/2V, r'b/2V
 -6.847359741940023E-02 -6.504395468957836E-04 -7.875841866801483E-04      | CXtot, Cltot, Cl'tot
 -1.190876265538317E-02 -3.630041471407164E-11      | CYtot, Cmtot
 -1.036057354532901E+00  3.941055974374230E-03  3.915955176736345E-03      | CZtot, Cntot, Cn'tot
  1.037815910473199E+00      | CLtot
  3.227400492582418E-02      | CDtot
  0.000000000000000E+00  3.227400492582418E-02      | CDvis, CDind
  1.036388277570653E+00  3.246738254817302E-02 -1.090272368113652E-02  6.490668231666452E-01      | Trefftz Plane: CLff, CDff, CYff, e
CONTROL
     5
  0.000000000000000E+00  inboard_slat    
  2.000000000000000E+01  inboard_flap    
  0.000000000000000E+00  outboard_slat   
  2.000000000000000E+01  outboard_flap   
 -1.110019290775169E+00  elevator        
DESIGN
     0
