TOT
VERSION 1.0
Vortex Lattice Output -- Total Forces
STARTG01                                                    
     5      | # surfaces
   118      | # strips
  1270      | # vortices
  8.261345400000000E+02  7.594870000000000E+00  1.157786900000000E+02      | Sref, Cref, Bref
  3.383665524389960E+00  0.000000000000000E+00  0.000000000000000E+00      | Xref, Yref, Zref
Standard axis orientation,  X fwd, Z down         
 -unnamed-                              
  1.400000000000000E+01 -0.000000000000000E+00 -0.000000000000000E+00      | Alpha, pb/2V, p'b/2V
  0.000000000000000E+00  1.336729973683604E-25      | Beta, qc/2V
  0.000000000000000E+00 -0.000000000000000E+00 -0.000000000000000E+00      | Mach, rb/2V, r'b/2V
  4.697022267999539E-01 -3.243007448287384E-04  4.698694369045799E-04      | CXtot, Cltot, Cl'tot
 -9.952735702058704E-03  3.364680157755262E-09      | CYtot, Cmtot
 -2.413908874366673E+00  3.242935335370714E-03  3.225061747432971E-03      | CZtot, Cntot, Cn'tot
  2.455836717492514E+00      | CLtot
  1.282273474053315E-01      | CDtot
  0.000000000000000E+00  1.282273474053315E-01      | CDvis, CDind
  2.479419767267067E+00  1.305012634125041E-01 -9.739465889334891E-03  9.241357012237618E-01      | Trefftz Plane: CLff, CDff, CYff, e
CONTROL
     5
  0.000000000000000E+00  inboard_slat    
  2.000000000000000E+01  inboard_flap    
  0.000000000000000E+00  outboard_slat   
  2.000000000000000E+01  outboard_flap   
 -2.613376942500503E+01  elevator        
DESIGN
     0
