TOT
VERSION 1.0
Vortex Lattice Output -- Total Forces
STARTG01                                                    
     5      | # surfaces
   126      | # strips
  1358      | # vortices
  8.261345400000000E+02  7.594870000000000E+00  1.157786900000000E+02      | Sref, Cref, Bref
  3.383665524389960E+00  0.000000000000000E+00  0.000000000000000E+00      | Xref, Yref, Zref
Standard axis orientation,  X fwd, Z down         
 -unnamed-                              
  7.000000000000000E+00 -0.000000000000000E+00 -0.000000000000000E+00      | Alpha, pb/2V, p'b/2V
  0.000000000000000E+00  2.298078229063591E-24      | Beta, qc/2V
  0.000000000000000E+00 -0.000000000000000E+00 -0.000000000000000E+00      | Mach, rb/2V, r'b/2V
  1.554010636183728E-01 -4.758249720775885E-04 -4.231576890868679E-05      | CXtot, Cltot, Cl'tot
 -1.074848106118321E-02 -4.905218213059094E-09      | CYtot, Cmtot
 -1.808052308769491E+00  3.528060987022619E-03  3.559751832348053E-03      | CZtot, Cntot, Cn'tot
  1.813513986622998E+00      | CLtot
  6.610342005651466E-02      | CDtot
  0.000000000000000E+00  6.610342005651466E-02      | CDvis, CDind
  1.817660618271111E+00  6.586993705336540E-02 -1.027761106290829E-02  9.840017630237050E-01      | Trefftz Plane: CLff, CDff, CYff, e
CONTROL
     5
  0.000000000000000E+00  inboard_slat    
  1.500000000000000E+01  inboard_flap    
  0.000000000000000E+00  outboard_slat   
  1.500000000000000E+01  outboard_flap   
 -1.396979503391154E+01  elevator        
DESIGN
     0
