TOT
VERSION 1.0
Vortex Lattice Output -- Total Forces
STARTG01                                                    
     5      | # surfaces
   126      | # strips
  1358      | # vortices
  8.261345400000000E+02  7.594870000000000E+00  1.157786900000000E+02      | Sref, Cref, Bref
  3.383665524389960E+00  0.000000000000000E+00  0.000000000000000E+00      | Xref, Yref, Zref
Standard axis orientation,  X fwd, Z down         
 -unnamed-                              
  5.000000000000000E+00 -0.000000000000000E+00 -0.000000000000000E+00      | Alpha, pb/2V, p'b/2V
  0.000000000000000E+00 -2.279858756751108E-25      | Beta, qc/2V
  0.000000000000000E+00 -0.000000000000000E+00 -0.000000000000000E+00      | Mach, rb/2V, r'b/2V
  8.832435822550072E-02 -5.170700082130113E-04 -1.999705088008675E-04      | CXtot, Cltot, Cl'tot
 -1.099233135753704E-02 -8.979819336035755E-10      | CYtot, Cmtot
 -1.632776399954293E+00  3.615732962492104E-03  3.647039627568537E-03      | CZtot, Cntot, Cn'tot
  1.634261167847648E+00      | CLtot
  5.431758250226394E-02      | CDtot
  0.000000000000000E+00  5.431758250226394E-02      | CDvis, CDind
  1.636095578090309E+00  5.406788252665511E-02 -1.042342666805219E-02  9.712683834050714E-01      | Trefftz Plane: CLff, CDff, CYff, e
CONTROL
     5
  0.000000000000000E+00  inboard_slat    
  1.500000000000000E+01  inboard_flap    
  0.000000000000000E+00  outboard_slat   
  1.500000000000000E+01  outboard_flap   
 -1.093908548820383E+01  elevator        
DESIGN
     0
