TOT
VERSION 1.0
Vortex Lattice Output -- Total Forces
STARTG01                                                    
     5      | # surfaces
   126      | # strips
  1358      | # vortices
  8.261345400000000E+02  7.594870000000000E+00  1.157786900000000E+02      | Sref, Cref, Bref
  3.383665524389960E+00  0.000000000000000E+00  0.000000000000000E+00      | Xref, Yref, Zref
Standard axis orientation,  X fwd, Z down         
 -unnamed-                              
 -1.100000000000000E+01 -0.000000000000000E+00 -0.000000000000000E+00      | Alpha, pb/2V, p'b/2V
  0.000000000000000E+00  3.519871730645717E-26      | Beta, qc/2V
  0.000000000000000E+00 -0.000000000000000E+00 -0.000000000000000E+00      | Mach, rb/2V, r'b/2V
 -2.871532076180509E-02 -8.273914585654626E-04 -1.576630025303833E-03      | CXtot, Cltot, Cl'tot
 -1.197105474018475E-02  4.538065484374978E-10      | CYtot, Cmtot
 -1.291337748224773E-01  4.006310481929891E-03  3.774829541401682E-03      | CZtot, Cntot, Cn'tot
  1.322403651734285E-01      | CLtot
  3.547853598149114E-03      | CDtot
  0.000000000000000E+00  3.547853598149114E-03      | CDvis, CDind
  1.314385946993951E-01  3.719001247417678E-03 -1.111973310911358E-02  9.178260819085618E-02      | Trefftz Plane: CLff, CDff, CYff, e
CONTROL
     5
  0.000000000000000E+00  inboard_slat    
  1.500000000000000E+01  inboard_flap    
  0.000000000000000E+00  outboard_slat   
  1.500000000000000E+01  outboard_flap   
  1.336850695249949E+01  elevator        
DESIGN
     0
