TOT
VERSION 1.0
Vortex Lattice Output -- Total Forces
STARTG01                                                    
     5      | # surfaces
   118      | # strips
  1270      | # vortices
  8.261345400000000E+02  7.594870000000000E+00  1.157786900000000E+02      | Sref, Cref, Bref
  3.383665524389960E+00  0.000000000000000E+00  0.000000000000000E+00      | Xref, Yref, Zref
Standard axis orientation,  X fwd, Z down         
 -unnamed-                              
  8.000000000000000E+00 -0.000000000000000E+00 -0.000000000000000E+00      | Alpha, pb/2V, p'b/2V
  0.000000000000000E+00 -2.408680483202715E-26      | Beta, qc/2V
  0.000000000000000E+00 -0.000000000000000E+00 -0.000000000000000E+00      | Mach, rb/2V, r'b/2V
  1.864015484512695E-01 -4.458314896631028E-04  5.429112820129923E-05      | CXtot, Cltot, Cl'tot
 -1.086957874677917E-02  1.320207835197804E-10      | CYtot, Cmtot
 -1.940019219688228E+00  3.562353738143828E-03  3.589732907368061E-03      | CZtot, Cntot, Cn'tot
  1.947081167523911E+00      | CLtot
  8.541098933086015E-02      | CDtot
  0.000000000000000E+00  8.541098933086015E-02      | CDvis, CDind
  1.954899643650218E+00  8.599578450025064E-02 -1.027065402244331E-02  8.718211572768069E-01      | Trefftz Plane: CLff, CDff, CYff, e
CONTROL
     5
  0.000000000000000E+00  inboard_slat    
  2.000000000000000E+01  inboard_flap    
  0.000000000000000E+00  outboard_slat   
  2.000000000000000E+01  outboard_flap   
 -1.658431365100140E+01  elevator        
DESIGN
     0
