TOT
VERSION 1.0
Vortex Lattice Output -- Total Forces
STARTG01                                                    
     5      | # surfaces
   118      | # strips
  1270      | # vortices
  8.261345400000000E+02  7.594870000000000E+00  1.157786900000000E+02      | Sref, Cref, Bref
  3.383665524389960E+00  0.000000000000000E+00  0.000000000000000E+00      | Xref, Yref, Zref
Standard axis orientation,  X fwd, Z down         
 -unnamed-                              
 -1.300000000000000E+01 -0.000000000000000E+00 -0.000000000000000E+00      | Alpha, pb/2V, p'b/2V
  0.000000000000000E+00 -1.891525862073996E-26      | Beta, qc/2V
  0.000000000000000E+00 -0.000000000000000E+00 -0.000000000000000E+00      | Mach, rb/2V, r'b/2V
 -7.801356356013791E-03 -8.527898135605670E-04 -1.751277164879698E-03      | CXtot, Cltot, Cl'tot
 -1.222536237374217E-02  1.001077956858457E-09      | CYtot, Cmtot
  7.922860963071149E-03  4.091309114673638E-03  3.794613159426819E-03      | CZtot, Cntot, Cn'tot
 -5.964875212274532E-03      | CLtot
  9.383664025084570E-03      | CDtot
  0.000000000000000E+00  9.383664025084570E-03      | CDvis, CDind
 -8.701879191882115E-03  9.644181726332361E-03 -1.121357015086711E-02  4.098093573780396E-04      | Trefftz Plane: CLff, CDff, CYff, e
CONTROL
     5
  0.000000000000000E+00  inboard_slat    
  2.000000000000000E+01  inboard_flap    
  0.000000000000000E+00  outboard_slat   
  2.000000000000000E+01  outboard_flap   
  1.628781980248001E+01  elevator        
DESIGN
     0
