TOT
VERSION 1.0
Vortex Lattice Output -- Total Forces
STARTG01                                                    
     5      | # surfaces
   126      | # strips
  1358      | # vortices
  8.261345400000000E+02  7.594870000000000E+00  1.157786900000000E+02      | Sref, Cref, Bref
  3.383665524389960E+00  0.000000000000000E+00  0.000000000000000E+00      | Xref, Yref, Zref
Standard axis orientation,  X fwd, Z down         
 -unnamed-                              
 -1.200000000000000E+01 -0.000000000000000E+00 -0.000000000000000E+00      | Alpha, pb/2V, p'b/2V
  0.000000000000000E+00 -1.996867261698496E-26      | Beta, qc/2V
  0.000000000000000E+00 -0.000000000000000E+00 -0.000000000000000E+00      | Mach, rb/2V, r'b/2V
 -1.074455536828209E-02 -8.443420633876662E-04 -1.659766900066761E-03      | CXtot, Cltot, Cl'tot
 -1.197067504532623E-02  8.288349789484228E-10      | CYtot, Cmtot
 -3.535243197860587E-02  4.010720769407819E-03  3.747528311782016E-03      | CZtot, Cntot, Cn'tot
  3.681381519368296E-02      | CLtot
  3.159577147244887E-03      | CDtot
  0.000000000000000E+00  3.159577147244887E-03      | CDvis, CDind
  3.586578238381113E-02  3.384136498657396E-03 -1.113476056812479E-02  8.175583264754368E-03      | Trefftz Plane: CLff, CDff, CYff, e
CONTROL
     5
  0.000000000000000E+00  inboard_slat    
  1.500000000000000E+01  inboard_flap    
  0.000000000000000E+00  outboard_slat   
  1.500000000000000E+01  outboard_flap   
  1.494284573822447E+01  elevator        
DESIGN
     0
