TOT
VERSION 1.0
Vortex Lattice Output -- Total Forces
STARTG01                                                    
     5      | # surfaces
   118      | # strips
  1270      | # vortices
  8.261345400000000E+02  7.594870000000000E+00  1.157786900000000E+02      | Sref, Cref, Bref
  3.383665524389960E+00  0.000000000000000E+00  0.000000000000000E+00      | Xref, Yref, Zref
Standard axis orientation,  X fwd, Z down         
 -unnamed-                              
 -1.000000000000000E+01 -0.000000000000000E+00 -0.000000000000000E+00      | Alpha, pb/2V, p'b/2V
  0.000000000000000E+00 -1.867497703365141E-24      | Beta, qc/2V
  0.000000000000000E+00 -0.000000000000000E+00 -0.000000000000000E+00      | Mach, rb/2V, r'b/2V
 -6.012985408226078E-02 -8.016622261729211E-04 -1.497950236984940E-03      | CXtot, Cltot, Cl'tot
 -1.222956265815893E-02  7.915669060542044E-09      | CYtot, Cmtot
 -2.736467317972633E-01  4.079899201198133E-03  3.878709180168894E-03      | CZtot, Cntot, Cn'tot
  2.799308626451603E-01      | CLtot
  1.169809018659717E-02      | CDtot
  0.000000000000000E+00  1.169809018659717E-02      | CDvis, CDind
  2.778567165251260E-01  1.184976262263430E-02 -1.116960853782494E-02  1.280197675783768E-01      | Trefftz Plane: CLff, CDff, CYff, e
CONTROL
     5
  0.000000000000000E+00  inboard_slat    
  2.000000000000000E+01  inboard_flap    
  0.000000000000000E+00  outboard_slat   
  2.000000000000000E+01  outboard_flap   
  1.143191589148531E+01  elevator        
DESIGN
     0
