TOT
VERSION 1.0
Vortex Lattice Output -- Total Forces
STARTG01                                                    
     5      | # surfaces
   118      | # strips
  1270      | # vortices
  8.261345400000000E+02  7.594870000000000E+00  1.157786900000000E+02      | Sref, Cref, Bref
  3.383665524389960E+00  0.000000000000000E+00  0.000000000000000E+00      | Xref, Yref, Zref
Standard axis orientation,  X fwd, Z down         
 -unnamed-                              
 -5.000000000000000E+00 -0.000000000000000E+00 -0.000000000000000E+00      | Alpha, pb/2V, p'b/2V
  0.000000000000000E+00  1.732899661316017E-25      | Beta, qc/2V
  0.000000000000000E+00 -0.000000000000000E+00 -0.000000000000000E+00      | Mach, rb/2V, r'b/2V
 -8.784798127268680E-02 -7.092324695348808E-04 -1.056138233074114E-03      | CXtot, Cltot, Cl'tot
 -1.208493615803167E-02 -4.755720172050851E-10      | CYtot, Cmtot
 -7.505063171867844E-01  4.011263012480537E-03  3.934185263021565E-03      | CZtot, Cntot, Cn'tot
  7.553068701225399E-01      | CLtot
  2.210275767068980E-02      | CDtot
  0.000000000000000E+00  2.210275767068980E-02      | CDvis, CDind
  7.534790057124208E-01  2.227409369430655E-02 -1.102813745930834E-02  5.001254320192662E-01      | Trefftz Plane: CLff, CDff, CYff, e
CONTROL
     5
  0.000000000000000E+00  inboard_slat    
  2.000000000000000E+01  inboard_flap    
  0.000000000000000E+00  outboard_slat   
  2.000000000000000E+01  outboard_flap   
  3.544673504526643E+00  elevator        
DESIGN
     0
