TOT
VERSION 1.0
Vortex Lattice Output -- Total Forces
STARTG01                                                    
     5      | # surfaces
   126      | # strips
  1358      | # vortices
  8.261345400000000E+02  7.594870000000000E+00  1.157786900000000E+02      | Sref, Cref, Bref
  3.383665524389960E+00  0.000000000000000E+00  0.000000000000000E+00      | Xref, Yref, Zref
Standard axis orientation,  X fwd, Z down         
 -unnamed-                              
  5.248888150149830E-22 -0.000000000000000E+00 -0.000000000000000E+00      | Alpha, pb/2V, p'b/2V
  0.000000000000000E+00 -2.754299403454640E-25      | Beta, qc/2V
  0.000000000000000E+00 -0.000000000000000E+00 -0.000000000000000E+00      | Mach, rb/2V, r'b/2V
 -2.969260864139491E-02 -6.193741823265906E-04 -6.193741823265906E-04      | CXtot, Cltot, Cl'tot
 -1.149043584427984E-02 -8.760647979624836E-11      | CYtot, Cmtot
 -1.174986572439180E+00  3.799643696002829E-03  3.799643696002829E-03      | CZtot, Cntot, Cn'tot
  1.174986572439180E+00      | CLtot
  2.969260864139491E-02      | CDtot
  0.000000000000000E+00  2.969260864139491E-02      | CDvis, CDind
  1.174022438923344E+00  2.959211057354020E-02 -1.073188969999507E-02  9.138118530227859E-01      | Trefftz Plane: CLff, CDff, CYff, e
CONTROL
     5
  0.000000000000000E+00  inboard_slat    
  1.500000000000000E+01  inboard_flap    
  0.000000000000000E+00  outboard_slat   
  1.500000000000000E+01  outboard_flap   
 -3.414748936660636E+00  elevator        
DESIGN
     0
