TOT
VERSION 1.0
Vortex Lattice Output -- Total Forces
STARTG01                                                    
     5      | # surfaces
   118      | # strips
  1270      | # vortices
  8.261345400000000E+02  7.594870000000000E+00  1.157786900000000E+02      | Sref, Cref, Bref
  3.383665524389960E+00  0.000000000000000E+00  0.000000000000000E+00      | Xref, Yref, Zref
Standard axis orientation,  X fwd, Z down         
 -unnamed-                              
  1.100000000000000E+01 -0.000000000000000E+00 -0.000000000000000E+00      | Alpha, pb/2V, p'b/2V
  0.000000000000000E+00 -1.731294058467525E-25      | Beta, qc/2V
  0.000000000000000E+00 -0.000000000000000E+00 -0.000000000000000E+00      | Mach, rb/2V, r'b/2V
  3.167444472452843E-01 -3.844614017886457E-04  2.732911897966772E-04      | CXtot, Cltot, Cl'tot
 -1.043546330645230E-02  8.327515744034966E-10      | CYtot, Cmtot
 -2.185389076694312E+00  3.410158685101448E-03  3.420863159002073E-03      | CZtot, Cntot, Cn'tot
  2.205675013862699E+00      | CLtot
  1.060669346088407E-01      | CDtot
  0.000000000000000E+00  1.060669346088407E-01      | CDvis, CDind
  2.220183619523663E+00  1.072441541192255E-01 -1.001883835212835E-02  9.016887444410469E-01      | Trefftz Plane: CLff, CDff, CYff, e
CONTROL
     5
  0.000000000000000E+00  inboard_slat    
  2.000000000000000E+01  inboard_flap    
  0.000000000000000E+00  outboard_slat   
  2.000000000000000E+01  outboard_flap   
 -2.131447093309491E+01  elevator        
DESIGN
     0
