TOT
VERSION 1.0
Vortex Lattice Output -- Total Forces
STARTG01                                                    
     5      | # surfaces
   126      | # strips
  1358      | # vortices
  8.261345400000000E+02  7.594870000000000E+00  1.157786900000000E+02      | Sref, Cref, Bref
  3.383665524389960E+00  0.000000000000000E+00  0.000000000000000E+00      | Xref, Yref, Zref
Standard axis orientation,  X fwd, Z down         
 -unnamed-                              
 -1.500000000000000E+01 -0.000000000000000E+00 -0.000000000000000E+00      | Alpha, pb/2V, p'b/2V
  0.000000000000000E+00 -8.227117506702350E-25      | Beta, qc/2V
  0.000000000000000E+00 -0.000000000000000E+00 -0.000000000000000E+00      | Mach, rb/2V, r'b/2V
  6.060324228084768E-02 -8.925850715474428E-04 -1.899835743115463E-03      | CXtot, Cltot, Cl'tot
 -1.192491844229954E-02  3.754762248732793E-09      | CYtot, Cmtot
  2.412392484245047E-01  4.009228802836682E-03  3.641599628271280E-03      | CZtot, Cntot, Cn'tot
 -2.487044936650392E-01      | CLtot
  3.899075042555693E-03      | CDtot
  0.000000000000000E+00  3.899075042555693E-03      | CDvis, CDind
 -2.507704041878920E-01  4.432745910819187E-03 -1.115940549643927E-02  2.788576394878731E-01      | Trefftz Plane: CLff, CDff, CYff, e
CONTROL
     5
  0.000000000000000E+00  inboard_slat    
  1.500000000000000E+01  inboard_flap    
  0.000000000000000E+00  outboard_slat   
  1.500000000000000E+01  outboard_flap   
  1.974623679634295E+01  elevator        
DESIGN
     0
