TOT
VERSION 1.0
Vortex Lattice Output -- Total Forces
STARTG01                                                    
     5      | # surfaces
   126      | # strips
  1358      | # vortices
  8.261345400000000E+02  7.594870000000000E+00  1.157786900000000E+02      | Sref, Cref, Bref
  3.383665524389960E+00  0.000000000000000E+00  0.000000000000000E+00      | Xref, Yref, Zref
Standard axis orientation,  X fwd, Z down         
 -unnamed-                              
  8.000000000000000E+00 -0.000000000000000E+00 -0.000000000000000E+00      | Alpha, pb/2V, p'b/2V
  0.000000000000000E+00  4.085145325673112E-27      | Beta, qc/2V
  0.000000000000000E+00 -0.000000000000000E+00 -0.000000000000000E+00      | Mach, rb/2V, r'b/2V
  1.930482318691484E-01 -4.552338603420521E-04  3.371460151938130E-05      | CXtot, Cltot, Cl'tot
 -1.061756243681213E-02  1.080668235019927E-10      | CYtot, Cmtot
 -1.893577101927984E+00  3.481406635935370E-03  3.510882133877631E-03      | CZtot, Cntot, Cn'tot
  1.902016060803572E+00      | CLtot
  7.236549743525504E-02      | CDtot
  0.000000000000000E+00  7.236549743525504E-02      | CDvis, CDind
  1.907632348945247E+00  7.217478262859521E-02 -1.019998194672256E-02  9.891449386538794E-01      | Trefftz Plane: CLff, CDff, CYff, e
CONTROL
     5
  0.000000000000000E+00  inboard_slat    
  1.500000000000000E+01  inboard_flap    
  0.000000000000000E+00  outboard_slat   
  1.500000000000000E+01  outboard_flap   
 -1.549342531566744E+01  elevator        
DESIGN
     0
