TOT
VERSION 1.0
Vortex Lattice Output -- Total Forces
STARTG01                                                    
     5      | # surfaces
   118      | # strips
  1270      | # vortices
  8.261345400000000E+02  7.594870000000000E+00  1.157786900000000E+02      | Sref, Cref, Bref
  3.383665524389960E+00  0.000000000000000E+00  0.000000000000000E+00      | Xref, Yref, Zref
Standard axis orientation,  X fwd, Z down         
 -unnamed-                              
  1.200000000000000E+01 -0.000000000000000E+00 -0.000000000000000E+00      | Alpha, pb/2V, p'b/2V
  0.000000000000000E+00  1.002981258636520E-25      | Beta, qc/2V
  0.000000000000000E+00 -0.000000000000000E+00 -0.000000000000000E+00      | Mach, rb/2V, r'b/2V
  3.652951812567636E-01 -3.642404557332187E-04  3.414706732491768E-04      | CXtot, Cltot, Cl'tot
 -1.027970401005591E-02  1.377302008770745E-09      | CYtot, Cmtot
 -2.263562344075802E+00  3.355999839982122E-03  3.358393040557273E-03      | CZtot, Cntot, Cn'tot
  2.290047214751809E+00      | CLtot
  1.133084691222869E-01      | CDtot
  0.000000000000000E+00  1.133084691222869E-01      | CDvis, CDind
  2.307303104030324E+00  1.147854533663021E-01 -9.928739770005326E-03  9.098590796172691E-01      | Trefftz Plane: CLff, CDff, CYff, e
CONTROL
     5
  0.000000000000000E+00  inboard_slat    
  2.000000000000000E+01  inboard_flap    
  0.000000000000000E+00  outboard_slat   
  2.000000000000000E+01  outboard_flap   
 -2.290956149619400E+01  elevator        
DESIGN
     0
