TOT
VERSION 1.0
Vortex Lattice Output -- Total Forces
STARTG01                                                    
     5      | # surfaces
   118      | # strips
  1270      | # vortices
  8.261345400000000E+02  7.594870000000000E+00  1.157786900000000E+02      | Sref, Cref, Bref
  3.383665524389960E+00  0.000000000000000E+00  0.000000000000000E+00      | Xref, Yref, Zref
Standard axis orientation,  X fwd, Z down         
 -unnamed-                              
  2.000000000000000E+00 -0.000000000000000E+00 -0.000000000000000E+00      | Alpha, pb/2V, p'b/2V
  0.000000000000000E+00  4.855142298800292E-25      | Beta, qc/2V
  0.000000000000000E+00 -0.000000000000000E+00 -0.000000000000000E+00      | Mach, rb/2V, r'b/2V
 -1.011305653787042E-03 -5.694947816977711E-04 -4.360010347895222E-04      | CXtot, Cltot, Cl'tot
 -1.157347635329981E-02 -2.842563920791435E-10      | CYtot, Cmtot
 -1.409642774945616E+00  3.815150321779029E-03  3.832701316540866E-03      | CZtot, Cntot, Cn'tot
  1.408748764596063E+00      | CLtot
  5.020651296962617E-02      | CDtot
  0.000000000000000E+00  5.020651296962617E-02      | CDvis, CDind
  1.409112791819960E+00  5.042921115961668E-02 -1.068892773952683E-02  7.724635109392776E-01      | Trefftz Plane: CLff, CDff, CYff, e
CONTROL
     5
  0.000000000000000E+00  inboard_slat    
  2.000000000000000E+01  inboard_flap    
  0.000000000000000E+00  outboard_slat   
  2.000000000000000E+01  outboard_flap   
 -7.280636903213444E+00  elevator        
DESIGN
     0
