TOT
VERSION 1.0
Vortex Lattice Output -- Total Forces
STARTG01                                                    
     5      | # surfaces
   118      | # strips
  1270      | # vortices
  8.261345400000000E+02  7.594870000000000E+00  1.157786900000000E+02      | Sref, Cref, Bref
  3.383665524389960E+00  0.000000000000000E+00  0.000000000000000E+00      | Xref, Yref, Zref
Standard axis orientation,  X fwd, Z down         
 -unnamed-                              
  5.000000000000000E+00 -0.000000000000000E+00 -0.000000000000000E+00      | Alpha, pb/2V, p'b/2V
  0.000000000000000E+00  6.106455707029334E-25      | Beta, qc/2V
  0.000000000000000E+00 -0.000000000000000E+00 -0.000000000000000E+00      | Mach, rb/2V, r'b/2V
  8.009646849546538E-02 -5.077361883513458E-04 -1.835154436555237E-04      | CXtot, Cltot, Cl'tot
 -1.125031166537487E-02 -1.083903180751355E-09      | CYtot, Cmtot
 -1.680488873720056E+00  3.697847612205205E-03  3.728028310245672E-03      | CZtot, Cntot, Cn'tot
  1.681074973405276E+00      | CLtot
  6.667257871719191E-02      | CDtot
  0.000000000000000E+00  6.667257871719191E-02      | CDvis, CDind
  1.684295259948670E+00  6.698828055002447E-02 -1.049422193687944E-02  8.308031343489156E-01      | Trefftz Plane: CLff, CDff, CYff, e
CONTROL
     5
  0.000000000000000E+00  inboard_slat    
  2.000000000000000E+01  inboard_flap    
  0.000000000000000E+00  outboard_slat   
  2.000000000000000E+01  outboard_flap   
 -1.191525373503955E+01  elevator        
DESIGN
     0
