TOT
VERSION 1.0
Vortex Lattice Output -- Total Forces
STARTG01                                                    
     5      | # surfaces
   118      | # strips
  1270      | # vortices
  8.261345400000000E+02  7.594870000000000E+00  1.157786900000000E+02      | Sref, Cref, Bref
  3.383665524389960E+00  0.000000000000000E+00  0.000000000000000E+00      | Xref, Yref, Zref
Standard axis orientation,  X fwd, Z down         
 -unnamed-                              
 -3.000000000000000E+00 -0.000000000000000E+00 -0.000000000000000E+00      | Alpha, pb/2V, p'b/2V
  0.000000000000000E+00  0.000000000000000E+00      | Beta, qc/2V
  0.000000000000000E+00 -0.000000000000000E+00 -0.000000000000000E+00      | Mach, rb/2V, r'b/2V
 -7.792713391825636E-02 -6.702602219816267E-04 -8.769489830202632E-04      | CXtot, Cltot, Cl'tot
 -1.197480007320722E-02 -1.301409692901559E-10      | CYtot, Cmtot
 -9.411921947639990E-01  3.966820218484964E-03  3.926305119591660E-03      | CZtot, Cntot, Cn'tot
  9.439807146426925E-01      | CLtot
  2.856214396817680E-02      | CDtot
  0.000000000000000E+00  2.856214396817680E-02      | CDvis, CDind
  9.423579919097602E-01  2.874960271031600E-02 -1.094787927355599E-02  6.060413329430173E-01      | Trefftz Plane: CLff, CDff, CYff, e
CONTROL
     5
  0.000000000000000E+00  inboard_slat    
  2.000000000000000E+01  inboard_flap    
  0.000000000000000E+00  outboard_slat   
  2.000000000000000E+01  outboard_flap   
  4.373965347030223E-01  elevator        
DESIGN
     0
