TOT
VERSION 1.0
Vortex Lattice Output -- Total Forces
STARTG01                                                    
     5      | # surfaces
   118      | # strips
  1270      | # vortices
  8.261345400000000E+02  7.594870000000000E+00  1.157786900000000E+02      | Sref, Cref, Bref
  3.383665524389960E+00  0.000000000000000E+00  0.000000000000000E+00      | Xref, Yref, Zref
Standard axis orientation,  X fwd, Z down         
 -unnamed-                              
 -9.000000000000000E+00 -0.000000000000000E+00 -0.000000000000000E+00      | Alpha, pb/2V, p'b/2V
  0.000000000000000E+00 -1.142903147866470E-24      | Beta, qc/2V
  0.000000000000000E+00 -0.000000000000000E+00 -0.000000000000000E+00      | Mach, rb/2V, r'b/2V
 -7.165877057918622E-02 -7.838395151804543E-04 -1.411049914570785E-03      | CXtot, Cltot, Cl'tot
 -1.221574718616819E-02  3.258597567452025E-09      | CYtot, Cmtot
 -3.685695699677747E-01  4.071102645862093E-03  3.898361101449357E-03      | CZtot, Cntot, Cn'tot
  3.752417683963305E-01      | CLtot
  1.311954869442734E-02      | CDtot
  0.000000000000000E+00  1.311954869442734E-02      | CDvis, CDind
  3.732564573122087E-01  1.326457496003740E-02 -1.114811560751844E-02  2.062301723041011E-01      | Trefftz Plane: CLff, CDff, CYff, e
CONTROL
     5
  0.000000000000000E+00  inboard_slat    
  2.000000000000000E+01  inboard_flap    
  0.000000000000000E+00  outboard_slat   
  2.000000000000000E+01  outboard_flap   
  9.836761755174649E+00  elevator        
DESIGN
     0
