TOT
VERSION 1.0
Vortex Lattice Output -- Total Forces
STARTG01                                                    
     5      | # surfaces
   118      | # strips
  1270      | # vortices
  8.261345400000000E+02  7.594870000000000E+00  1.157786900000000E+02      | Sref, Cref, Bref
  3.383665524389960E+00  0.000000000000000E+00  0.000000000000000E+00      | Xref, Yref, Zref
Standard axis orientation,  X fwd, Z down         
 -unnamed-                              
  1.500000000000000E+01 -0.000000000000000E+00 -0.000000000000000E+00      | Alpha, pb/2V, p'b/2V
  0.000000000000000E+00  1.029054419000090E-24      | Beta, qc/2V
  0.000000000000000E+00 -0.000000000000000E+00 -0.000000000000000E+00      | Mach, rb/2V, r'b/2V
  5.254317118460844E-01 -3.046308199852072E-04  5.298724996035718E-04      | CXtot, Cltot, Cl'tot
 -9.781926090283128E-03  5.024288641489356E-09      | CYtot, Cmtot
 -2.485898871376159E+00  3.184167825765899E-03  3.154514196083361E-03      | CZtot, Cntot, Cn'tot
  2.537185655331665E+00      | CLtot
  1.358699116876029E-01      | CDtot
  0.000000000000000E+00  1.358699116876029E-01      | CDvis, CDind
  2.564364522640948E+00  1.386566771527801E-01 -9.640348232559210E-03  9.303974551783163E-01      | Trefftz Plane: CLff, CDff, CYff, e
CONTROL
     5
  0.000000000000000E+00  inboard_slat    
  2.000000000000000E+01  inboard_flap    
  0.000000000000000E+00  outboard_slat   
  2.000000000000000E+01  outboard_flap   
 -2.776514350792667E+01  elevator        
DESIGN
     0
