TOT
VERSION 1.0
Vortex Lattice Output -- Total Forces
STARTG01                                                    
     5      | # surfaces
   118      | # strips
  1270      | # vortices
  8.261345400000000E+02  7.594870000000000E+00  1.157786900000000E+02      | Sref, Cref, Bref
  3.383665524389960E+00  0.000000000000000E+00  0.000000000000000E+00      | Xref, Yref, Zref
Standard axis orientation,  X fwd, Z down         
 -unnamed-                              
  9.000000000000000E+00 -0.000000000000000E+00 -0.000000000000000E+00      | Alpha, pb/2V, p'b/2V
  0.000000000000000E+00 -2.551159294303567E-26      | Beta, qc/2V
  0.000000000000000E+00 -0.000000000000000E+00 -0.000000000000000E+00      | Mach, rb/2V, r'b/2V
  2.272432986305018E-01 -4.252818755580470E-04  1.295707000473832E-04      | CXtot, Cltot, Cl'tot
 -1.073058097367547E-02  2.610972887548413E-10      | CYtot, Cmtot
 -2.023518861457747E+00  3.513398724898323E-03  3.536671699138127E-03      | CZtot, Cntot, Cn'tot
  2.034154670291405E+00      | CLtot
  9.210253405523401E-02      | CDtot
  0.000000000000000E+00  9.210253405523401E-02      | CDvis, CDind
  2.043955039898262E+00  9.284057041944969E-02 -1.018982154281622E-02  8.827938831717930E-01      | Trefftz Plane: CLff, CDff, CYff, e
CONTROL
     5
  0.000000000000000E+00  inboard_slat    
  2.000000000000000E+01  inboard_flap    
  0.000000000000000E+00  outboard_slat   
  2.000000000000000E+01  outboard_flap   
 -1.815289412553687E+01  elevator        
DESIGN
     0
