TOT
VERSION 1.0
Vortex Lattice Output -- Total Forces
STARTG01                                                    
     5      | # surfaces
   118      | # strips
  1270      | # vortices
  8.261345400000000E+02  7.594870000000000E+00  1.157786900000000E+02      | Sref, Cref, Bref
  3.383665524389960E+00  0.000000000000000E+00  0.000000000000000E+00      | Xref, Yref, Zref
Standard axis orientation,  X fwd, Z down         
 -unnamed-                              
 -4.000000000000000E+00 -0.000000000000000E+00 -0.000000000000000E+00      | Alpha, pb/2V, p'b/2V
  0.000000000000000E+00  9.701491051109003E-26      | Beta, qc/2V
  0.000000000000000E+00 -0.000000000000000E+00 -0.000000000000000E+00      | Mach, rb/2V, r'b/2V
 -8.438781180009960E-02 -6.898658599499691E-04 -9.665299055850865E-04      | CXtot, Cltot, Cl'tot
 -1.203354863491013E-02 -2.923301779681267E-10      | CYtot, Cmtot
 -8.459698264305431E-01  3.990232149899351E-03  3.932389535183993E-03      | CZtot, Cntot, Cn'tot
  8.497956826298110E-01      | CLtot
  2.517037534614672E-02      | CDtot
  0.000000000000000E+00  2.517037534614672E-02      | CDvis, CDind
  8.480453018276625E-01  2.535046868571469E-02 -1.098968817084306E-02  5.566326569096824E-01      | Trefftz Plane: CLff, CDff, CYff, e
CONTROL
     5
  0.000000000000000E+00  inboard_slat    
  2.000000000000000E+01  inboard_flap    
  0.000000000000000E+00  outboard_slat   
  2.000000000000000E+01  outboard_flap   
  1.988636127857024E+00  elevator        
DESIGN
     0
