TOT
VERSION 1.0
Vortex Lattice Output -- Total Forces
STARTG01                                                    
     5      | # surfaces
   118      | # strips
  1270      | # vortices
  8.261345400000000E+02  7.594870000000000E+00  1.157786900000000E+02      | Sref, Cref, Bref
  3.383665524389960E+00  0.000000000000000E+00  0.000000000000000E+00      | Xref, Yref, Zref
Standard axis orientation,  X fwd, Z down         
 -unnamed-                              
  7.000000000000000E+00 -0.000000000000000E+00 -0.000000000000000E+00      | Alpha, pb/2V, p'b/2V
  0.000000000000000E+00  1.529323330235007E-24      | Beta, qc/2V
  0.000000000000000E+00 -0.000000000000000E+00 -0.000000000000000E+00      | Mach, rb/2V, r'b/2V
  1.482328385358773E-01 -4.664405531750562E-04 -2.308228490936190E-05      | CXtot, Cltot, Cl'tot
 -1.100264030427543E-02 -5.680535845420213E-09      | CYtot, Cmtot
 -1.854944912292062E+00  3.609451555438592E-03  3.639392054839337E-03      | CZtot, Cntot, Cn'tot
  1.859183472905584E+00      | CLtot
  7.893298507809800E-02      | CDtot
  0.000000000000000E+00  7.893298507809800E-02      | CDvis, CDind
  1.865252969226547E+00  7.940018607410289E-02 -1.034834722935768E-02  8.596288288893702E-01      | Trefftz Plane: CLff, CDff, CYff, e
CONTROL
     5
  0.000000000000000E+00  inboard_slat    
  2.000000000000000E+01  inboard_flap    
  0.000000000000000E+00  outboard_slat   
  2.000000000000000E+01  outboard_flap   
 -1.502251020616547E+01  elevator        
DESIGN
     0
