TOT
VERSION 1.0
Vortex Lattice Output -- Total Forces
STARTG01                                                    
     5      | # surfaces
   118      | # strips
  1270      | # vortices
  8.261345400000000E+02  7.594870000000000E+00  1.157786900000000E+02      | Sref, Cref, Bref
  3.383665524389960E+00  0.000000000000000E+00  0.000000000000000E+00      | Xref, Yref, Zref
Standard axis orientation,  X fwd, Z down         
 -unnamed-                              
  1.000000000000000E+00 -0.000000000000000E+00 -0.000000000000000E+00      | Alpha, pb/2V, p'b/2V
  0.000000000000000E+00  7.980170596996916E-28      | Beta, qc/2V
  0.000000000000000E+00 -0.000000000000000E+00 -0.000000000000000E+00      | Mach, rb/2V, r'b/2V
 -2.228700444558348E-02 -5.899309350160333E-04 -5.226496766119265E-04      | CXtot, Cltot, Cl'tot
 -1.166777152523342E-02  2.526038623065774E-12      | CYtot, Cmtot
 -1.317356293572189E+00  3.849979617811819E-03  3.859688961716058E-03      | CZtot, Cntot, Cn'tot
  1.316766691968066E+00      | CLtot
  4.527464748499212E-02      | CDtot
  0.000000000000000E+00  4.527464748499212E-02      | CDvis, CDind
  1.316498148730925E+00  4.548566817353480E-02 -1.074732092690328E-02  7.475470180139010E-01      | Trefftz Plane: CLff, CDff, CYff, e
CONTROL
     5
  0.000000000000000E+00  inboard_slat    
  2.000000000000000E+01  inboard_flap    
  0.000000000000000E+00  outboard_slat   
  2.000000000000000E+01  outboard_flap   
 -5.738933519624555E+00  elevator        
DESIGN
     0
