TOT
VERSION 1.0
Vortex Lattice Output -- Total Forces
STARTG01                                                    
     5      | # surfaces
   126      | # strips
  1358      | # vortices
  8.261345400000000E+02  7.594870000000000E+00  1.157786900000000E+02      | Sref, Cref, Bref
  3.383665524389960E+00  0.000000000000000E+00  0.000000000000000E+00      | Xref, Yref, Zref
Standard axis orientation,  X fwd, Z down         
 -unnamed-                              
 -7.000000000000000E+00 -0.000000000000000E+00 -0.000000000000000E+00      | Alpha, pb/2V, p'b/2V
  0.000000000000000E+00 -7.523567666732279E-29      | Beta, qc/2V
  0.000000000000000E+00 -0.000000000000000E+00 -0.000000000000000E+00      | Mach, rb/2V, r'b/2V
 -7.097313753431234E-02 -7.557975413278235E-04 -1.233290677970652E-03      | CXtot, Cltot, Cl'tot
 -1.189827576668305E-02  1.194976324814766E-09      | CYtot, Cmtot
 -5.091285885155418E-01  3.964300811071254E-03  3.842642963868498E-03      | CZtot, Cntot, Cn'tot
  5.139830708923891E-01      | CLtot
  8.396947738413377E-03      | CDtot
  0.000000000000000E+00  8.396947738413377E-03      | CDvis, CDind
  5.130877453183303E-01  8.467816143650489E-03 -1.102569701721860E-02  6.101772455258064E-01      | Trefftz Plane: CLff, CDff, CYff, e
CONTROL
     5
  0.000000000000000E+00  inboard_slat    
  1.500000000000000E+01  inboard_flap    
  0.000000000000000E+00  outboard_slat   
  1.500000000000000E+01  outboard_flap   
  7.175703023112097E+00  elevator        
DESIGN
     0
