TOT
VERSION 1.0
Vortex Lattice Output -- Total Forces
STARTG01                                                    
     5      | # surfaces
   126      | # strips
  1358      | # vortices
  8.261345400000000E+02  7.594870000000000E+00  1.157786900000000E+02      | Sref, Cref, Bref
  3.383665524389960E+00  0.000000000000000E+00  0.000000000000000E+00      | Xref, Yref, Zref
Standard axis orientation,  X fwd, Z down         
 -unnamed-                              
  6.000000000000000E+00 -0.000000000000000E+00 -0.000000000000000E+00      | Alpha, pb/2V, p'b/2V
  0.000000000000000E+00  6.271145620067587E-25      | Beta, qc/2V
  0.000000000000000E+00 -0.000000000000000E+00 -0.000000000000000E+00      | Mach, rb/2V, r'b/2V
  1.265608756964704E-01 -5.325622367299049E-04 -1.216357430053718E-04      | CXtot, Cltot, Cl'tot
 -1.187937258930715E-02 -2.120078792426996E-09      | CYtot, Cmtot
 -2.621558674555811E+00  3.903329766018662E-03  3.937614829348040E-03      | CZtot, Cntot, Cn'tot
  2.620426715684745E+00      | CLtot
  1.481599376401833E-01      | CDtot
  0.000000000000000E+00  1.481599376401833E-01      | CDvis, CDind
  2.631378684443311E+00  1.480015172006937E-01 -1.069541730037505E-02  9.178069809369782E-01      | Trefftz Plane: CLff, CDff, CYff, e
CONTROL
     5
  0.000000000000000E+00  inboard_slat    
  3.500000000000000E+01  inboard_flap    
  0.000000000000000E+00  outboard_slat   
  3.500000000000000E+01  outboard_flap   
 -1.581737608589758E+01  elevator        
DESIGN
     0
