TOT
VERSION 1.0
Vortex Lattice Output -- Total Forces
STARTG01                                                    
     5      | # surfaces
   118      | # strips
  1270      | # vortices
  8.261345400000000E+02  7.594870000000000E+00  1.157786900000000E+02      | Sref, Cref, Bref
  3.383665524389960E+00  0.000000000000000E+00  0.000000000000000E+00      | Xref, Yref, Zref
Standard axis orientation,  X fwd, Z down         
 -unnamed-                              
  8.000000000000000E+00 -0.000000000000000E+00 -0.000000000000000E+00      | Alpha, pb/2V, p'b/2V
  0.000000000000000E+00  2.295852450561835E-26      | Beta, qc/2V
  0.000000000000000E+00 -0.000000000000000E+00 -0.000000000000000E+00      | Mach, rb/2V, r'b/2V
  1.848220164163855E-01 -4.933352708081191E-04  6.506474574140568E-05      | CXtot, Cltot, Cl'tot
 -1.214859433661507E-02  1.100022448347407E-10      | CYtot, Cmtot
 -2.833578750322609E+00  3.977772340974942E-03  4.007719933442230E-03      | CZtot, Cntot, Cn'tot
  2.831724809859482E+00      | CLtot
  2.113346002393676E-01      | CDtot
  0.000000000000000E+00  2.113346002393676E-01      | CDvis, CDind
  2.856543245985217E+00  2.139002511630370E-01 -1.069893867764804E-02  7.483763405709359E-01      | Trefftz Plane: CLff, CDff, CYff, e
CONTROL
     5
  0.000000000000000E+00  inboard_slat    
  4.500000000000000E+01  inboard_flap    
  0.000000000000000E+00  outboard_slat   
  4.500000000000000E+01  outboard_flap   
 -1.982627648245134E+01  elevator        
DESIGN
     0
