TOT
VERSION 1.0
Vortex Lattice Output -- Total Forces
STARTG01                                                    
     5      | # surfaces
   118      | # strips
  1270      | # vortices
  8.261345400000000E+02  7.594870000000000E+00  1.157786900000000E+02      | Sref, Cref, Bref
  3.383665524389960E+00  0.000000000000000E+00  0.000000000000000E+00      | Xref, Yref, Zref
Standard axis orientation,  X fwd, Z down         
 -unnamed-                              
 -1.200000000000000E+01 -0.000000000000000E+00 -0.000000000000000E+00      | Alpha, pb/2V, p'b/2V
  0.000000000000000E+00  4.018292941297449E-26      | Beta, qc/2V
  0.000000000000000E+00 -0.000000000000000E+00 -0.000000000000000E+00      | Mach, rb/2V, r'b/2V
 -2.823378074937847E-01 -9.071193512485597E-04 -1.835904866495731E-03      | CXtot, Cltot, Cl'tot
 -1.367359478309973E-02 -4.189326609140703E-10      | CYtot, Cmtot
 -9.876814612775507E-01  4.562553677292870E-03  4.274250214571625E-03      | CZtot, Cntot, Cn'tot
  1.024799582575707E+00      | CLtot
  7.081752639291775E-02      | CDtot
  0.000000000000000E+00  7.081752639291775E-02      | CDvis, CDind
  1.009860001382709E+00  7.244490155715334E-02 -1.165088648462847E-02  2.761950959248666E-01      | Trefftz Plane: CLff, CDff, CYff, e
CONTROL
     5
  0.000000000000000E+00  inboard_slat    
  4.500000000000000E+01  inboard_flap    
  0.000000000000000E+00  outboard_slat   
  4.500000000000000E+01  outboard_flap   
  1.056190848331627E+01  elevator        
DESIGN
     0
