TOT
VERSION 1.0
Vortex Lattice Output -- Total Forces
STARTG01                                                    
     5      | # surfaces
   118      | # strips
  1270      | # vortices
  8.261345400000000E+02  7.594870000000000E+00  1.157786900000000E+02      | Sref, Cref, Bref
  3.383665524389960E+00  0.000000000000000E+00  0.000000000000000E+00      | Xref, Yref, Zref
Standard axis orientation,  X fwd, Z down         
 -unnamed-                              
  5.000000000000000E+00 -0.000000000000000E+00 -0.000000000000000E+00      | Alpha, pb/2V, p'b/2V
  0.000000000000000E+00 -2.322099615087180E-25      | Beta, qc/2V
  0.000000000000000E+00 -0.000000000000000E+00 -0.000000000000000E+00      | Mach, rb/2V, r'b/2V
  4.029225419647978E-02 -5.594702833840964E-04 -1.975323910464426E-04      | CXtot, Cltot, Cl'tot
 -1.257344956251816E-02 -3.596571760029754E-10      | CYtot, Cmtot
 -2.589594212169504E+00  4.128344589322526E-03  4.161396039872429E-03      | CZtot, Cntot, Cn'tot
  2.583251725713802E+00      | CLtot
  1.855590769719717E-01      | CDtot
  0.000000000000000E+00  1.855590769719717E-01      | CDvis, CDind
  2.596341497050555E+00  1.870327295510616E-01 -1.092884975246129E-02  7.070617714223002E-01      | Trefftz Plane: CLff, CDff, CYff, e
CONTROL
     5
  0.000000000000000E+00  inboard_slat    
  4.500000000000000E+01  inboard_flap    
  0.000000000000000E+00  outboard_slat   
  4.500000000000000E+01  outboard_flap   
 -1.527505783518534E+01  elevator        
DESIGN
     0
