TOT
VERSION 1.0
Vortex Lattice Output -- Total Forces
STARTG01                                                    
     5      | # surfaces
   126      | # strips
  1358      | # vortices
  8.261345400000000E+02  7.594870000000000E+00  1.157786900000000E+02      | Sref, Cref, Bref
  3.383665524389960E+00  0.000000000000000E+00  0.000000000000000E+00      | Xref, Yref, Zref
Standard axis orientation,  X fwd, Z down         
 -unnamed-                              
 -8.000000000000000E+00 -0.000000000000000E+00 -0.000000000000000E+00      | Alpha, pb/2V, p'b/2V
  0.000000000000000E+00  1.157015864201097E-24      | Beta, qc/2V
  0.000000000000000E+00 -0.000000000000000E+00 -0.000000000000000E+00      | Mach, rb/2V, r'b/2V
 -2.384505322395883E-01 -8.234705865483011E-04 -1.420073394770049E-03      | CXtot, Cltot, Cl'tot
 -1.303211791468975E-02 -6.544342667932045E-09      | CYtot, Cmtot
 -1.327629124750966E+00  4.344350763132483E-03  4.187466885063841E-03      | CZtot, Cntot, Cn'tot
  1.347894629369562E+00      | CLtot
  5.135968583480711E-02      | CDtot
  0.000000000000000E+00  5.135968583480711E-02      | CDvis, CDind
  1.340855316723635E+00  5.180990102270187E-02 -1.141123083718414E-02  6.808103858681499E-01      | Trefftz Plane: CLff, CDff, CYff, e
CONTROL
     5
  0.000000000000000E+00  inboard_slat    
  3.500000000000000E+01  inboard_flap    
  0.000000000000000E+00  outboard_slat   
  3.500000000000000E+01  outboard_flap   
  4.842426261987936E+00  elevator        
DESIGN
     0
