TOT
VERSION 1.0
Vortex Lattice Output -- Total Forces
STARTG01                                                    
     5      | # surfaces
   118      | # strips
  1270      | # vortices
  8.261345400000000E+02  7.594870000000000E+00  1.157786900000000E+02      | Sref, Cref, Bref
  3.383665524389960E+00  0.000000000000000E+00  0.000000000000000E+00      | Xref, Yref, Zref
Standard axis orientation,  X fwd, Z down         
 -unnamed-                              
  1.300000000000000E+01 -0.000000000000000E+00 -0.000000000000000E+00      | Alpha, pb/2V, p'b/2V
  0.000000000000000E+00 -1.661096653630390E-25      | Beta, qc/2V
  0.000000000000000E+00 -0.000000000000000E+00 -0.000000000000000E+00      | Mach, rb/2V, r'b/2V
  4.760840035990752E-01 -3.843382828164000E-04  4.547434890169620E-04      | CXtot, Cltot, Cl'tot
 -1.131093176324022E-02  2.165022468161165E-09      | CYtot, Cmtot
 -3.196979821796181E+00  3.686273927290170E-03  3.678252267294106E-03      | CZtot, Cntot, Cn'tot
  3.222137034646495E+00      | CLtot
  2.552819801990676E-01      | CDtot
  0.000000000000000E+00  2.552819801990676E-01      | CDvis, CDind
  3.272520507862076E+00  2.614193453053019E-01 -1.025080854265669E-02  8.036647812849808E-01      | Trefftz Plane: CLff, CDff, CYff, e
CONTROL
     5
  0.000000000000000E+00  inboard_slat    
  4.500000000000000E+01  inboard_flap    
  0.000000000000000E+00  outboard_slat   
  4.500000000000000E+01  outboard_flap   
 -2.756449015548196E+01  elevator        
DESIGN
     0
