TOT
VERSION 1.0
Vortex Lattice Output -- Total Forces
STARTG01                                                    
     5      | # surfaces
   118      | # strips
  1270      | # vortices
  8.261345400000000E+02  7.594870000000000E+00  1.157786900000000E+02      | Sref, Cref, Bref
  3.383665524389960E+00  0.000000000000000E+00  0.000000000000000E+00      | Xref, Yref, Zref
Standard axis orientation,  X fwd, Z down         
 -unnamed-                              
 -4.000000000000000E+00 -0.000000000000000E+00 -0.000000000000000E+00      | Alpha, pb/2V, p'b/2V
  0.000000000000000E+00  6.587584113448630E-25      | Beta, qc/2V
  0.000000000000000E+00 -0.000000000000000E+00 -0.000000000000000E+00      | Mach, rb/2V, r'b/2V
 -2.404164213078556E-01 -7.529928777329351E-04 -1.061765531179774E-03      | CXtot, Cltot, Cl'tot
 -1.344807554047177E-02 -1.303105509674156E-09      | CYtot, Cmtot
 -1.771804181014062E+00  4.452732335511231E-03  4.389359575430379E-03      | CZtot, Cntot, Cn'tot
  1.784258756860297E+00      | CLtot
  1.162359671561978E-01      | CDtot
  0.000000000000000E+00  1.162359671561978E-01      | CDvis, CDind
  1.776123834999352E+00  1.170863679692784E-01 -1.143639159519812E-02  5.285691363316938E-01      | Trefftz Plane: CLff, CDff, CYff, e
CONTROL
     5
  0.000000000000000E+00  inboard_slat    
  4.500000000000000E+01  inboard_flap    
  0.000000000000000E+00  outboard_slat   
  4.500000000000000E+01  outboard_flap   
 -1.741436764175764E+00  elevator        
DESIGN
     0
