TOT
VERSION 1.0
Vortex Lattice Output -- Total Forces
STARTG01                                                    
     5      | # surfaces
   118      | # strips
  1270      | # vortices
  8.261345400000000E+02  7.594870000000000E+00  1.157786900000000E+02      | Sref, Cref, Bref
  3.383665524389960E+00  0.000000000000000E+00  0.000000000000000E+00      | Xref, Yref, Zref
Standard axis orientation,  X fwd, Z down         
 -unnamed-                              
  3.000000000000000E+00 -0.000000000000000E+00 -0.000000000000000E+00      | Alpha, pb/2V, p'b/2V
  0.000000000000000E+00  5.722700691684629E-26      | Beta, qc/2V
  0.000000000000000E+00 -0.000000000000000E+00 -0.000000000000000E+00      | Mach, rb/2V, r'b/2V
 -4.245085257300274E-02 -6.034194774217910E-04 -3.818636659535623E-04      | CXtot, Cltot, Cl'tot
 -1.282131242454478E-02  1.460680915414334E-10      | CYtot, Cmtot
 -2.417747552205002E+00  4.217537270579030E-03  4.243337817694899E-03      | CZtot, Cntot, Cn'tot
  2.412212407249755E+00      | CLtot
  1.689278052535983E-01      | CDtot
  0.000000000000000E+00  1.689278052535983E-01      | CDvis, CDind
  2.418887786319122E+00  1.699897871491902E-01 -1.106548558133800E-02  6.752449521492838E-01      | Trefftz Plane: CLff, CDff, CYff, e
CONTROL
     5
  0.000000000000000E+00  inboard_slat    
  4.500000000000000E+01  inboard_flap    
  0.000000000000000E+00  outboard_slat   
  4.500000000000000E+01  outboard_flap   
 -1.226288780840032E+01  elevator        
DESIGN
     0
