TOT
VERSION 1.0
Vortex Lattice Output -- Total Forces
STARTG01                                                    
     5      | # surfaces
   126      | # strips
  1358      | # vortices
  8.261345400000000E+02  7.594870000000000E+00  1.157786900000000E+02      | Sref, Cref, Bref
  3.383665524389960E+00  0.000000000000000E+00  0.000000000000000E+00      | Xref, Yref, Zref
Standard axis orientation,  X fwd, Z down         
 -unnamed-                              
 -2.000000000000000E+00 -0.000000000000000E+00 -0.000000000000000E+00      | Alpha, pb/2V, p'b/2V
  0.000000000000000E+00 -7.581829861238846E-26      | Beta, qc/2V
  0.000000000000000E+00 -0.000000000000000E+00 -0.000000000000000E+00      | Mach, rb/2V, r'b/2V
 -1.534697424590083E-01 -7.035826044678033E-04 -8.502125564617462E-04      | CXtot, Cltot, Cl'tot
 -1.271970519987964E-02 -1.339408000743808E-10      | CYtot, Cmtot
 -1.908055496058253E+00  4.213772959536131E-03  4.186651364116956E-03      | CZtot, Cntot, Cn'tot
  1.912249176974871E+00      | CLtot
  8.678607634564205E-02      | CDtot
  0.000000000000000E+00  8.678607634564205E-02      | CDvis, CDind
  1.908265571138591E+00  8.665149816920940E-02 -1.118602449571682E-02  8.244420248154639E-01      | Trefftz Plane: CLff, CDff, CYff, e
CONTROL
     5
  0.000000000000000E+00  inboard_slat    
  3.500000000000000E+01  inboard_flap    
  0.000000000000000E+00  outboard_slat   
  3.500000000000000E+01  outboard_flap   
 -4.050392667902842E+00  elevator        
DESIGN
     0
