TOT
VERSION 1.0
Vortex Lattice Output -- Total Forces
STARTG01                                                    
     5      | # surfaces
   118      | # strips
  1270      | # vortices
  8.261345400000000E+02  7.594870000000000E+00  1.157786900000000E+02      | Sref, Cref, Bref
  3.383665524389960E+00  0.000000000000000E+00  0.000000000000000E+00      | Xref, Yref, Zref
Standard axis orientation,  X fwd, Z down         
 -unnamed-                              
 -1.500000000000000E+01 -0.000000000000000E+00 -0.000000000000000E+00      | Alpha, pb/2V, p'b/2V
  0.000000000000000E+00  2.368583835416816E-25      | Beta, qc/2V
  0.000000000000000E+00 -0.000000000000000E+00 -0.000000000000000E+00      | Mach, rb/2V, r'b/2V
 -2.463770930006902E-01 -9.579254715463625E-04 -2.104988464009920E-03      | CXtot, Cltot, Cl'tot
 -1.361876220309881E-02 -5.229389049283932E-09      | CYtot, Cmtot
 -6.927592733555799E-01  4.558024356035554E-03  4.154784086524329E-03      | CZtot, Cntot, Cn'tot
  7.329211574809765E-01      | CLtot
  5.868270351958300E-02      | CDtot
  0.000000000000000E+00  5.868270351958300E-02      | CDvis, CDind
  7.166787731751333E-01  6.075867667640350E-02 -1.167280980391918E-02  1.658821345107388E-01      | Trefftz Plane: CLff, CDff, CYff, e
CONTROL
     5
  0.000000000000000E+00  inboard_slat    
  4.500000000000000E+01  inboard_flap    
  0.000000000000000E+00  outboard_slat   
  4.500000000000000E+01  outboard_flap   
  1.535145961877583E+01  elevator        
DESIGN
     0
