TOT
VERSION 1.0
Vortex Lattice Output -- Total Forces
STARTG01                                                    
     5      | # surfaces
   126      | # strips
  1358      | # vortices
  8.261345400000000E+02  7.594870000000000E+00  1.157786900000000E+02      | Sref, Cref, Bref
  3.383665524389960E+00  0.000000000000000E+00  0.000000000000000E+00      | Xref, Yref, Zref
Standard axis orientation,  X fwd, Z down         
 -unnamed-                              
 -5.000000000000000E+00 -0.000000000000000E+00 -0.000000000000000E+00      | Alpha, pb/2V, p'b/2V
  0.000000000000000E+00  3.689750875232529E-25      | Beta, qc/2V
  0.000000000000000E+00 -0.000000000000000E+00 -0.000000000000000E+00      | Mach, rb/2V, r'b/2V
 -2.098081609002749E-01 -7.648403310902597E-04 -1.135879921968752E-03      | CXtot, Cltot, Cl'tot
 -1.291144538632613E-02 -2.026345295876551E-09      | CYtot, Cmtot
 -1.620798434289012E+00  4.290595518560340E-03  4.207608280106479E-03      | CZtot, Cntot, Cn'tot
  1.632916793011900E+00      | CLtot
  6.774788612053347E-02      | CDtot
  0.000000000000000E+00  6.774788612053347E-02      | CDvis, CDind
  1.626778783875844E+00  6.790181638257062E-02 -1.131415946284469E-02  7.646105027279463E-01      | Trefftz Plane: CLff, CDff, CYff, e
CONTROL
     5
  0.000000000000000E+00  inboard_slat    
  3.500000000000000E+01  inboard_flap    
  0.000000000000000E+00  outboard_slat   
  3.500000000000000E+01  outboard_flap   
  3.737205135589132E-01  elevator        
DESIGN
     0
