TOT
VERSION 1.0
Vortex Lattice Output -- Total Forces
STARTG01                                                    
     5      | # surfaces
   118      | # strips
  1270      | # vortices
  8.261345400000000E+02  7.594870000000000E+00  1.157786900000000E+02      | Sref, Cref, Bref
  3.383665524389960E+00  0.000000000000000E+00  0.000000000000000E+00      | Xref, Yref, Zref
Standard axis orientation,  X fwd, Z down         
 -unnamed-                              
  9.000000000000000E+00 -0.000000000000000E+00 -0.000000000000000E+00      | Alpha, pb/2V, p'b/2V
  0.000000000000000E+00 -5.772352850262751E-26      | Beta, qc/2V
  0.000000000000000E+00 -0.000000000000000E+00 -0.000000000000000E+00      | Mach, rb/2V, r'b/2V
  2.382115742555518E-01 -4.713415793618632E-04  1.482083379846040E-04      | CXtot, Cltot, Cl'tot
 -1.199350931280768E-02  2.327081148221707E-10      | CYtot, Cmtot
 -2.910832043112598E+00  3.923348478228083E-03  3.948779615856245E-03      | CZtot, Cntot, Cn'tot
  2.912259370598094E+00      | CLtot
  2.200756589992600E-01      | CDtot
  0.000000000000000E+00  2.200756589992600E-01      | CDvis, CDind
  2.941576829124354E+00  2.231602098150679E-01 -1.061573887083100E-02  7.606641203803487E-01      | Trefftz Plane: CLff, CDff, CYff, e
CONTROL
     5
  0.000000000000000E+00  inboard_slat    
  4.500000000000000E+01  inboard_flap    
  0.000000000000000E+00  outboard_slat   
  4.500000000000000E+01  outboard_flap   
 -2.135597034789776E+01  elevator        
DESIGN
     0
