TOT
VERSION 1.0
Vortex Lattice Output -- Total Forces
STARTG01                                                    
     5      | # surfaces
   126      | # strips
  1358      | # vortices
  8.261345400000000E+02  7.594870000000000E+00  1.157786900000000E+02      | Sref, Cref, Bref
  3.383665524389960E+00  0.000000000000000E+00  0.000000000000000E+00      | Xref, Yref, Zref
Standard axis orientation,  X fwd, Z down         
 -unnamed-                              
  5.520635080955462E-25 -0.000000000000000E+00 -0.000000000000000E+00      | Alpha, pb/2V, p'b/2V
  0.000000000000000E+00 -6.923485164557944E-28      | Beta, qc/2V
  0.000000000000000E+00 -0.000000000000000E+00 -0.000000000000000E+00      | Mach, rb/2V, r'b/2V
 -1.008151371828809E-01 -6.616155656924354E-04 -6.616155656924354E-04      | CXtot, Cltot, Cl'tot
 -1.255340633648818E-02 -5.590016297074563E-14      | CYtot, Cmtot
 -2.094717353001483E+00  4.150149785575732E-03  4.150149785575732E-03      | CZtot, Cntot, Cn'tot
  2.094717353001483E+00      | CLtot
  1.008151371828809E-01      | CDtot
  0.000000000000000E+00  1.008151371828809E-01      | CDvis, CDind
  2.093076559709957E+00  1.005277556193844E-01 -1.108351471716113E-02  8.549487148397267E-01      | Trefftz Plane: CLff, CDff, CYff, e
CONTROL
     5
  0.000000000000000E+00  inboard_slat    
  3.500000000000000E+01  inboard_flap    
  0.000000000000000E+00  outboard_slat   
  3.500000000000000E+01  outboard_flap   
 -6.987295112496754E+00  elevator        
DESIGN
     0
