TOT
VERSION 1.0
Vortex Lattice Output -- Total Forces
STARTG01                                                    
     5      | # surfaces
   118      | # strips
  1270      | # vortices
  8.261345400000000E+02  7.594870000000000E+00  1.157786900000000E+02      | Sref, Cref, Bref
  3.383665524389960E+00  0.000000000000000E+00  0.000000000000000E+00      | Xref, Yref, Zref
Standard axis orientation,  X fwd, Z down         
 -unnamed-                              
  7.000000000000000E+00 -0.000000000000000E+00 -0.000000000000000E+00      | Alpha, pb/2V, p'b/2V
  0.000000000000000E+00  3.633814595228231E-25      | Beta, qc/2V
  0.000000000000000E+00 -0.000000000000000E+00 -0.000000000000000E+00      | Mach, rb/2V, r'b/2V
  1.339982713263864E-01 -5.153725573706579E-04 -2.038274920360757E-05      | CXtot, Cltot, Cl'tot
 -1.229706547748079E-02 -4.315120577481554E-09      | CYtot, Cmtot
 -2.754223134567545E+00  4.030121813681983E-03  4.062890011991590E-03      | CZtot, Cntot, Cn'tot
  2.750023854320487E+00      | CLtot
  2.026558964694193E-01      | CDtot
  0.000000000000000E+00  2.026558964694193E-01      | CDvis, CDind
  2.770642002556332E+00  2.047849901331909E-01 -1.077887317629433E-02  7.353818786031100E-01      | Trefftz Plane: CLff, CDff, CYff, e
CONTROL
     5
  0.000000000000000E+00  inboard_slat    
  4.500000000000000E+01  inboard_flap    
  0.000000000000000E+00  outboard_slat   
  4.500000000000000E+01  outboard_flap   
 -1.830354036871593E+01  elevator        
DESIGN
     0
