TOT
VERSION 1.0
Vortex Lattice Output -- Total Forces
STARTG01                                                    
     5      | # surfaces
   118      | # strips
  1270      | # vortices
  8.261345400000000E+02  7.594870000000000E+00  1.157786900000000E+02      | Sref, Cref, Bref
  3.383665524389960E+00  0.000000000000000E+00  0.000000000000000E+00      | Xref, Yref, Zref
Standard axis orientation,  X fwd, Z down         
 -unnamed-                              
  4.000000000000000E+00 -0.000000000000000E+00 -0.000000000000000E+00      | Alpha, pb/2V, p'b/2V
  0.000000000000000E+00  0.000000000000000E+00      | Beta, qc/2V
  0.000000000000000E+00 -0.000000000000000E+00 -0.000000000000000E+00      | Mach, rb/2V, r'b/2V
 -2.476076837952590E-03 -5.814768861181722E-04 -2.888900821729722E-04      | CXtot, Cltot, Cl'tot
 -1.270102511314435E-02  9.161277238125404E-11      | CYtot, Cmtot
 -2.504521536516972E+00  4.174097970370295E-03  4.204491854643221E-03      | CZtot, Cntot, Cn'tot
  2.498247925541894E+00      | CLtot
  1.771766360428650E-01      | CDtot
  0.000000000000000E+00  1.771766360428650E-01      | CDvis, CDind
  2.507995358254126E+00  1.784173263749653E-01 -1.099884606993833E-02  6.916214067541583E-01      | Trefftz Plane: CLff, CDff, CYff, e
CONTROL
     5
  0.000000000000000E+00  inboard_slat    
  4.500000000000000E+01  inboard_flap    
  0.000000000000000E+00  outboard_slat   
  4.500000000000000E+01  outboard_flap   
 -1.376740372320488E+01  elevator        
DESIGN
     0
