TOT
VERSION 1.0
Vortex Lattice Output -- Total Forces
STARTG01                                                    
     5      | # surfaces
   118      | # strips
  1270      | # vortices
  8.261345400000000E+02  7.594870000000000E+00  1.157786900000000E+02      | Sref, Cref, Bref
  3.383665524389960E+00  0.000000000000000E+00  0.000000000000000E+00      | Xref, Yref, Zref
Standard axis orientation,  X fwd, Z down         
 -unnamed-                              
  1.500000000000000E+01 -0.000000000000000E+00 -0.000000000000000E+00      | Alpha, pb/2V, p'b/2V
  0.000000000000000E+00  8.039666606128846E-25      | Beta, qc/2V
  0.000000000000000E+00 -0.000000000000000E+00 -0.000000000000000E+00      | Mach, rb/2V, r'b/2V
  6.085860024933856E-01 -3.417906958630405E-04  5.905084445743435E-04      | CXtot, Cltot, Cl'tot
 -1.093524095112203E-02  5.049516891642361E-09      | CYtot, Cmtot
 -3.325124180229551E+00  3.557129671539770E-03  3.524385358727613E-03      | CZtot, Cntot, Cn'tot
  3.369336969330088E+00      | CLtot
  2.727565278479300E-01      | CDtot
  0.000000000000000E+00  2.727565278479300E-01      | CDvis, CDind
  3.432126112944621E+00  2.811171189970372E-01 -1.004945724162088E-02  8.220278846094392E-01      | Trefftz Plane: CLff, CDff, CYff, e
CONTROL
     5
  0.000000000000000E+00  inboard_slat    
  4.500000000000000E+01  inboard_flap    
  0.000000000000000E+00  outboard_slat   
  4.500000000000000E+01  outboard_flap   
 -3.073738736964351E+01  elevator        
DESIGN
     0
