TOT
VERSION 1.0
Vortex Lattice Output -- Total Forces
STARTG01                                                    
     5      | # surfaces
   118      | # strips
  1270      | # vortices
  8.261345400000000E+02  7.594870000000000E+00  1.157786900000000E+02      | Sref, Cref, Bref
  3.383665524389960E+00  0.000000000000000E+00  0.000000000000000E+00      | Xref, Yref, Zref
Standard axis orientation,  X fwd, Z down         
 -unnamed-                              
  6.000000000000000E+00 -0.000000000000000E+00 -0.000000000000000E+00      | Alpha, pb/2V, p'b/2V
  0.000000000000000E+00 -1.696409489494074E-25      | Beta, qc/2V
  0.000000000000000E+00 -0.000000000000000E+00 -0.000000000000000E+00      | Mach, rb/2V, r'b/2V
  8.580214811805262E-02 -5.374265364668578E-04 -1.079715198558547E-04      | CXtot, Cltot, Cl'tot
 -1.243874153445123E-02 -1.629444560291744E-09      | CYtot, Cmtot
 -2.672861903587410E+00  4.080332997149837E-03  4.114156876035301E-03      | CZtot, Cntot, Cn'tot
  2.667188453101246E+00      | CLtot
  1.940580323356120E-01      | CDtot
  0.000000000000000E+00  1.940580323356120E-01      | CDvis, CDind
  2.683899273886325E+00  1.958255163304479E-01 -1.085551799573932E-02  7.216288619767970E-01      | Trefftz Plane: CLff, CDff, CYff, e
CONTROL
     5
  0.000000000000000E+00  inboard_slat    
  4.500000000000000E+01  inboard_flap    
  0.000000000000000E+00  outboard_slat   
  4.500000000000000E+01  outboard_flap   
 -1.678678756490416E+01  elevator        
DESIGN
     0
