TOT
VERSION 1.0
Vortex Lattice Output -- Total Forces
STARTG01                                                    
     5      | # surfaces
   118      | # strips
  1270      | # vortices
  8.261345400000000E+02  7.594870000000000E+00  1.157786900000000E+02      | Sref, Cref, Bref
  3.383665524389960E+00  0.000000000000000E+00  0.000000000000000E+00      | Xref, Yref, Zref
Standard axis orientation,  X fwd, Z down         
 -unnamed-                              
  1.400000000000000E+01 -0.000000000000000E+00 -0.000000000000000E+00      | Alpha, pb/2V, p'b/2V
  0.000000000000000E+00  2.668550056197239E-25      | Beta, qc/2V
  0.000000000000000E+00 -0.000000000000000E+00 -0.000000000000000E+00      | Mach, rb/2V, r'b/2V
  5.412689035999589E-01 -3.629631110197059E-04  5.241858864050434E-04      | CXtot, Cltot, Cl'tot
 -1.112576925817505E-02  3.359181451013590E-09      | CYtot, Cmtot
 -3.262364447809991E+00  3.622522217970367E-03  3.602726550287131E-03      | CZtot, Cntot, Cn'tot
  3.296403080452841E+00      | CLtot
  2.640464874220217E-01      | CDtot
  0.000000000000000E+00  2.640464874220217E-01      | CDvis, CDind
  3.352832736186540E+00  2.712307601415598E-01 -1.015168217510052E-02  8.130784700458835E-01      | Trefftz Plane: CLff, CDff, CYff, e
CONTROL
     5
  0.000000000000000E+00  inboard_slat    
  4.500000000000000E+01  inboard_flap    
  0.000000000000000E+00  outboard_slat   
  4.500000000000000E+01  outboard_flap   
 -2.914430326755422E+01  elevator        
DESIGN
     0
