TOT
VERSION 1.0
Vortex Lattice Output -- Total Forces
STARTG01                                                    
     5      | # surfaces
   118      | # strips
  1270      | # vortices
  8.261345400000000E+02  7.594870000000000E+00  1.157786900000000E+02      | Sref, Cref, Bref
  3.383665524389960E+00  0.000000000000000E+00  0.000000000000000E+00      | Xref, Yref, Zref
Standard axis orientation,  X fwd, Z down         
 -unnamed-                              
 -7.000000000000000E+00 -0.000000000000000E+00 -0.000000000000000E+00      | Alpha, pb/2V, p'b/2V
  0.000000000000000E+00  3.175047475843683E-26      | Beta, qc/2V
  0.000000000000000E+00 -0.000000000000000E+00 -0.000000000000000E+00      | Mach, rb/2V, r'b/2V
 -2.796181423664972E-01 -8.135109273907909E-04 -1.357620951759625E-03      | CXtot, Cltot, Cl'tot
 -1.359562167100798E-02 -7.759382969051848E-11      | CYtot, Cmtot
 -1.480557064580247E+00  4.514456187974294E-03  4.381664073553210E-03      | CZtot, Cntot, Cn'tot
  1.503598096148869E+00      | CLtot
  9.709939380071485E-02      | CDtot
  0.000000000000000E+00  9.709939380071485E-02      | CDvis, CDind
  1.492014573606022E+00  9.817326322661893E-02 -1.154328931021720E-02  4.448591654922029E-01      | Trefftz Plane: CLff, CDff, CYff, e
CONTROL
     5
  0.000000000000000E+00  inboard_slat    
  4.500000000000000E+01  inboard_flap    
  0.000000000000000E+00  outboard_slat   
  4.500000000000000E+01  outboard_flap   
  2.813362582603722E+00  elevator        
DESIGN
     0
