TOT
VERSION 1.0
Vortex Lattice Output -- Total Forces
STARTG01                                                    
     5      | # surfaces
   118      | # strips
  1270      | # vortices
  8.261345400000000E+02  7.594870000000000E+00  1.157786900000000E+02      | Sref, Cref, Bref
  3.383665524389960E+00  0.000000000000000E+00  0.000000000000000E+00      | Xref, Yref, Zref
Standard axis orientation,  X fwd, Z down         
 -unnamed-                              
 -1.100000000000000E+01 -0.000000000000000E+00 -0.000000000000000E+00      | Alpha, pb/2V, p'b/2V
  0.000000000000000E+00  2.566517546456416E-26      | Beta, qc/2V
  0.000000000000000E+00 -0.000000000000000E+00 -0.000000000000000E+00      | Mach, rb/2V, r'b/2V
 -2.880757910405569E-01 -8.892321914082024E-04 -1.742694030233406E-03      | CXtot, Cltot, Cl'tot
 -1.367493249242735E-02 -3.550102005986724E-10      | CYtot, Cmtot
 -1.086443478191391E+00  4.558482879876314E-03  4.305057209068299E-03      | CZtot, Cntot, Cn'tot
  1.121449903752851E+00      | CLtot
  7.547983877150115E-02      | CDtot
  0.000000000000000E+00  7.547983877150115E-02      | CDvis, CDind
  1.107018028388654E+00  7.698036147963125E-02 -1.163645994950430E-02  3.123352990382860E-01      | Trefftz Plane: CLff, CDff, CYff, e
CONTROL
     5
  0.000000000000000E+00  inboard_slat    
  4.500000000000000E+01  inboard_flap    
  0.000000000000000E+00  outboard_slat   
  4.500000000000000E+01  outboard_flap   
  8.991711589266306E+00  elevator        
DESIGN
     0
