TOT
VERSION 1.0
Vortex Lattice Output -- Total Forces
STARTG01                                                    
     5      | # surfaces
   118      | # strips
  1270      | # vortices
  8.261345400000000E+02  7.594870000000000E+00  1.157786900000000E+02      | Sref, Cref, Bref
  3.383665524389960E+00  0.000000000000000E+00  0.000000000000000E+00      | Xref, Yref, Zref
Standard axis orientation,  X fwd, Z down         
 -unnamed-                              
 -6.000000000000000E+00 -0.000000000000000E+00 -0.000000000000000E+00      | Alpha, pb/2V, p'b/2V
  0.000000000000000E+00  7.398824508913594E-25      | Beta, qc/2V
  0.000000000000000E+00 -0.000000000000000E+00 -0.000000000000000E+00      | Mach, rb/2V, r'b/2V
 -2.696634845802972E-01 -7.936531427064870E-04 -1.259326182251683E-03      | CXtot, Cltot, Cl'tot
 -1.355475146135036E-02 -4.607607674957451E-09      | CYtot, Cmtot
 -1.578251382616766E+00  4.496581503343403E-03  4.388989416008348E-03      | CZtot, Cntot, Cn'tot
  1.597793066050203E+00      | CLtot
  1.032140481214303E-01      | CDtot
  0.000000000000000E+00  1.032140481214303E-01      | CDvis, CDind
  1.587207915270315E+00  1.042020763122139E-01 -1.151116678744988E-02  4.743050576025224E-01      | Trefftz Plane: CLff, CDff, CYff, e
CONTROL
     5
  0.000000000000000E+00  inboard_slat    
  4.500000000000000E+01  inboard_flap    
  0.000000000000000E+00  outboard_slat   
  4.500000000000000E+01  outboard_flap   
  1.289225782773808E+00  elevator        
DESIGN
     0
