TOT
VERSION 1.0
Vortex Lattice Output -- Total Forces
STARTG01                                                    
     5      | # surfaces
   118      | # strips
  1270      | # vortices
  8.261345400000000E+02  7.594870000000000E+00  1.157786900000000E+02      | Sref, Cref, Bref
  3.383665524389960E+00  0.000000000000000E+00  0.000000000000000E+00      | Xref, Yref, Zref
Standard axis orientation,  X fwd, Z down         
 -unnamed-                              
  1.000000000000000E+00 -0.000000000000000E+00 -0.000000000000000E+00      | Alpha, pb/2V, p'b/2V
  0.000000000000000E+00  3.339751439395332E-26      | Beta, qc/2V
  0.000000000000000E+00 -0.000000000000000E+00 -0.000000000000000E+00      | Mach, rb/2V, r'b/2V
 -1.138288512932327E-01 -6.470055763946822E-04 -5.719094311061834E-04      | CXtot, Cltot, Cl'tot
 -1.303944384155765E-02  1.305551489399343E-11      | CYtot, Cmtot
 -2.239520596564093E+00  4.297264304202478E-03  4.307901614321110E-03      | CZtot, Cntot, Cn'tot
  2.237192919352816E+00      | CLtot
  1.528965382837425E-01      | CDtot
  0.000000000000000E+00  1.528965382837425E-01      | CDvis, CDind
  2.238497222476181E+00  1.537390643099941E-01 -1.118861380485175E-02  6.394158250450317E-01      | Trefftz Plane: CLff, CDff, CYff, e
CONTROL
     5
  0.000000000000000E+00  inboard_slat    
  4.500000000000000E+01  inboard_flap    
  0.000000000000000E+00  outboard_slat   
  4.500000000000000E+01  outboard_flap   
 -9.259556979614931E+00  elevator        
DESIGN
     0
