TOT
VERSION 1.0
Vortex Lattice Output -- Total Forces
STARTG01                                                    
     5      | # surfaces
   118      | # strips
  1270      | # vortices
  8.261345400000000E+02  7.594870000000000E+00  1.157786900000000E+02      | Sref, Cref, Bref
  3.383665524389960E+00  0.000000000000000E+00  0.000000000000000E+00      | Xref, Yref, Zref
Standard axis orientation,  X fwd, Z down         
 -unnamed-                              
 -1.400000000000000E+01 -0.000000000000000E+00 -0.000000000000000E+00      | Alpha, pb/2V, p'b/2V
  0.000000000000000E+00  2.314164273586090E-26      | Beta, qc/2V
  0.000000000000000E+00 -0.000000000000000E+00 -0.000000000000000E+00      | Mach, rb/2V, r'b/2V
 -2.614755846050060E-01 -9.414870075015268E-04 -2.017247001141811E-03      | CXtot, Cltot, Cl'tot
 -1.364549299931374E-02 -3.599869179875606E-10      | CYtot, Cmtot
 -7.907193343701348E-01  4.562324458820990E-03  4.199037602741227E-03      | CZtot, Cntot, Cn'tot
  8.304882599038168E-01      | CLtot
  6.241632200962457E-02      | CDtot
  0.000000000000000E+00  6.241632200962457E-02      | CDvis, CDind
  8.146605617772904E-01  6.432913796484165E-02 -1.166906439024523E-02  2.024316400511720E-01      | Trefftz Plane: CLff, CDff, CYff, e
CONTROL
     5
  0.000000000000000E+00  inboard_slat    
  4.500000000000000E+01  inboard_flap    
  0.000000000000000E+00  outboard_slat   
  4.500000000000000E+01  outboard_flap   
  1.374063199054983E+01  elevator        
DESIGN
     0
