TOT
VERSION 1.0
Vortex Lattice Output -- Total Forces
STARTG01                                                    
     5      | # surfaces
   118      | # strips
  1270      | # vortices
  8.261345400000000E+02  7.594870000000000E+00  1.157786900000000E+02      | Sref, Cref, Bref
  3.383665524389960E+00  0.000000000000000E+00  0.000000000000000E+00      | Xref, Yref, Zref
Standard axis orientation,  X fwd, Z down         
 -unnamed-                              
 -3.000000000000000E+00 -0.000000000000000E+00 -0.000000000000000E+00      | Alpha, pb/2V, p'b/2V
  0.000000000000000E+00  0.000000000000000E+00      | Beta, qc/2V
  0.000000000000000E+00 -0.000000000000000E+00 -0.000000000000000E+00      | Mach, rb/2V, r'b/2V
 -2.211593838903529E-01 -7.322400639352807E-04 -9.629179707792890E-04      | CXtot, Cltot, Cl'tot
 -1.338240055634919E-02 -5.176449309344036E-10      | CYtot, Cmtot
 -1.867426784056196E+00  4.426811565789945E-03  4.382422290445533E-03      | CZtot, Cntot, Cn'tot
  1.876442128388271E+00      | CLtot
  1.231227261837649E-01      | CDtot
  0.000000000000000E+00  1.231227261837649E-01      | CDvis, CDind
  1.869788777442682E+00  1.239261860071864E-01 -1.139376193276398E-02  5.534543232922774E-01      | Trefftz Plane: CLff, CDff, CYff, e
CONTROL
     5
  0.000000000000000E+00  inboard_slat    
  4.500000000000000E+01  inboard_flap    
  0.000000000000000E+00  outboard_slat   
  4.500000000000000E+01  outboard_flap   
 -3.249877004026573E+00  elevator        
DESIGN
     0
