TOT
VERSION 1.0
Vortex Lattice Output -- Total Forces
STARTG01                                                    
     5      | # surfaces
   118      | # strips
  1270      | # vortices
  8.261345400000000E+02  7.594870000000000E+00  1.157786900000000E+02      | Sref, Cref, Bref
  3.383665524389960E+00  0.000000000000000E+00  0.000000000000000E+00      | Xref, Yref, Zref
Standard axis orientation,  X fwd, Z down         
 -unnamed-                              
  1.200000000000000E+01 -0.000000000000000E+00 -0.000000000000000E+00      | Alpha, pb/2V, p'b/2V
  0.000000000000000E+00 -2.233677630095933E-25      | Beta, qc/2V
  0.000000000000000E+00 -0.000000000000000E+00 -0.000000000000000E+00      | Mach, rb/2V, r'b/2V
  4.131106101686182E-01 -4.058901151758932E-04  3.822964049449410E-04      | CXtot, Cltot, Cl'tot
 -1.149050255450115E-02  1.343801266659797E-09      | CYtot, Cmtot
 -3.129049989999742E+00  3.748307005732077E-03  3.750786804602982E-03      | CZtot, Cntot, Cn'tot
  3.146563265749299E+00      | CLtot
  2.464829219000268E-01      | CDtot
  0.000000000000000E+00  2.464829219000268E-01      | CDvis, CDind
  3.191213888891948E+00  2.516948123556657E-01 -1.034680615700047E-02  7.937537179193107E-01      | Trefftz Plane: CLff, CDff, CYff, e
CONTROL
     5
  0.000000000000000E+00  inboard_slat    
  4.500000000000000E+01  inboard_flap    
  0.000000000000000E+00  outboard_slat   
  4.500000000000000E+01  outboard_flap   
 -2.599682612711314E+01  elevator        
DESIGN
     0
