TOT
VERSION 1.0
Vortex Lattice Output -- Total Forces
STARTG01                                                    
     5      | # surfaces
   118      | # strips
  1270      | # vortices
  8.261345400000000E+02  7.594870000000000E+00  1.157786900000000E+02      | Sref, Cref, Bref
  3.383665524389960E+00  0.000000000000000E+00  0.000000000000000E+00      | Xref, Yref, Zref
Standard axis orientation,  X fwd, Z down         
 -unnamed-                              
  1.000000000000000E+01 -0.000000000000000E+00 -0.000000000000000E+00      | Alpha, pb/2V, p'b/2V
  0.000000000000000E+00  6.188317524517604E-26      | Beta, qc/2V
  0.000000000000000E+00 -0.000000000000000E+00 -0.000000000000000E+00      | Mach, rb/2V, r'b/2V
  2.941020087997925E-01 -4.494183333768269E-04  2.288923716387473E-04      | CXtot, Cltot, Cl'tot
 -1.183199967984662E-02  4.465433480881770E-10      | CYtot, Cmtot
 -2.985888864049894E+00  3.866916657092850E-03  3.886210178758084E-03      | CZtot, Cntot, Cn'tot
  2.991596780825418E+00      | CLtot
  2.288602215157446E-01      | CDtot
  0.000000000000000E+00  2.288602215157446E-01      | CDvis, CDind
  3.025716840874289E+00  2.325536000766697E-01 -1.052929912240820E-02  7.722935395497920E-01      | Trefftz Plane: CLff, CDff, CYff, e
CONTROL
     5
  0.000000000000000E+00  inboard_slat    
  4.500000000000000E+01  inboard_flap    
  0.000000000000000E+00  outboard_slat   
  4.500000000000000E+01  outboard_flap   
 -2.289361445550131E+01  elevator        
DESIGN
     0
