TOT
VERSION 1.0
Vortex Lattice Output -- Total Forces
STARTG01                                                    
     5      | # surfaces
   118      | # strips
  1270      | # vortices
  8.261345400000000E+02  7.594870000000000E+00  1.157786900000000E+02      | Sref, Cref, Bref
  3.383665524389960E+00  0.000000000000000E+00  0.000000000000000E+00      | Xref, Yref, Zref
Standard axis orientation,  X fwd, Z down         
 -unnamed-                              
  2.000000000000000E+00 -0.000000000000000E+00 -0.000000000000000E+00      | Alpha, pb/2V, p'b/2V
  0.000000000000000E+00  0.000000000000000E+00      | Beta, qc/2V
  0.000000000000000E+00 -0.000000000000000E+00 -0.000000000000000E+00      | Mach, rb/2V, r'b/2V
 -7.958348528451979E-02 -6.252712674640441E-04 -4.762670430544814E-04      | CXtot, Cltot, Cl'tot
 -1.293416461103610E-02  7.312904925713126E-11      | CYtot, Cmtot
 -2.329378007901633E+00  4.258609438256949E-03  4.277836860987969E-03      | CZtot, Cntot, Cn'tot
  2.325181590174646E+00      | CLtot
  1.608291252811996E-01      | CDtot
  0.000000000000000E+00  1.608291252811996E-01      | CDvis, CDind
  2.329045944539868E+00  1.617603631977520E-01 -1.112874793587778E-02  6.578661769793238E-01      | Trefftz Plane: CLff, CDff, CYff, e
CONTROL
     5
  0.000000000000000E+00  inboard_slat    
  4.500000000000000E+01  inboard_flap    
  0.000000000000000E+00  outboard_slat   
  4.500000000000000E+01  outboard_flap   
 -1.076058035142531E+01  elevator        
DESIGN
     0
