TOT
VERSION 1.0
Vortex Lattice Output -- Total Forces
STARTG01                                                    
     5      | # surfaces
   118      | # strips
  1270      | # vortices
  8.261345400000000E+02  7.594870000000000E+00  1.157786900000000E+02      | Sref, Cref, Bref
  3.383665524389960E+00  0.000000000000000E+00  0.000000000000000E+00      | Xref, Yref, Zref
Standard axis orientation,  X fwd, Z down         
 -unnamed-                              
 -1.000000000000000E+01 -0.000000000000000E+00 -0.000000000000000E+00      | Alpha, pb/2V, p'b/2V
  0.000000000000000E+00 -4.518803941068988E-26      | Beta, qc/2V
  0.000000000000000E+00 -0.000000000000000E+00 -0.000000000000000E+00      | Mach, rb/2V, r'b/2V
 -2.906742180401851E-01 -8.709051157936806E-04 -1.648055935201389E-03      | CXtot, Cltot, Cl'tot
 -1.366778974063274E-02 -2.744243431671359E-10      | CYtot, Cmtot
 -1.185232370885383E+00  4.551627524394680E-03  4.331246988569264E-03      | CZtot, Cntot, Cn'tot
  1.217701076226404E+00      | CLtot
  8.044478221063332E-02      | CDtot
  0.000000000000000E+00  8.044478221063332E-02      | CDvis, CDind
  1.203842002491862E+00  8.182699688940523E-02 -1.161848077899183E-02  3.474773225794940E-01      | Trefftz Plane: CLff, CDff, CYff, e
CONTROL
     5
  0.000000000000000E+00  inboard_slat    
  4.500000000000000E+01  inboard_flap    
  0.000000000000000E+00  outboard_slat   
  4.500000000000000E+01  outboard_flap   
  7.432814796800139E+00  elevator        
DESIGN
     0
