TOT
VERSION 1.0
Vortex Lattice Output -- Total Forces
STARTG01                                                    
     5      | # surfaces
   118      | # strips
  1270      | # vortices
  8.261345400000000E+02  7.594870000000000E+00  1.157786900000000E+02      | Sref, Cref, Bref
  3.383665524389960E+00  0.000000000000000E+00  0.000000000000000E+00      | Xref, Yref, Zref
Standard axis orientation,  X fwd, Z down         
 -unnamed-                              
 -5.000000000000000E+00 -0.000000000000000E+00 -0.000000000000000E+00      | Alpha, pb/2V, p'b/2V
  0.000000000000000E+00  9.964840939750534E-25      | Beta, qc/2V
  0.000000000000000E+00 -0.000000000000000E+00 -0.000000000000000E+00      | Mach, rb/2V, r'b/2V
 -2.565909799039536E-01 -7.734722422214334E-04 -1.160637918744285E-03      | CXtot, Cltot, Cl'tot
 -1.350554930960962E-02 -2.634437671483747E-09      | CYtot, Cmtot
 -1.675373207834647E+00  4.475998478397924E-03  4.391553405081227E-03      | CZtot, Cntot, Cn'tot
  1.691361284405714E+00      | CLtot
  1.095961774501289E-01      | CDtot
  0.000000000000000E+00  1.095961774501289E-01      | CDvis, CDind
  1.681920634585530E+00  1.105089996727368E-01 -1.147553055812648E-02  5.022005812494931E-01      | Trefftz Plane: CLff, CDff, CYff, e
CONTROL
     5
  0.000000000000000E+00  inboard_slat    
  4.500000000000000E+01  inboard_flap    
  0.000000000000000E+00  outboard_slat   
  4.500000000000000E+01  outboard_flap   
 -2.287194354287669E-01  elevator        
DESIGN
     0
