TOT
VERSION 1.0
Vortex Lattice Output -- Total Forces
STARTG01                                                    
     5      | # surfaces
   126      | # strips
  1358      | # vortices
  8.261345400000000E+02  7.594870000000000E+00  1.157786900000000E+02      | Sref, Cref, Bref
  3.383665524389960E+00  0.000000000000000E+00  0.000000000000000E+00      | Xref, Yref, Zref
Standard axis orientation,  X fwd, Z down         
 -unnamed-                              
  1.100000000000000E+01 -0.000000000000000E+00 -0.000000000000000E+00      | Alpha, pb/2V, p'b/2V
  0.000000000000000E+00 -8.563637847488201E-26      | Beta, qc/2V
  0.000000000000000E+00 -0.000000000000000E+00 -0.000000000000000E+00      | Mach, rb/2V, r'b/2V
  3.897879189125905E-01 -4.245386738779995E-04  2.777595374550057E-04      | CXtot, Cltot, Cl'tot
 -1.113408481046058E-02  7.782512679004733E-10      | CYtot, Cmtot
 -3.010054255899611E+00  3.639756285011308E-03  3.653889508352735E-03      | CZtot, Cntot, Cn'tot
  3.029126122461014E+00      | CLtot
  1.917190116130052E-01      | CDtot
  0.000000000000000E+00  1.917190116130052E-01      | CDvis, CDind
  3.058242682863528E+00  1.930906625567534E-01 -1.028212745286014E-02  9.502353257858930E-01      | Trefftz Plane: CLff, CDff, CYff, e
CONTROL
     5
  0.000000000000000E+00  inboard_slat    
  3.500000000000000E+01  inboard_flap    
  0.000000000000000E+00  outboard_slat   
  3.500000000000000E+01  outboard_flap   
 -2.330714524434814E+01  elevator        
DESIGN
     0
