TOT
VERSION 1.0
Vortex Lattice Output -- Total Forces
STARTG01                                                    
     5      | # surfaces
   118      | # strips
  1270      | # vortices
  8.261345400000000E+02  7.594870000000000E+00  1.157786900000000E+02      | Sref, Cref, Bref
  3.383665524389960E+00  0.000000000000000E+00  0.000000000000000E+00      | Xref, Yref, Zref
Standard axis orientation,  X fwd, Z down         
 -unnamed-                              
 -2.000000000000000E+00 -0.000000000000000E+00 -0.000000000000000E+00      | Alpha, pb/2V, p'b/2V
  0.000000000000000E+00  7.217541620061699E-26      | Beta, qc/2V
  0.000000000000000E+00 -0.000000000000000E+00 -0.000000000000000E+00      | Mach, rb/2V, r'b/2V
 -1.988432009386823E-01 -7.112391474007776E-04 -8.643032155122932E-04      | CXtot, Cltot, Cl'tot
 -1.330860474399026E-02 -1.395255357647743E-10      | CYtot, Cmtot
 -1.962124484375438E+00  4.398267891699243E-03  4.370766697457439E-03      | CZtot, Cntot, Cn'tot
  1.967868738789859E+00      | CLtot
  1.302449140608769E-01      | CDtot
  0.000000000000000E+00  1.302449140608769E-01      | CDvis, CDind
  1.962886890190044E+00  1.310201384959867E-01 -1.134765465958115E-02  5.769134362447746E-01      | Trefftz Plane: CLff, CDff, CYff, e
CONTROL
     5
  0.000000000000000E+00  inboard_slat    
  4.500000000000000E+01  inboard_flap    
  0.000000000000000E+00  outboard_slat   
  4.500000000000000E+01  outboard_flap   
 -4.754980222765552E+00  elevator        
DESIGN
     0
