TOT
VERSION 1.0
Vortex Lattice Output -- Total Forces
STARTG01                                                    
     5      | # surfaces
   118      | # strips
  1270      | # vortices
  8.261345400000000E+02  7.594870000000000E+00  1.157786900000000E+02      | Sref, Cref, Bref
  3.383665524389960E+00  0.000000000000000E+00  0.000000000000000E+00      | Xref, Yref, Zref
Standard axis orientation,  X fwd, Z down         
 -unnamed-                              
 -1.300000000000000E+01 -0.000000000000000E+00 -0.000000000000000E+00      | Alpha, pb/2V, p'b/2V
  0.000000000000000E+00 -1.224905155506490E-25      | Beta, qc/2V
  0.000000000000000E+00 -0.000000000000000E+00 -0.000000000000000E+00      | Mach, rb/2V, r'b/2V
 -2.734674155070650E-01 -9.245447262439760E-04 -1.927488151217467E-03      | CXtot, Cltot, Cl'tot
 -1.366377778815580E-02 -4.358931321359755E-10      | CYtot, Cmtot
 -8.890666845800587E-01  4.563834783547771E-03  4.238886682757910E-03      | CZtot, Cntot, Cn'tot
  9.277967464996721E-01      | CLtot
  6.646197528598111E-02      | CDtot
  0.000000000000000E+00  6.646197528598111E-02      | CDvis, CDind
  9.123975902348720E-01  6.822612118970697E-02 -1.166175580227385E-02  2.394044205301443E-01      | Trefftz Plane: CLff, CDff, CYff, e
CONTROL
     5
  0.000000000000000E+00  inboard_slat    
  4.500000000000000E+01  inboard_flap    
  0.000000000000000E+00  outboard_slat   
  4.500000000000000E+01  outboard_flap   
  1.214450456877948E+01  elevator        
DESIGN
     0
