TOT
VERSION 1.0
Vortex Lattice Output -- Total Forces
STARTG01                                                    
     5      | # surfaces
   118      | # strips
  1270      | # vortices
  8.261345400000000E+02  7.594870000000000E+00  1.157786900000000E+02      | Sref, Cref, Bref
  3.383665524389960E+00  0.000000000000000E+00  0.000000000000000E+00      | Xref, Yref, Zref
Standard axis orientation,  X fwd, Z down         
 -unnamed-                              
 -9.000000000000000E+00 -0.000000000000000E+00 -0.000000000000000E+00      | Alpha, pb/2V, p'b/2V
  0.000000000000000E+00  1.439635123106332E-26      | Beta, qc/2V
  0.000000000000000E+00 -0.000000000000000E+00 -0.000000000000000E+00      | Mach, rb/2V, r'b/2V
 -2.901297701311639E-01 -8.521605271928457E-04 -1.552193752051389E-03      | CXtot, Cltot, Cl'tot
 -1.365217567094153E-02 -1.957088707673499E-10      | CYtot, Cmtot
 -1.283927743312228E+00  4.541996131382437E-03  4.352769345794841E-03      | CZtot, Cntot, Cn'tot
  1.313506757618828E+00      | CLtot
  8.570724154273879E-02      | CDtot
  0.000000000000000E+00  8.570724154273879E-02      | CDvis, CDind
  1.300302361706698E+00  8.697892399372911E-02 -1.159695462453252E-02  3.813755615052093E-01      | Trefftz Plane: CLff, CDff, CYff, e
CONTROL
     5
  0.000000000000000E+00  inboard_slat    
  4.500000000000000E+01  inboard_flap    
  0.000000000000000E+00  outboard_slat   
  4.500000000000000E+01  outboard_flap   
  5.884148806462276E+00  elevator        
DESIGN
     0
