TOT
VERSION 1.0
Vortex Lattice Output -- Total Forces
STARTG01                                                    
     5      | # surfaces
   118      | # strips
  1270      | # vortices
  8.261345400000000E+02  7.594870000000000E+00  1.157786900000000E+02      | Sref, Cref, Bref
  3.383665524389960E+00  0.000000000000000E+00  0.000000000000000E+00      | Xref, Yref, Zref
Standard axis orientation,  X fwd, Z down         
 -unnamed-                              
 -8.000000000000000E+00 -0.000000000000000E+00 -0.000000000000000E+00      | Alpha, pb/2V, p'b/2V
  0.000000000000000E+00  4.335091286622511E-27      | Beta, qc/2V
  0.000000000000000E+00 -0.000000000000000E+00 -0.000000000000000E+00      | Mach, rb/2V, r'b/2V
 -2.864429623880316E-01 -8.330213349857877E-04 -1.455312990064664E-03      | CXtot, Cltot, Cl'tot
 -1.362810973517910E-02 -1.287939390554049E-10      | CYtot, Cmtot
 -1.382409314412622E+00  4.529600598815793E-03  4.369584674804110E-03      | CZtot, Cntot, Cn'tot
  1.408820957317475E+00      | CLtot
  9.126112808572756E-02      | CDtot
  0.000000000000000E+00  9.126112808572756E-02      | CDvis, CDind
  1.396369659524247E+00  9.242988648916793E-02 -1.157188820597187E-02  4.138680086414787E-01      | Trefftz Plane: CLff, CDff, CYff, e
CONTROL
     5
  0.000000000000000E+00  inboard_slat    
  4.500000000000000E+01  inboard_flap    
  0.000000000000000E+00  outboard_slat   
  4.500000000000000E+01  outboard_flap   
  4.344671016549637E+00  elevator        
DESIGN
     0
