TOT
VERSION 1.0
Vortex Lattice Output -- Total Forces
STARTG01                                                    
     5      | # surfaces
   126      | # strips
  1358      | # vortices
  8.261345400000000E+02  7.594870000000000E+00  1.157786900000000E+02      | Sref, Cref, Bref
  3.383665524389960E+00  0.000000000000000E+00  0.000000000000000E+00      | Xref, Yref, Zref
Standard axis orientation,  X fwd, Z down         
 -unnamed-                              
  1.300000000000000E+01 -0.000000000000000E+00 -0.000000000000000E+00      | Alpha, pb/2V, p'b/2V
  0.000000000000000E+00  3.669516590396016E-25      | Beta, qc/2V
  0.000000000000000E+00 -0.000000000000000E+00 -0.000000000000000E+00      | Mach, rb/2V, r'b/2V
  5.120053346519702E-01 -3.820073447006661E-04  4.199410866470087E-04      | CXtot, Cltot, Cl'tot
 -1.079451199274086E-02  2.099557269144223E-09      | CYtot, Cmtot
 -3.149644380314619E+00  3.521466525960457E-03  3.517144521996643E-03      | CZtot, Cntot, Cn'tot
  3.184095338757251E+00      | CLtot
  2.096331530647766E-01      | CDtot
  0.000000000000000E+00  2.096331530647766E-01      | CDvis, CDind
  3.222662640682336E+00  2.122076665317288E-01 -1.009466853293487E-02  9.601001222497890E-01      | Trefftz Plane: CLff, CDff, CYff, e
CONTROL
     5
  0.000000000000000E+00  inboard_slat    
  3.500000000000000E+01  inboard_flap    
  0.000000000000000E+00  outboard_slat   
  3.500000000000000E+01  outboard_flap   
 -2.636561810200142E+01  elevator        
DESIGN
     0
