TOT
VERSION 1.0
Vortex Lattice Output -- Total Forces
STARTG01                                                    
     5      | # surfaces
   118      | # strips
  1270      | # vortices
  8.261345400000000E+02  7.594870000000000E+00  1.157786900000000E+02      | Sref, Cref, Bref
  3.383665524389960E+00  0.000000000000000E+00  0.000000000000000E+00      | Xref, Yref, Zref
Standard axis orientation,  X fwd, Z down         
 -unnamed-                              
 -3.511651496834367E-22 -0.000000000000000E+00 -0.000000000000000E+00      | Alpha, pb/2V, p'b/2V
  0.000000000000000E+00 -1.762554920925271E-25      | Beta, qc/2V
  0.000000000000000E+00 -0.000000000000000E+00 -0.000000000000000E+00      | Mach, rb/2V, r'b/2V
 -1.451453461068584E-01 -6.685958667688288E-04 -6.685958667688288E-04      | CXtot, Cltot, Cl'tot
 -1.313702150712928E-02 -1.339734388965813E-11      | CYtot, Cmtot
 -2.148284824270067E+00  4.333454642648629E-03  4.333454642648629E-03      | CZtot, Cntot, Cn'tot
  2.148284824270067E+00      | CLtot
  1.451453461068584E-01      | CDtot
  0.000000000000000E+00  1.451453461068584E-01      | CDvis, CDind
  2.147269227689936E+00  1.459356465225452E-01 -1.124506488731495E-02  6.198222600852415E-01      | Trefftz Plane: CLff, CDff, CYff, e
CONTROL
     5
  0.000000000000000E+00  inboard_slat    
  4.500000000000000E+01  inboard_flap    
  0.000000000000000E+00  outboard_slat   
  4.500000000000000E+01  outboard_flap   
 -7.758896399670462E+00  elevator        
DESIGN
     0
