TOT
VERSION 1.0
Vortex Lattice Output -- Total Forces
STARTG01                                                    
     5      | # surfaces
   118      | # strips
  1270      | # vortices
  8.261345400000000E+02  7.594870000000000E+00  1.157786900000000E+02      | Sref, Cref, Bref
  3.383665524389960E+00  0.000000000000000E+00  0.000000000000000E+00      | Xref, Yref, Zref
Standard axis orientation,  X fwd, Z down         
 -unnamed-                              
 -1.000000000000000E+00 -0.000000000000000E+00 -0.000000000000000E+00      | Alpha, pb/2V, p'b/2V
  0.000000000000000E+00  6.111723523939398E-27      | Beta, qc/2V
  0.000000000000000E+00 -0.000000000000000E+00 -0.000000000000000E+00      | Mach, rb/2V, r'b/2V
 -1.734949352810963E-01 -6.900157758035265E-04 -7.661277194880040E-04      | CXtot, Cltot, Cl'tot
 -1.322677837714354E-02 -1.480441084392853E-11      | CYtot, Cmtot
 -2.055781876827701E+00  4.367136228645040E-03  4.354428656877258E-03      | CZtot, Cntot, Cn'tot
  2.058496675415793E+00      | CLtot
  1.375901703013129E-01      | CDtot
  0.000000000000000E+00  1.375901703013129E-01      | CDvis, CDind
  2.055389777411877E+00  1.383596002095695E-01 -1.129808391546303E-02  5.990124550032783E-01      | Trefftz Plane: CLff, CDff, CYff, e
CONTROL
     5
  0.000000000000000E+00  inboard_slat    
  4.500000000000000E+01  inboard_flap    
  0.000000000000000E+00  outboard_slat   
  4.500000000000000E+01  outboard_flap   
 -6.257678128894200E+00  elevator        
DESIGN
     0
