TOT
VERSION 1.0
Vortex Lattice Output -- Total Forces
STARTG01                                                    
     5      | # surfaces
   126      | # strips
  1358      | # vortices
  8.261345400000000E+02  7.594870000000000E+00  1.157786900000000E+02      | Sref, Cref, Bref
  3.383665524389960E+00  0.000000000000000E+00  0.000000000000000E+00      | Xref, Yref, Zref
Standard axis orientation,  X fwd, Z down         
 -unnamed-                              
  4.000000000000000E+00 -0.000000000000000E+00 -0.000000000000000E+00      | Alpha, pb/2V, p'b/2V
  0.000000000000000E+00  1.094468898258964E-25      | Beta, qc/2V
  0.000000000000000E+00 -0.000000000000000E+00 -0.000000000000000E+00      | Mach, rb/2V, r'b/2V
  4.572504247679678E-02 -5.100017979356774E-04 -2.706061037106441E-04      | CXtot, Cltot, Cl'tot
 -1.036756750797614E-02 -2.257874140475583E-10      | CYtot, Cmtot
 -8.613211743144945E-01  3.414068153035320E-03  3.441327581632148E-03      | CZtot, Cntot, Cn'tot
  8.624126569486970E-01      | CLtot
  1.446906930987231E-02      | CDtot
  0.000000000000000E+00  1.446906930987231E-02      | CDvis, CDind
  8.616670850516124E-01  1.431565437673973E-02 -1.023209578790199E-02  1.017589653874590E+00      | Trefftz Plane: CLff, CDff, CYff, e
CONTROL
     5
  0.000000000000000E+00  inboard_slat    
  0.000000000000000E+00  inboard_flap    
  0.000000000000000E+00  outboard_slat   
  0.000000000000000E+00  outboard_flap   
 -6.883889273710945E+00  elevator        
DESIGN
     0
