TOT
VERSION 1.0
Vortex Lattice Output -- Total Forces
STARTG01                                                    
     5      | # surfaces
   126      | # strips
  1358      | # vortices
  8.261345400000000E+02  7.594870000000000E+00  1.157786900000000E+02      | Sref, Cref, Bref
  3.383665524389960E+00  0.000000000000000E+00  0.000000000000000E+00      | Xref, Yref, Zref
Standard axis orientation,  X fwd, Z down         
 -unnamed-                              
  7.000000000000000E+00 -0.000000000000000E+00 -0.000000000000000E+00      | Alpha, pb/2V, p'b/2V
  0.000000000000000E+00 -2.852998533515795E-28      | Beta, qc/2V
  0.000000000000000E+00 -0.000000000000000E+00 -0.000000000000000E+00      | Mach, rb/2V, r'b/2V
  1.141446880955772E-01 -4.505039988856750E-04 -4.573895412625367E-05      | CXtot, Cltot, Cl'tot
 -1.003481238775427E-02 -3.924071255000799E-09      | CYtot, Cmtot
 -1.136450381979726E+00  3.293749232178065E-03  3.324100751415488E-03      | CZtot, Cntot, Cn'tot
  1.141890191356681E+00      | CLtot
  2.520459096483408E-02      | CDtot
  0.000000000000000E+00  2.520459096483408E-02      | CDvis, CDind
  1.141899403907802E+00  2.491753068003850E-02 -1.002181553830924E-02  1.026662705449091E+00      | Trefftz Plane: CLff, CDff, CYff, e
CONTROL
     5
  0.000000000000000E+00  inboard_slat    
  0.000000000000000E+00  inboard_flap    
  0.000000000000000E+00  outboard_slat   
  0.000000000000000E+00  outboard_flap   
 -1.149952161938939E+01  elevator        
DESIGN
     0
