TOT
VERSION 1.0
Vortex Lattice Output -- Total Forces
STARTG01                                                    
     5      | # surfaces
   126      | # strips
  1358      | # vortices
  8.261345400000000E+02  7.594870000000000E+00  1.157786900000000E+02      | Sref, Cref, Bref
  3.383665524389960E+00  0.000000000000000E+00  0.000000000000000E+00      | Xref, Yref, Zref
Standard axis orientation,  X fwd, Z down         
 -unnamed-                              
 -1.100000000000000E+01 -0.000000000000000E+00 -0.000000000000000E+00      | Alpha, pb/2V, p'b/2V
  0.000000000000000E+00 -5.511076251712917E-26      | Beta, qc/2V
  0.000000000000000E+00 -0.000000000000000E+00 -0.000000000000000E+00      | Mach, rb/2V, r'b/2V
  1.005258414276887E-01 -7.898989442514832E-04 -1.489333141733299E-03      | CXtot, Cltot, Cl'tot
 -1.117389638484992E-02  8.389025039955492E-10      | CYtot, Cmtot
  5.479349103563972E-01  3.741683480228593E-03  3.522218392047828E-03      | CZtot, Cntot, Cn'tot
 -5.570490375779975E-01      | CLtot
  5.872011192472779E-03      | CDtot
  0.000000000000000E+00  5.872011192472779E-03      | CDvis, CDind
 -5.586204350516788E-01  6.097644295001406E-03 -1.085222441290966E-02  1.004336088495030E+00      | Trefftz Plane: CLff, CDff, CYff, e
CONTROL
     5
  0.000000000000000E+00  inboard_slat    
  0.000000000000000E+00  inboard_flap    
  0.000000000000000E+00  outboard_slat   
  0.000000000000000E+00  outboard_flap   
  1.632773915067586E+01  elevator        
DESIGN
     0
