TOT
VERSION 1.0
Vortex Lattice Output -- Total Forces
STARTG01                                                    
     5      | # surfaces
   126      | # strips
  1358      | # vortices
  8.261345400000000E+02  7.594870000000000E+00  1.157786900000000E+02      | Sref, Cref, Bref
  3.383665524389960E+00  0.000000000000000E+00  0.000000000000000E+00      | Xref, Yref, Zref
Standard axis orientation,  X fwd, Z down         
 -unnamed-                              
 -5.000000000000000E+00 -0.000000000000000E+00 -0.000000000000000E+00      | Alpha, pb/2V, p'b/2V
  0.000000000000000E+00 -1.937726687567977E-25      | Beta, qc/2V
  0.000000000000000E+00 -0.000000000000000E+00 -0.000000000000000E+00      | Mach, rb/2V, r'b/2V
 -1.138377735851795E-03 -6.839948051769401E-04 -1.001164331058694E-03      | CXtot, Cltot, Cl'tot
 -1.103198253404898E-02  9.236157622136837E-10      | CYtot, Cmtot
 -1.004738467858817E-02  3.668976048370862E-03  3.595400411531920E-03      | CZtot, Cntot, Cn'tot
  1.010836750359333E-02      | CLtot
  2.583585905474514E-04      | CDtot
  0.000000000000000E+00  2.583585905474514E-04      | CDvis, CDind
  1.019821797343249E-02  2.586186059530599E-04 -1.069204718423516E-02  1.656091807111583E-02      | Trefftz Plane: CLff, CDff, CYff, e
CONTROL
     5
  0.000000000000000E+00  inboard_slat    
  0.000000000000000E+00  inboard_flap    
  0.000000000000000E+00  outboard_slat   
  0.000000000000000E+00  outboard_flap   
  6.912744024051643E+00  elevator        
DESIGN
     0
