TOT
VERSION 1.0
Vortex Lattice Output -- Total Forces
STARTG01                                                    
     5      | # surfaces
   126      | # strips
  1358      | # vortices
  8.261345400000000E+02  7.594870000000000E+00  1.157786900000000E+02      | Sref, Cref, Bref
  3.383665524389960E+00  0.000000000000000E+00  0.000000000000000E+00      | Xref, Yref, Zref
Standard axis orientation,  X fwd, Z down         
 -unnamed-                              
 -9.000000000000000E+00 -0.000000000000000E+00 -0.000000000000000E+00      | Alpha, pb/2V, p'b/2V
  0.000000000000000E+00  3.976257881221055E-26      | Beta, qc/2V
  0.000000000000000E+00 -0.000000000000000E+00 -0.000000000000000E+00      | Mach, rb/2V, r'b/2V
  5.501590687346820E-02 -7.558851647386736E-04 -1.329528790900339E-03      | CXtot, Cltot, Cl'tot
 -1.115425719562205E-02  2.480289694331908E-10      | CYtot, Cmtot
  3.647789960108032E-01  3.726479498678224E-03  3.562353860933554E-03      | CZtot, Cntot, Cn'tot
 -3.688943452143247E-01      | CLtot
  2.725437332670064E-03      | CDtot
  0.000000000000000E+00  2.725437332670064E-03      | CDvis, CDind
 -3.694127305566981E-01  2.800864357630274E-03 -1.081204307572611E-02  9.566369523807193E-01      | Trefftz Plane: CLff, CDff, CYff, e
CONTROL
     5
  0.000000000000000E+00  inboard_slat    
  0.000000000000000E+00  inboard_flap    
  0.000000000000000E+00  outboard_slat   
  0.000000000000000E+00  outboard_flap   
  1.315281325657737E+01  elevator        
DESIGN
     0
