TOT
VERSION 1.0
Vortex Lattice Output -- Total Forces
STARTG01                                                    
     5      | # surfaces
   126      | # strips
  1358      | # vortices
  8.261345400000000E+02  7.594870000000000E+00  1.157786900000000E+02      | Sref, Cref, Bref
  3.383665524389960E+00  0.000000000000000E+00  0.000000000000000E+00      | Xref, Yref, Zref
Standard axis orientation,  X fwd, Z down         
 -unnamed-                              
  6.000000000000000E+00 -0.000000000000000E+00 -0.000000000000000E+00      | Alpha, pb/2V, p'b/2V
  0.000000000000000E+00 -4.880988334609329E-25      | Beta, qc/2V
  0.000000000000000E+00 -0.000000000000000E+00 -0.000000000000000E+00      | Mach, rb/2V, r'b/2V
  8.847335420656979E-02 -4.703314583825401E-04 -1.190834557403425E-04      | CXtot, Cltot, Cl'tot
 -1.015148262829773E-02 -1.794685058008859E-09      | CYtot, Cmtot
 -1.045637247309964E+00  3.335660611490904E-03  3.366550538216388E-03      | CZtot, Cntot, Cn'tot
  1.049157120817717E+00      | CLtot
  2.131016668162344E-02      | CDtot
  0.000000000000000E+00  2.131016668162344E-02      | CDvis, CDind
  1.048793292365818E+00  2.106692423499645E-02 -1.009500364291003E-02  1.024383437142612E+00      | Trefftz Plane: CLff, CDff, CYff, e
CONTROL
     5
  0.000000000000000E+00  inboard_slat    
  0.000000000000000E+00  inboard_flap    
  0.000000000000000E+00  outboard_slat   
  0.000000000000000E+00  outboard_flap   
 -9.956560449510583E+00  elevator        
DESIGN
     0
