TOT
VERSION 1.0
Vortex Lattice Output -- Total Forces
STARTG01                                                    
     5      | # surfaces
   126      | # strips
  1358      | # vortices
  8.261345400000000E+02  7.594870000000000E+00  1.157786900000000E+02      | Sref, Cref, Bref
  3.383665524389960E+00  0.000000000000000E+00  0.000000000000000E+00      | Xref, Yref, Zref
Standard axis orientation,  X fwd, Z down         
 -unnamed-                              
  1.000000000000000E+01 -0.000000000000000E+00 -0.000000000000000E+00      | Alpha, pb/2V, p'b/2V
  0.000000000000000E+00 -3.720715248373443E-27      | Beta, qc/2V
  0.000000000000000E+00 -0.000000000000000E+00 -0.000000000000000E+00      | Mach, rb/2V, r'b/2V
  2.079647264989628E-01 -3.913433883463364E-04  1.629493108694979E-04      | CXtot, Cltot, Cl'tot
 -9.652023080768297E-03  3.421658555449736E-10      | CYtot, Cmtot
 -1.402186000162026E+00  3.157806325240032E-03  3.177788217835716E-03      | CZtot, Cntot, Cn'tot
  1.416996339900287E+00      | CLtot
  3.868176866897597E-02      | CDtot
  0.000000000000000E+00  3.868176866897597E-02      | CDvis, CDind
  1.419049455178994E+00  3.831224901754671E-02 -9.783954158900826E-03  1.031149665061900E+00      | Trefftz Plane: CLff, CDff, CYff, e
CONTROL
     5
  0.000000000000000E+00  inboard_slat    
  0.000000000000000E+00  inboard_flap    
  0.000000000000000E+00  outboard_slat   
  0.000000000000000E+00  outboard_flap   
 -1.616667348710166E+01  elevator        
DESIGN
     0
