TOT
VERSION 1.0
Vortex Lattice Output -- Total Forces
STARTG01                                                    
     5      | # surfaces
   126      | # strips
  1358      | # vortices
  8.261345400000000E+02  7.594870000000000E+00  1.157786900000000E+02      | Sref, Cref, Bref
  3.383665524389960E+00  0.000000000000000E+00  0.000000000000000E+00      | Xref, Yref, Zref
Standard axis orientation,  X fwd, Z down         
 -unnamed-                              
 -8.000000000000000E+00 -0.000000000000000E+00 -0.000000000000000E+00      | Alpha, pb/2V, p'b/2V
  0.000000000000000E+00  3.593997032549711E-26      | Beta, qc/2V
  0.000000000000000E+00 -0.000000000000000E+00 -0.000000000000000E+00      | Mach, rb/2V, r'b/2V
  3.658634233757348E-02 -7.383630663588817E-04 -1.248270708412561E-03      | CXtot, Cltot, Cl'tot
 -1.113402181480195E-02  1.219047660126066E-10      | CYtot, Cmtot
  2.719667369410435E-01  3.715468988562830E-03  3.576550022193761E-03      | CZtot, Cntot, Cn'tot
 -2.744118100684604E-01      | CLtot
  1.620167569128559E-03      | CDtot
  0.000000000000000E+00  1.620167569128559E-03      | CDvis, CDind
 -2.746159277380618E-01  1.656887274950072E-03 -1.078698598953010E-02  8.942762584015908E-01      | Trefftz Plane: CLff, CDff, CYff, e
CONTROL
     5
  0.000000000000000E+00  inboard_slat    
  0.000000000000000E+00  inboard_flap    
  0.000000000000000E+00  outboard_slat   
  0.000000000000000E+00  outboard_flap   
  1.158064502790586E+01  elevator        
DESIGN
     0
