TOT
VERSION 1.0
Vortex Lattice Output -- Total Forces
STARTG01                                                    
     5      | # surfaces
   126      | # strips
  1358      | # vortices
  8.261345400000000E+02  7.594870000000000E+00  1.157786900000000E+02      | Sref, Cref, Bref
  3.383665524389960E+00  0.000000000000000E+00  0.000000000000000E+00      | Xref, Yref, Zref
Standard axis orientation,  X fwd, Z down         
 -unnamed-                              
  1.100000000000000E+01 -0.000000000000000E+00 -0.000000000000000E+00      | Alpha, pb/2V, p'b/2V
  0.000000000000000E+00 -6.299310281612354E-27      | Beta, qc/2V
  0.000000000000000E+00 -0.000000000000000E+00 -0.000000000000000E+00      | Mach, rb/2V, r'b/2V
  2.447138574627678E-01 -3.718108801728567E-04  2.282977603412701E-04      | CXtot, Cltot, Cl'tot
 -9.514020597995661E-03  6.098769487474995E-10      | CYtot, Cmtot
 -1.488170008346000E+00  3.109273890624325E-03  3.123092632336768E-03      | CZtot, Cntot, Cn'tot
  1.507521739081160E+00      | CLtot
  4.373844959021470E-02      | CDtot
  0.000000000000000E+00  4.373844959021470E-02      | CDvis, CDind
  1.510616181874702E+00  4.337343931106386E-02 -9.698648655145397E-03  1.032157446881446E+00      | Trefftz Plane: CLff, CDff, CYff, e
CONTROL
     5
  0.000000000000000E+00  inboard_slat    
  0.000000000000000E+00  inboard_flap    
  0.000000000000000E+00  outboard_slat   
  0.000000000000000E+00  outboard_flap   
 -1.773850734627054E+01  elevator        
DESIGN
     0
