TOT
VERSION 1.0
Vortex Lattice Output -- Total Forces
STARTG01                                                    
     5      | # surfaces
   126      | # strips
  1358      | # vortices
  8.261345400000000E+02  7.594870000000000E+00  1.157786900000000E+02      | Sref, Cref, Bref
  3.383665524389960E+00  0.000000000000000E+00  0.000000000000000E+00      | Xref, Yref, Zref
Standard axis orientation,  X fwd, Z down         
 -unnamed-                              
 -2.000000000000000E+00 -0.000000000000000E+00 -0.000000000000000E+00      | Alpha, pb/2V, p'b/2V
  0.000000000000000E+00 -1.364926081955526E-26      | Beta, qc/2V
  0.000000000000000E+00 -0.000000000000000E+00 -0.000000000000000E+00      | Mach, rb/2V, r'b/2V
 -1.222713142147775E-02 -6.273933225262622E-04 -7.527443018933368E-04      | CXtot, Cltot, Cl'tot
 -1.086891589514352E-02  1.023717016105513E-11      | CYtot, Cmtot
 -2.950157304870322E-01  3.602721595080970E-03  3.578631203236851E-03      | CZtot, Cntot, Cn'tot
  2.952627356078026E-01      | CLtot
  1.923782470063729E-03      | CDtot
  0.000000000000000E+00  1.923782470063729E-03      | CDvis, CDind
  2.950383810531014E-01  1.919298776946102E-03 -1.056767519673039E-02  8.908711636749544E-01      | Trefftz Plane: CLff, CDff, CYff, e
CONTROL
     5
  0.000000000000000E+00  inboard_slat    
  0.000000000000000E+00  inboard_flap    
  0.000000000000000E+00  outboard_slat   
  0.000000000000000E+00  outboard_flap   
  2.296689951102370E+00  elevator        
DESIGN
     0
