TOT
VERSION 1.0
Vortex Lattice Output -- Total Forces
STARTG01                                                    
     5      | # surfaces
   126      | # strips
  1358      | # vortices
  8.261345400000000E+02  7.594870000000000E+00  1.157786900000000E+02      | Sref, Cref, Bref
  3.383665524389960E+00  0.000000000000000E+00  0.000000000000000E+00      | Xref, Yref, Zref
Standard axis orientation,  X fwd, Z down         
 -unnamed-                              
 -1.000000000000000E+00 -0.000000000000000E+00 -0.000000000000000E+00      | Alpha, pb/2V, p'b/2V
  0.000000000000000E+00  0.000000000000000E+00      | Beta, qc/2V
  0.000000000000000E+00 -0.000000000000000E+00 -0.000000000000000E+00      | Mach, rb/2V, r'b/2V
 -9.973544971708969E-03 -6.081370705104529E-04 -6.704606401227086E-04      | CXtot, Cltot, Cl'tot
 -1.080129175854233E-02  1.729031876441384E-10      | CYtot, Cmtot
 -3.901220007804246E-01  3.576365933143355E-03  3.565207779965092E-03      | CZtot, Cntot, Cn'tot
  3.902366456705741E-01      | CLtot
  3.163458234755624E-03      | CDtot
  0.000000000000000E+00  3.163458234755624E-03      | CDvis, CDind
  3.898554824506890E-01  3.150631789320353E-03 -1.051973476591186E-02  9.470423251689474E-01      | Trefftz Plane: CLff, CDff, CYff, e
CONTROL
     5
  0.000000000000000E+00  inboard_slat    
  0.000000000000000E+00  inboard_flap    
  0.000000000000000E+00  outboard_slat   
  0.000000000000000E+00  outboard_flap   
  7.649843526980938E-01  elevator        
DESIGN
     0
