TOT
VERSION 1.0
Vortex Lattice Output -- Total Forces
STARTG01                                                    
     5      | # surfaces
   126      | # strips
  1358      | # vortices
  8.261345400000000E+02  7.594870000000000E+00  1.157786900000000E+02      | Sref, Cref, Bref
  3.383665524389960E+00  0.000000000000000E+00  0.000000000000000E+00      | Xref, Yref, Zref
Standard axis orientation,  X fwd, Z down         
 -unnamed-                              
  1.300000000000000E+01 -0.000000000000000E+00 -0.000000000000000E+00      | Alpha, pb/2V, p'b/2V
  0.000000000000000E+00  2.377504629553944E-25      | Beta, qc/2V
  0.000000000000000E+00 -0.000000000000000E+00 -0.000000000000000E+00      | Mach, rb/2V, r'b/2V
  3.261635924782025E-01 -3.331709737675688E-04  3.519613303559843E-04      | CXtot, Cltot, Cl'tot
 -9.223409230915650E-03  1.679112922163030E-09      | CYtot, Cmtot
 -1.655615027778372E+00  3.007734974276651E-03  3.005594083568545E-03      | CZtot, Cntot, Cn'tot
  1.686552565892375E+00      | CLtot
  5.462830535272080E-02      | CDtot
  0.000000000000000E+00  5.462830535272080E-02      | CDvis, CDind
  1.692357108076926E+00  5.435400909923877E-02 -9.519164745062708E-03  1.033736430313164E+00      | Trefftz Plane: CLff, CDff, CYff, e
CONTROL
     5
  0.000000000000000E+00  inboard_slat    
  0.000000000000000E+00  inboard_flap    
  0.000000000000000E+00  outboard_slat   
  0.000000000000000E+00  outboard_flap   
 -2.091261616473173E+01  elevator        
DESIGN
     0
