TOT
VERSION 1.0
Vortex Lattice Output -- Total Forces
STARTG01                                                    
     5      | # surfaces
   126      | # strips
  1358      | # vortices
  8.261345400000000E+02  7.594870000000000E+00  1.157786900000000E+02      | Sref, Cref, Bref
  3.383665524389960E+00  0.000000000000000E+00  0.000000000000000E+00      | Xref, Yref, Zref
Standard axis orientation,  X fwd, Z down         
 -unnamed-                              
 -4.000000000000000E+00 -0.000000000000000E+00 -0.000000000000000E+00      | Alpha, pb/2V, p'b/2V
  0.000000000000000E+00 -8.540841117373412E-27      | Beta, qc/2V
  0.000000000000000E+00 -0.000000000000000E+00 -0.000000000000000E+00      | Mach, rb/2V, r'b/2V
 -7.806585109776596E-03 -6.653454291697463E-04 -9.182699000077379E-04      | CXtot, Cltot, Cl'tot
 -1.098433225734781E-02  3.065837455868553E-10      | CYtot, Cmtot
 -1.048625204451932E-01  3.649055137118967E-03  3.593754071245162E-03      | CZtot, Cntot, Cn'tot
  1.051516404650020E-01      | CLtot
  4.727290066288511E-04      | CDtot
  0.000000000000000E+00  4.727290066288511E-04      | CDvis, CDind
  1.051807495283202E-01  4.724502908345644E-04 -1.065384472539393E-02  4.640802985801658E-01      | Trefftz Plane: CLff, CDff, CYff, e
CONTROL
     5
  0.000000000000000E+00  inboard_slat    
  0.000000000000000E+00  inboard_flap    
  0.000000000000000E+00  outboard_slat   
  0.000000000000000E+00  outboard_flap   
  5.369608554548203E+00  elevator        
DESIGN
     0
