TOT
VERSION 1.0
Vortex Lattice Output -- Total Forces
STARTG01                                                    
     5      | # surfaces
   126      | # strips
  1358      | # vortices
  8.261345400000000E+02  7.594870000000000E+00  1.157786900000000E+02      | Sref, Cref, Bref
  3.383665524389960E+00  0.000000000000000E+00  0.000000000000000E+00      | Xref, Yref, Zref
Standard axis orientation,  X fwd, Z down         
 -unnamed-                              
 -1.000000000000000E+01 -0.000000000000000E+00 -0.000000000000000E+00      | Alpha, pb/2V, p'b/2V
  0.000000000000000E+00  0.000000000000000E+00      | Beta, qc/2V
  0.000000000000000E+00 -0.000000000000000E+00 -0.000000000000000E+00      | Mach, rb/2V, r'b/2V
  7.633783733685463E-02 -7.730708165822411E-04 -1.409940508039280E-03      | CXtot, Cltot, Cl'tot
 -1.116755437748012E-02  4.696154042894973E-10      | CYtot, Cmtot
  4.568057862296241E-01  3.735221313325262E-03  3.544232570072168E-03      | CZtot, Cntot, Cn'tot
 -4.631218062403506E-01      | CLtot
  4.145398268964324E-03      | CDtot
  0.000000000000000E+00  4.145398268964324E-03      | CDvis, CDind
 -4.640905583716004E-01  4.281733195532380E-03 -1.083379153208563E-02  9.873385918611628E-01      | Trefftz Plane: CLff, CDff, CYff, e
CONTROL
     5
  0.000000000000000E+00  inboard_slat    
  0.000000000000000E+00  inboard_flap    
  0.000000000000000E+00  outboard_slat   
  0.000000000000000E+00  outboard_flap   
  1.473481840631245E+01  elevator        
DESIGN
     0
