TOT
VERSION 1.0
Vortex Lattice Output -- Total Forces
STARTG01                                                    
     5      | # surfaces
   126      | # strips
  1358      | # vortices
  8.261345400000000E+02  7.594870000000000E+00  1.157786900000000E+02      | Sref, Cref, Bref
  3.383665524389960E+00  0.000000000000000E+00  0.000000000000000E+00      | Xref, Yref, Zref
Standard axis orientation,  X fwd, Z down         
 -unnamed-                              
  1.500000000000000E+01 -0.000000000000000E+00 -0.000000000000000E+00      | Alpha, pb/2V, p'b/2V
  0.000000000000000E+00  8.779638519590142E-30      | Beta, qc/2V
  0.000000000000000E+00 -0.000000000000000E+00 -0.000000000000000E+00      | Mach, rb/2V, r'b/2V
  4.178808085892266E-01 -2.952551481614150E-04  4.655482162896624E-04      | CXtot, Cltot, Cl'tot
 -8.914516162590194E-03  4.001301404251388E-09      | CYtot, Cmtot
 -1.816352310195394E+00  2.900647396122654E-03  2.878227888381749E-03      | CZtot, Cntot, Cn'tot
  1.862617117903276E+00      | CLtot
  6.646470516763658E-02      | CDtot
  0.000000000000000E+00  6.646470516763658E-02      | CDvis, CDind
  1.872057052875778E+00  6.643390919004734E-02 -9.328034020342962E-03  1.034910466123526E+00      | Trefftz Plane: CLff, CDff, CYff, e
CONTROL
     5
  0.000000000000000E+00  inboard_slat    
  0.000000000000000E+00  inboard_flap    
  0.000000000000000E+00  outboard_slat   
  0.000000000000000E+00  outboard_flap   
 -2.413462084932667E+01  elevator        
DESIGN
     0
