TOT
VERSION 1.0
Vortex Lattice Output -- Total Forces
STARTG01                                                    
     5      | # surfaces
   126      | # strips
  1358      | # vortices
  8.261345400000000E+02  7.594870000000000E+00  1.157786900000000E+02      | Sref, Cref, Bref
  3.383665524389960E+00  0.000000000000000E+00  0.000000000000000E+00      | Xref, Yref, Zref
Standard axis orientation,  X fwd, Z down         
 -unnamed-                              
  1.400000000000000E+01 -0.000000000000000E+00 -0.000000000000000E+00      | Alpha, pb/2V, p'b/2V
  0.000000000000000E+00  5.386943334126061E-25      | Beta, qc/2V
  0.000000000000000E+00 -0.000000000000000E+00 -0.000000000000000E+00      | Mach, rb/2V, r'b/2V
  4.733742217652674E-01 -3.337062443829304E-04  4.420703096513062E-04      | CXtot, Cltot, Cl'tot
 -9.716649969943841E-03  2.991305245929159E-09      | CYtot, Cmtot
 -2.370701065486362E+00  3.165749220463403E-03  3.152443786291772E-03      | CZtot, Cntot, Cn'tot
  2.414800701176839E+00      | CLtot
  1.142115113545478E-01      | CDtot
  0.000000000000000E+00  1.142115113545478E-01      | CDvis, CDind
  2.434395884724340E+00  1.151558473228708E-01 -9.669659798905144E-03  1.009594350865511E+00      | Trefftz Plane: CLff, CDff, CYff, e
CONTROL
     5
  0.000000000000000E+00  inboard_slat    
  1.500000000000000E+01  inboard_flap    
  0.000000000000000E+00  outboard_slat   
  1.500000000000000E+01  outboard_flap   
 -2.481373228053201E+01  elevator        
DESIGN
     0
