TOT
VERSION 1.0
Vortex Lattice Output -- Total Forces
STARTG01                                                    
     5      | # surfaces
   126      | # strips
  1358      | # vortices
  8.261345400000000E+02  7.594870000000000E+00  1.157786900000000E+02      | Sref, Cref, Bref
  3.383665524389960E+00  0.000000000000000E+00  0.000000000000000E+00      | Xref, Yref, Zref
Standard axis orientation,  X fwd, Z down         
 -unnamed-                              
 -1.000000000000000E+00 -0.000000000000000E+00 -0.000000000000000E+00      | Alpha, pb/2V, p'b/2V
  0.000000000000000E+00  1.342939686365666E-27      | Beta, qc/2V
  0.000000000000000E+00 -0.000000000000000E+00 -0.000000000000000E+00      | Mach, rb/2V, r'b/2V
 -4.454470995391672E-02 -6.394961426709072E-04 -7.062417167546302E-04      | CXtot, Cltot, Cl'tot
 -1.156994811152585E-02 -5.879749486771557E-12      | CYtot, Cmtot
 -1.080958997273113E+00  3.830014656369932E-03  3.818270579989706E-03      | CZtot, Cntot, Cn'tot
  1.081571774364833E+00      | CLtot
  2.567258981638478E-02      | CDtot
  0.000000000000000E+00  2.567258981638478E-02      | CDvis, CDind
  1.080434086669607E+00  2.560733730052374E-02 -1.078381631102084E-02  8.943737407950179E-01      | Trefftz Plane: CLff, CDff, CYff, e
CONTROL
     5
  0.000000000000000E+00  inboard_slat    
  1.500000000000000E+01  inboard_flap    
  0.000000000000000E+00  outboard_slat   
  1.500000000000000E+01  outboard_flap   
 -1.911433479242398E+00  elevator        
DESIGN
     0
