TOT
VERSION 1.0
Vortex Lattice Output -- Total Forces
STARTG01                                                    
     5      | # surfaces
   126      | # strips
  1358      | # vortices
  8.261345400000000E+02  7.594870000000000E+00  1.157786900000000E+02      | Sref, Cref, Bref
  3.383665524389960E+00  0.000000000000000E+00  0.000000000000000E+00      | Xref, Yref, Zref
Standard axis orientation,  X fwd, Z down         
 -unnamed-                              
  1.000000000000000E+01 -0.000000000000000E+00 -0.000000000000000E+00      | Alpha, pb/2V, p'b/2V
  0.000000000000000E+00  7.346909306316338E-27      | Beta, qc/2V
  0.000000000000000E+00 -0.000000000000000E+00 -0.000000000000000E+00      | Mach, rb/2V, r'b/2V
  2.763317974566325E-01 -4.142402507259658E-04  1.794607045165878E-04      | CXtot, Cltot, Cl'tot
 -1.033853779275451E-02  4.071891035071704E-10      | CYtot, Cmtot
 -2.059879288982569E+00  3.382746210950339E-03  3.403286759671420E-03      | CZtot, Cntot, Cn'tot
  2.076569607119080E+00      | CLtot
  8.556058820658441E-02      | CDtot
  0.000000000000000E+00  8.556058820658441E-02      | CDvis, CDind
  2.085817129137287E+00  8.555385061841797E-02 -1.003539949962615E-02  9.976233277694428E-01      | Trefftz Plane: CLff, CDff, CYff, e
CONTROL
     5
  0.000000000000000E+00  inboard_slat    
  1.500000000000000E+01  inboard_flap    
  0.000000000000000E+00  outboard_slat   
  1.500000000000000E+01  outboard_flap   
 -1.856211371183220E+01  elevator        
DESIGN
     0
