TOT
VERSION 1.0
Vortex Lattice Output -- Total Forces
STARTG01                                                    
     5      | # surfaces
   126      | # strips
  1358      | # vortices
  8.261345400000000E+02  7.594870000000000E+00  1.157786900000000E+02      | Sref, Cref, Bref
  3.383665524389960E+00  0.000000000000000E+00  0.000000000000000E+00      | Xref, Yref, Zref
Standard axis orientation,  X fwd, Z down         
 -unnamed-                              
 -1.300000000000000E+01 -0.000000000000000E+00 -0.000000000000000E+00      | Alpha, pb/2V, p'b/2V
  0.000000000000000E+00 -1.020910586232928E-25      | Beta, qc/2V
  0.000000000000000E+00 -0.000000000000000E+00 -0.000000000000000E+00      | Mach, rb/2V, r'b/2V
  1.014985804023165E-02 -8.608712803157068E-04 -1.741463467542030E-03      | CXtot, Cltot, Cl'tot
 -1.196285167067691E-02  1.431122506850672E-09      | CYtot, Cmtot
  5.771231609672251E-02  4.012678513563429E-03  3.716179921061749E-03      | CZtot, Cntot, Cn'tot
 -5.851637444166015E-02      | CLtot
  3.092728518362682E-03      | CDtot
  0.000000000000000E+00  3.092728518362682E-03      | CDvis, CDind
 -5.971281472199372E-02  3.391573908848212E-03 -1.114638417301954E-02  2.134285418887515E-02      | Trefftz Plane: CLff, CDff, CYff, e
CONTROL
     5
  0.000000000000000E+00  inboard_slat    
  1.500000000000000E+01  inboard_flap    
  0.000000000000000E+00  outboard_slat   
  1.500000000000000E+01  outboard_flap   
  1.652981255358015E+01  elevator        
DESIGN
     0
