TOT
VERSION 1.0
Vortex Lattice Output -- Total Forces
STARTG01                                                    
     5      | # surfaces
   126      | # strips
  1358      | # vortices
  8.261345400000000E+02  7.594870000000000E+00  1.157786900000000E+02      | Sref, Cref, Bref
  3.383665524389960E+00  0.000000000000000E+00  0.000000000000000E+00      | Xref, Yref, Zref
Standard axis orientation,  X fwd, Z down         
 -unnamed-                              
  1.500000000000000E+01 -0.000000000000000E+00 -0.000000000000000E+00      | Alpha, pb/2V, p'b/2V
  0.000000000000000E+00  2.885607817633152E-25      | Beta, qc/2V
  0.000000000000000E+00 -0.000000000000000E+00 -0.000000000000000E+00      | Mach, rb/2V, r'b/2V
  5.286391796464234E-01 -3.140192995590798E-04  5.010344730882008E-04      | CXtot, Cltot, Cl'tot
 -9.548976712370550E-03  4.505722192051087E-09      | CYtot, Cmtot
 -2.443312582681915E+00  3.107784530179791E-03  3.083163515497942E-03      | CZtot, Cntot, Cn'tot
  2.496880612989373E+00      | CLtot
  1.217495931279602E-01      | CDtot
  0.000000000000000E+00  1.217495931279602E-01      | CDvis, CDind
  2.519762335892656E+00  1.230967888335437E-01 -9.570766266856505E-03  1.011864469384690E+00      | Trefftz Plane: CLff, CDff, CYff, e
CONTROL
     5
  0.000000000000000E+00  inboard_slat    
  1.500000000000000E+01  inboard_flap    
  0.000000000000000E+00  outboard_slat   
  1.500000000000000E+01  outboard_flap   
 -2.640667138743659E+01  elevator        
DESIGN
     0
