TOT
VERSION 1.0
Vortex Lattice Output -- Total Forces
STARTG01                                                    
     5      | # surfaces
   126      | # strips
  1358      | # vortices
  8.261345400000000E+02  7.594870000000000E+00  1.157786900000000E+02      | Sref, Cref, Bref
  3.383665524389960E+00  0.000000000000000E+00  0.000000000000000E+00      | Xref, Yref, Zref
Standard axis orientation,  X fwd, Z down         
 -unnamed-                              
 -9.000000000000000E+00 -0.000000000000000E+00 -0.000000000000000E+00      | Alpha, pb/2V, p'b/2V
  0.000000000000000E+00  6.540068968776396E-27      | Beta, qc/2V
  0.000000000000000E+00 -0.000000000000000E+00 -0.000000000000000E+00      | Mach, rb/2V, r'b/2V
 -5.580093614058207E-02 -7.923096232949399E-04 -1.406753166470849E-03      | CXtot, Cltot, Cl'tot
 -1.194949282036731E-02  7.572054522243452E-09      | CYtot, Cmtot
 -3.183882382540351E-01  3.990157726691386E-03  3.817087731722311E-03      | CZtot, Cntot, Cn'tot
  3.231975403000333E-01      | CLtot
  5.307040293975203E-03      | CDtot
  0.000000000000000E+00  5.307040293975203E-03      | CDvis, CDind
  3.224499661233834E-01  5.413738025689910E-03 -1.107948705653550E-02  3.772102795475840E-01      | Trefftz Plane: CLff, CDff, CYff, e
CONTROL
     5
  0.000000000000000E+00  inboard_slat    
  1.500000000000000E+01  inboard_flap    
  0.000000000000000E+00  outboard_slat   
  1.500000000000000E+01  outboard_flap   
  1.025331008709481E+01  elevator        
DESIGN
     0
