TOT
VERSION 1.0
Vortex Lattice Output -- Total Forces
STARTG01                                                    
     5      | # surfaces
   126      | # strips
  1358      | # vortices
  8.261345400000000E+02  7.594870000000000E+00  1.157786900000000E+02      | Sref, Cref, Bref
  3.383665524389960E+00  0.000000000000000E+00  0.000000000000000E+00      | Xref, Yref, Zref
Standard axis orientation,  X fwd, Z down         
 -unnamed-                              
  4.000000000000000E+00 -0.000000000000000E+00 -0.000000000000000E+00      | Alpha, pb/2V, p'b/2V
  0.000000000000000E+00  1.364373985827214E-26      | Beta, qc/2V
  0.000000000000000E+00 -0.000000000000000E+00 -0.000000000000000E+00      | Mach, rb/2V, r'b/2V
  5.897618899906505E-02 -5.376735206098120E-04 -2.812892245010280E-04      | CXtot, Cltot, Cl'tot
 -1.110496501817000E-02 -2.785937416090872E-10      | CYtot, Cmtot
 -1.543238918798516E+00  3.656643415944415E-03  3.685242225188759E-03      | CZtot, Cntot, Cn'tot
  1.543593637334682E+00      | CLtot
  4.881837915328481E-02      | CDtot
  0.000000000000000E+00  4.881837915328481E-02      | CDvis, CDind
  1.544557621096764E+00  4.858499688448573E-02 -1.049156863179735E-02  9.633181266649424E-01      | Trefftz Plane: CLff, CDff, CYff, e
CONTROL
     5
  0.000000000000000E+00  inboard_slat    
  1.500000000000000E+01  inboard_flap    
  0.000000000000000E+00  outboard_slat   
  1.500000000000000E+01  outboard_flap   
 -9.430097208116704E+00  elevator        
DESIGN
     0
