TOT
VERSION 1.0
Vortex Lattice Output -- Total Forces
STARTG01                                                    
     5      | # surfaces
   126      | # strips
  1358      | # vortices
  8.261345400000000E+02  7.594870000000000E+00  1.157786900000000E+02      | Sref, Cref, Bref
  3.383665524389960E+00  0.000000000000000E+00  0.000000000000000E+00      | Xref, Yref, Zref
Standard axis orientation,  X fwd, Z down         
 -unnamed-                              
 -1.400000000000000E+01 -0.000000000000000E+00 -0.000000000000000E+00      | Alpha, pb/2V, p'b/2V
  0.000000000000000E+00  7.832602826127753E-26      | Beta, qc/2V
  0.000000000000000E+00 -0.000000000000000E+00 -0.000000000000000E+00      | Mach, rb/2V, r'b/2V
  3.394220762800184E-02 -8.769588560539551E-04 -1.821543881644805E-03      | CXtot, Cltot, Cl'tot
 -1.194759349718312E-02  2.361799326206990E-09      | CYtot, Cmtot
  1.499470222260482E-01  4.012181076416379E-03  3.680846602672751E-03      | CZtot, Cntot, Cn'tot
 -1.537043180439502E-01      | CLtot
  3.341488854628388E-03      | CDtot
  0.000000000000000E+00  3.341488854628388E-03      | CDvis, CDind
 -1.552679573234638E-01  3.741265704888349E-03 -1.115460008863318E-02  1.270645650871604E-01      | Trefftz Plane: CLff, CDff, CYff, e
CONTROL
     5
  0.000000000000000E+00  inboard_slat    
  1.500000000000000E+01  inboard_flap    
  0.000000000000000E+00  outboard_slat   
  1.500000000000000E+01  outboard_flap   
  1.813054968332477E+01  elevator        
DESIGN
     0
