TOT
VERSION 1.0
Vortex Lattice Output -- Total Forces
STARTG01                                                    
     5      | # surfaces
   126      | # strips
  1358      | # vortices
  8.261345400000000E+02  7.594870000000000E+00  1.157786900000000E+02      | Sref, Cref, Bref
  3.383665524389960E+00  0.000000000000000E+00  0.000000000000000E+00      | Xref, Yref, Zref
Standard axis orientation,  X fwd, Z down         
 -unnamed-                              
  3.000000000000000E+00 -0.000000000000000E+00 -0.000000000000000E+00      | Alpha, pb/2V, p'b/2V
  0.000000000000000E+00  4.297897673356434E-27      | Beta, qc/2V
  0.000000000000000E+00 -0.000000000000000E+00 -0.000000000000000E+00      | Mach, rb/2V, r'b/2V
  3.247005102322083E-02 -5.582307761730751E-04 -3.640563289270210E-04      | CXtot, Cltot, Cl'tot
 -1.121121823720611E-02 -5.501333210592568E-11      | CYtot, Cmtot
 -1.452580095055538E+00  3.695536018689979E-03  3.719686956488402E-03      | CZtot, Cntot, Cn'tot
  1.452288735688624E+00      | CLtot
  4.359661634742152E-02      | CDtot
  0.000000000000000E+00  4.359661634742152E-02      | CDvis, CDind
  1.452553203196079E+00  4.338985575978819E-02 -1.055650528576229E-02  9.539870353888734E-01      | Trefftz Plane: CLff, CDff, CYff, e
CONTROL
     5
  0.000000000000000E+00  inboard_slat    
  1.500000000000000E+01  inboard_flap    
  0.000000000000000E+00  outboard_slat   
  1.500000000000000E+01  outboard_flap   
 -7.924098491425109E+00  elevator        
DESIGN
     0
