TOT
VERSION 1.0
Vortex Lattice Output -- Total Forces
STARTG01                                                    
     5      | # surfaces
   126      | # strips
  1358      | # vortices
  8.261345400000000E+02  7.594870000000000E+00  1.157786900000000E+02      | Sref, Cref, Bref
  3.383665524389960E+00  0.000000000000000E+00  0.000000000000000E+00      | Xref, Yref, Zref
Standard axis orientation,  X fwd, Z down         
 -unnamed-                              
 -3.000000000000000E+00 -0.000000000000000E+00 -0.000000000000000E+00      | Alpha, pb/2V, p'b/2V
  0.000000000000000E+00  4.689914585158734E-26      | Beta, qc/2V
  0.000000000000000E+00 -0.000000000000000E+00 -0.000000000000000E+00      | Mach, rb/2V, r'b/2V
 -6.533295487639346E-02 -6.792034679081592E-04 -8.815471765845208E-04      | CXtot, Cltot, Cl'tot
 -1.170803573245689E-02 -1.050829474434287E-10      | CYtot, Cmtot
 -8.913454351168191E-01  3.884032088381092E-03  3.843162394415349E-03      | CZtot, Cntot, Cn'tot
  8.935431398439554E-01      | CLtot
  1.859400264273279E-02      | CDtot
  0.000000000000000E+00  1.859400264273279E-02      | CDvis, CDind
  8.923113985546361E-01  1.858901349732834E-02 -1.087777016595228E-02  8.403974364834116E-01      | Trefftz Plane: CLff, CDff, CYff, e
CONTROL
     5
  0.000000000000000E+00  inboard_slat    
  1.500000000000000E+01  inboard_flap    
  0.000000000000000E+00  outboard_slat   
  1.500000000000000E+01  outboard_flap   
  1.101047155431000E+00  elevator        
DESIGN
     0
