TOT
VERSION 1.0
Vortex Lattice Output -- Total Forces
STARTG01                                                    
     5      | # surfaces
   126      | # strips
  1358      | # vortices
  8.261345400000000E+02  7.594870000000000E+00  1.157786900000000E+02      | Sref, Cref, Bref
  3.383665524389960E+00  0.000000000000000E+00  0.000000000000000E+00      | Xref, Yref, Zref
Standard axis orientation,  X fwd, Z down         
 -unnamed-                              
 -1.000000000000000E+01 -0.000000000000000E+00 -0.000000000000000E+00      | Alpha, pb/2V, p'b/2V
  0.000000000000000E+00 -1.165511283703832E-26      | Beta, qc/2V
  0.000000000000000E+00 -0.000000000000000E+00 -0.000000000000000E+00      | Mach, rb/2V, r'b/2V
 -4.374029626244826E-02 -8.100402289977764E-04 -1.492231669660295E-03      | CXtot, Cltot, Cl'tot
 -1.196399092325968E-02  2.311485666501439E-10      | CYtot, Cmtot
 -2.235173941264830E-01  3.999453269377794E-03  3.798030577890908E-03      | CZtot, Cntot, Cn'tot
  2.277170854054316E-01      | CLtot
  4.262394711385143E-03      | CDtot
  0.000000000000000E+00  4.262394711385143E-03      | CDvis, CDind
  2.269763931932172E-01  4.395797758741143E-03 -1.110130664798973E-02  2.304649977340162E-01      | Trefftz Plane: CLff, CDff, CYff, e
CONTROL
     5
  0.000000000000000E+00  inboard_slat    
  1.500000000000000E+01  inboard_flap    
  0.000000000000000E+00  outboard_slat   
  1.500000000000000E+01  outboard_flap   
  1.180568777390263E+01  elevator        
DESIGN
     0
