TOT
VERSION 1.0
Vortex Lattice Output -- Total Forces
STARTG01                                                    
     5      | # surfaces
   126      | # strips
  1358      | # vortices
  8.261345400000000E+02  7.594870000000000E+00  1.157786900000000E+02      | Sref, Cref, Bref
  3.383665524389960E+00  0.000000000000000E+00  0.000000000000000E+00      | Xref, Yref, Zref
Standard axis orientation,  X fwd, Z down         
 -unnamed-                              
  1.000000000000000E+00 -0.000000000000000E+00 -0.000000000000000E+00      | Alpha, pb/2V, p'b/2V
  0.000000000000000E+00 -9.790367107204098E-26      | Beta, qc/2V
  0.000000000000000E+00 -0.000000000000000E+00 -0.000000000000000E+00      | Mach, rb/2V, r'b/2V
 -1.189118663774383E-02 -5.991060907527642E-04 -5.332702340596253E-04      | CXtot, Cltot, Cl'tot
 -1.140407160412254E-02 -4.926089067908146E-10      | CYtot, Cmtot
 -1.268341643883389E+00  3.767079925048722E-03  3.776962023524745E-03      | CZtot, Cntot, Cn'tot
  1.267940939485451E+00      | CLtot
  3.402498942280786E-02      | CDtot
  0.000000000000000E+00  3.402498942280786E-02      | CDvis, CDind
  1.267257352423559E+00  3.388765293397390E-02 -1.067668421367290E-02  9.297423613656552E-01      | Trefftz Plane: CLff, CDff, CYff, e
CONTROL
     5
  0.000000000000000E+00  inboard_slat    
  1.500000000000000E+01  inboard_flap    
  0.000000000000000E+00  outboard_slat   
  1.500000000000000E+01  outboard_flap   
 -4.917349348153725E+00  elevator        
DESIGN
     0
