TOT
VERSION 1.0
Vortex Lattice Output -- Total Forces
STARTG01                                                    
     5      | # surfaces
   126      | # strips
  1358      | # vortices
  8.261345400000000E+02  7.594870000000000E+00  1.157786900000000E+02      | Sref, Cref, Bref
  3.383665524389960E+00  0.000000000000000E+00  0.000000000000000E+00      | Xref, Yref, Zref
Standard axis orientation,  X fwd, Z down         
 -unnamed-                              
 -6.000000000000000E+00 -0.000000000000000E+00 -0.000000000000000E+00      | Alpha, pb/2V, p'b/2V
  0.000000000000000E+00 -2.658935478725993E-26      | Beta, qc/2V
  0.000000000000000E+00 -0.000000000000000E+00 -0.000000000000000E+00      | Mach, rb/2V, r'b/2V
 -7.406576581892900E-02 -7.370607526017511E-04 -1.145677533377782E-03      | CXtot, Cltot, Cl'tot
 -1.186162037254956E-02  1.896374710909365E-10      | CYtot, Cmtot
 -6.047655955953217E-01  3.947771389713127E-03  3.849101257173780E-03      | CZtot, Cntot, Cn'tot
  6.091946070667766E-01      | CLtot
  1.044480745941778E-02      | CDtot
  0.000000000000000E+00  1.044480745941778E-02      | CDvis, CDind
  6.081936975957500E-01  1.050030167016117E-02 -1.099374338708780E-02  6.913016270170644E-01      | Trefftz Plane: CLff, CDff, CYff, e
CONTROL
     5
  0.000000000000000E+00  inboard_slat    
  1.500000000000000E+01  inboard_flap    
  0.000000000000000E+00  outboard_slat   
  1.500000000000000E+01  outboard_flap   
  5.648442658714472E+00  elevator        
DESIGN
     0
