TOT
VERSION 1.0
Vortex Lattice Output -- Total Forces
STARTG01                                                    
     5      | # surfaces
   126      | # strips
  1358      | # vortices
  8.261345400000000E+02  7.594870000000000E+00  1.157786900000000E+02      | Sref, Cref, Bref
  3.383665524389960E+00  0.000000000000000E+00  0.000000000000000E+00      | Xref, Yref, Zref
Standard axis orientation,  X fwd, Z down         
 -unnamed-                              
  1.300000000000000E+01 -0.000000000000000E+00 -0.000000000000000E+00      | Alpha, pb/2V, p'b/2V
  0.000000000000000E+00 -9.131961848090870E-27      | Beta, qc/2V
  0.000000000000000E+00 -0.000000000000000E+00 -0.000000000000000E+00      | Mach, rb/2V, r'b/2V
  4.204481670827175E-01 -3.535962293083094E-04  3.803252760945092E-04      | CXtot, Cltot, Cl'tot
 -9.879638730187001E-03  1.927526796377879E-09      | CYtot, Cmtot
 -2.295959643826882E+00  3.222295885954936E-03  3.219250495750028E-03      | CZtot, Cntot, Cn'tot
  2.331694605382087E+00      | CLtot
  1.068064348106010E-01      | CDtot
  0.000000000000000E+00  1.068064348106010E-01      | CDvis, CDind
  2.348291805992910E+00  1.074218204305474E-01 -9.765598649231587E-03  1.007077220834358E+00      | Trefftz Plane: CLff, CDff, CYff, e
CONTROL
     5
  0.000000000000000E+00  inboard_slat    
  1.500000000000000E+01  inboard_flap    
  0.000000000000000E+00  outboard_slat   
  1.500000000000000E+01  outboard_flap   
 -2.323391125255470E+01  elevator        
DESIGN
     0
