TOT
VERSION 1.0
Vortex Lattice Output -- Total Forces
STARTG01                                                    
     5      | # surfaces
   126      | # strips
  1358      | # vortices
  8.261345400000000E+02  7.594870000000000E+00  1.157786900000000E+02      | Sref, Cref, Bref
  3.383665524389960E+00  0.000000000000000E+00  0.000000000000000E+00      | Xref, Yref, Zref
Standard axis orientation,  X fwd, Z down         
 -unnamed-                              
 -4.000000000000000E+00 -0.000000000000000E+00 -0.000000000000000E+00      | Alpha, pb/2V, p'b/2V
  0.000000000000000E+00  2.953563568688398E-26      | Beta, qc/2V
  0.000000000000000E+00 -0.000000000000000E+00 -0.000000000000000E+00      | Mach, rb/2V, r'b/2V
 -7.124416413171726E-02 -6.987402779657258E-04 -9.696194405963008E-04      | CXtot, Cltot, Cl'tot
 -1.176644184269484E-02 -1.772367568464092E-10      | CYtot, Cmtot
 -7.959905586861348E-01  3.907612357657226E-03  3.849351952496004E-03      | CZtot, Cntot, Cn'tot
  7.990213073561973E-01      | CLtot
  1.554512242105057E-02      | CDtot
  0.000000000000000E+00  1.554512242105057E-02      | CDvis, CDind
  7.978344797399035E-01  1.556395289139040E-02 -1.091976852452058E-02  8.024734764685557E-01      | Trefftz Plane: CLff, CDff, CYff, e
CONTROL
     5
  0.000000000000000E+00  inboard_slat    
  1.500000000000000E+01  inboard_flap    
  0.000000000000000E+00  outboard_slat   
  1.500000000000000E+01  outboard_flap   
  2.612077341504212E+00  elevator        
DESIGN
     0
