TOT
VERSION 1.0
Vortex Lattice Output -- Total Forces
STARTG01                                                    
     5      | # surfaces
   126      | # strips
  1358      | # vortices
  8.261345400000000E+02  7.594870000000000E+00  1.157786900000000E+02      | Sref, Cref, Bref
  3.383665524389960E+00  0.000000000000000E+00  0.000000000000000E+00      | Xref, Yref, Zref
Standard axis orientation,  X fwd, Z down         
 -unnamed-                              
 -2.000000000000000E+00 -0.000000000000000E+00 -0.000000000000000E+00      | Alpha, pb/2V, p'b/2V
  0.000000000000000E+00 -5.164390094210021E-26      | Beta, qc/2V
  0.000000000000000E+00 -0.000000000000000E+00 -0.000000000000000E+00      | Mach, rb/2V, r'b/2V
 -5.642958709354640E-02 -6.594473696992623E-04 -7.936933412893849E-04      | CXtot, Cltot, Cl'tot
 -1.164251104251802E-02 -3.756265762842881E-11      | CYtot, Cmtot
 -9.863735230920194E-01  3.858155613471145E-03  3.832790948011002E-03      | CZtot, Cntot, Cn'tot
  9.877420151813672E-01      | CLtot
  2.197127219718124E-02      | CDtot
  0.000000000000000E+00  2.197127219718124E-02      | CDvis, CDind
  9.865208528992686E-01  2.193815822111561E-02 -1.083244811332580E-02  8.703789510194950E-01      | Trefftz Plane: CLff, CDff, CYff, e
CONTROL
     5
  0.000000000000000E+00  inboard_slat    
  1.500000000000000E+01  inboard_flap    
  0.000000000000000E+00  outboard_slat   
  1.500000000000000E+01  outboard_flap   
 -4.064778709482331E-01  elevator        
DESIGN
     0
