TOT
VERSION 1.0
Vortex Lattice Output -- Total Forces
STARTG01                                                    
     5      | # surfaces
   126      | # strips
  1358      | # vortices
  8.261345400000000E+02  7.594870000000000E+00  1.157786900000000E+02      | Sref, Cref, Bref
  3.383665524389960E+00  0.000000000000000E+00  0.000000000000000E+00      | Xref, Yref, Zref
Standard axis orientation,  X fwd, Z down         
 -unnamed-                              
  2.000000000000000E+00 -0.000000000000000E+00 -0.000000000000000E+00      | Alpha, pb/2V, p'b/2V
  0.000000000000000E+00 -7.877803696838097E-25      | Beta, qc/2V
  0.000000000000000E+00 -0.000000000000000E+00 -0.000000000000000E+00      | Mach, rb/2V, r'b/2V
  8.838056375344926E-03 -5.787166469583798E-04 -4.481065110219628E-04      | CXtot, Cltot, Cl'tot
 -1.131096109741784E-02  9.441102785624420E-10      | CYtot, Cmtot
 -1.360910426539852E+00  3.732363205746631E-03  3.750286470638975E-03      | CZtot, Cntot, Cn'tot
  1.360389840397900E+00      | CLtot
  3.866241647322938E-02      | CDtot
  0.000000000000000E+00  3.866241647322938E-02      | CDvis, CDind
  1.360110381726925E+00  3.848876025019443E-02 -1.061821677452909E-02  9.429409609989339E-01      | Trefftz Plane: CLff, CDff, CYff, e
CONTROL
     5
  0.000000000000000E+00  inboard_slat    
  1.500000000000000E+01  inboard_flap    
  0.000000000000000E+00  outboard_slat   
  1.500000000000000E+01  outboard_flap   
 -6.420158021750171E+00  elevator        
DESIGN
     0
