TOT
VERSION 1.0
Vortex Lattice Output -- Total Forces
STARTG01                                                    
     5      | # surfaces
   126      | # strips
  1358      | # vortices
  8.261345400000000E+02  7.594870000000000E+00  1.157786900000000E+02      | Sref, Cref, Bref
  3.383665524389960E+00  0.000000000000000E+00  0.000000000000000E+00      | Xref, Yref, Zref
Standard axis orientation,  X fwd, Z down         
 -unnamed-                              
  1.200000000000000E+01 -0.000000000000000E+00 -0.000000000000000E+00      | Alpha, pb/2V, p'b/2V
  0.000000000000000E+00  2.431696516321299E-25      | Beta, qc/2V
  0.000000000000000E+00 -0.000000000000000E+00 -0.000000000000000E+00      | Mach, rb/2V, r'b/2V
  3.699253245174422E-01 -3.736649427912267E-04  3.159010478734452E-04      | CXtot, Cltot, Cl'tot
 -1.003774397103948E-02  1.199537423383912E-09      | CYtot, Cmtot
 -2.219179420829978E+00  3.277355460209718E-03  3.283426690211019E-03      | CZtot, Cntot, Cn'tot
  2.247596825779409E+00      | CLtot
  9.955177698532600E-02      | CDtot
  0.000000000000000E+00  9.955177698532600E-02      | CDvis, CDind
  2.261476322834714E+00  9.990410332304454E-02 -9.858553605701016E-03  1.004275023651360E+00      | Trefftz Plane: CLff, CDff, CYff, e
CONTROL
     5
  0.000000000000000E+00  inboard_slat    
  1.500000000000000E+01  inboard_flap    
  0.000000000000000E+00  outboard_slat   
  1.500000000000000E+01  outboard_flap   
 -2.166608853372357E+01  elevator        
DESIGN
     0
