TOT
VERSION 1.0
Vortex Lattice Output -- Total Forces
STARTG01                                                    
     5      | # surfaces
   126      | # strips
  1358      | # vortices
  8.261345400000000E+02  7.594870000000000E+00  1.157786900000000E+02      | Sref, Cref, Bref
  3.383665524389960E+00  0.000000000000000E+00  0.000000000000000E+00      | Xref, Yref, Zref
Standard axis orientation,  X fwd, Z down         
 -unnamed-                              
  4.000000000000000E+00 -0.000000000000000E+00 -0.000000000000000E+00      | Alpha, pb/2V, p'b/2V
  0.000000000000000E+00 -8.163537470280488E-26      | Beta, qc/2V
  0.000000000000000E+00 -0.000000000000000E+00 -0.000000000000000E+00      | Mach, rb/2V, r'b/2V
  3.954126428649912E-02 -5.758962000322924E-04 -2.958477413681313E-04      | CXtot, Cltot, Cl'tot
 -1.213221185708099E-02 -1.272433198303696E-10      | CYtot, Cmtot
 -2.452340290030846E+00  3.994548312281782E-03  4.024990281515253E-03      | CZtot, Cntot, Cn'tot
  2.449124771502534E+00      | CLtot
  1.316216672991632E-01      | CDtot
  0.000000000000000E+00  1.316216672991632E-01      | CDvis, CDind
  2.454853668075586E+00  1.312775353982387E-01 -1.083806120308631E-02  9.005605402112279E-01      | Trefftz Plane: CLff, CDff, CYff, e
CONTROL
     5
  0.000000000000000E+00  inboard_slat    
  3.500000000000000E+01  inboard_flap    
  0.000000000000000E+00  outboard_slat   
  3.500000000000000E+01  outboard_flap   
 -1.286356292101156E+01  elevator        
DESIGN
     0
