TOT
VERSION 1.0
Vortex Lattice Output -- Total Forces
STARTG01                                                    
     5      | # surfaces
   126      | # strips
  1358      | # vortices
  8.261345400000000E+02  7.594870000000000E+00  1.157786900000000E+02      | Sref, Cref, Bref
  3.383665524389960E+00  0.000000000000000E+00  0.000000000000000E+00      | Xref, Yref, Zref
Standard axis orientation,  X fwd, Z down         
 -unnamed-                              
 -1.100000000000000E+01 -0.000000000000000E+00 -0.000000000000000E+00      | Alpha, pb/2V, p'b/2V
  0.000000000000000E+00  0.000000000000000E+00      | Beta, qc/2V
  0.000000000000000E+00 -0.000000000000000E+00 -0.000000000000000E+00      | Mach, rb/2V, r'b/2V
 -2.390862228400362E-01 -8.788295390113425E-04 -1.697366697106922E-03      | CXtot, Cltot, Cl'tot
 -1.308039217646927E-02 -6.558330163338767E-09      | CYtot, Cmtot
 -1.031760362454301E+00  4.374446447608163E-03  4.126386964062254E-03      | CZtot, Cntot, Cn'tot
  1.058423820577436E+00      | CLtot
  3.782437729836044E-02      | CDtot
  0.000000000000000E+00  3.782437729836044E-02      | CDvis, CDind
  1.051280065540726E+00  3.855153360579548E-02 -1.147696972967209E-02  5.624586523294489E-01      | Trefftz Plane: CLff, CDff, CYff, e
CONTROL
     5
  0.000000000000000E+00  inboard_slat    
  3.500000000000000E+01  inboard_flap    
  0.000000000000000E+00  outboard_slat   
  3.500000000000000E+01  outboard_flap   
  9.381526948502431E+00  elevator        
DESIGN
     0
