TOT
VERSION 1.0
Vortex Lattice Output -- Total Forces
STARTG01                                                    
     5      | # surfaces
   126      | # strips
  1358      | # vortices
  8.261345400000000E+02  7.594870000000000E+00  1.157786900000000E+02      | Sref, Cref, Bref
  3.383665524389960E+00  0.000000000000000E+00  0.000000000000000E+00      | Xref, Yref, Zref
Standard axis orientation,  X fwd, Z down         
 -unnamed-                              
  1.000000000000000E+01 -0.000000000000000E+00 -0.000000000000000E+00      | Alpha, pb/2V, p'b/2V
  0.000000000000000E+00 -1.205196920155689E-25      | Beta, qc/2V
  0.000000000000000E+00 -0.000000000000000E+00 -0.000000000000000E+00      | Mach, rb/2V, r'b/2V
  3.321691463558776E-01 -4.460021252436941E-04  2.026261083583869E-04      | CXtot, Cltot, Cl'tot
 -1.129537353605104E-02  4.397592168886577E-10      | CYtot, Cmtot
 -2.936690264629503E+00  3.696280996333966E-03  3.717573638785524E-03      | CZtot, Cntot, Cn'tot
  2.949755907744486E+00      | CLtot
  1.828281621824135E-01      | CDtot
  0.000000000000000E+00  1.828281621824135E-01      | CDvis, CDind
  2.974625991490836E+00  1.837413274072908E-01 -1.037116528008277E-02  9.447280518869473E-01      | Trefftz Plane: CLff, CDff, CYff, e
CONTROL
     5
  0.000000000000000E+00  inboard_slat    
  3.500000000000000E+01  inboard_flap    
  0.000000000000000E+00  outboard_slat   
  3.500000000000000E+01  outboard_flap   
 -2.179332407594284E+01  elevator        
DESIGN
     0
