TOT
VERSION 1.0
Vortex Lattice Output -- Total Forces
STARTG01                                                    
     5      | # surfaces
   126      | # strips
  1358      | # vortices
  8.261345400000000E+02  7.594870000000000E+00  1.157786900000000E+02      | Sref, Cref, Bref
  3.383665524389960E+00  0.000000000000000E+00  0.000000000000000E+00      | Xref, Yref, Zref
Standard axis orientation,  X fwd, Z down         
 -unnamed-                              
  1.000000000000000E+00 -0.000000000000000E+00 -0.000000000000000E+00      | Alpha, pb/2V, p'b/2V
  0.000000000000000E+00 -1.325316956897005E-26      | Beta, qc/2V
  0.000000000000000E+00 -0.000000000000000E+00 -0.000000000000000E+00      | Mach, rb/2V, r'b/2V
 -7.004955308987186E-02 -6.403699350944511E-04 -5.684605006563763E-04      | CXtot, Cltot, Cl'tot
 -1.245900607576859E-02  3.999140103273791E-12      | CYtot, Cmtot
 -2.186252337800085E+00  4.114727860213422E-03  4.125277163607665E-03      | CZtot, Cntot, Cn'tot
  2.184696827708413E+00      | CLtot
  1.081942485773920E-01      | CDtot
  0.000000000000000E+00  1.081942485773920E-01      | CDvis, CDind
  2.184543194619159E+00  1.078540144273784E-01 -1.102717937646890E-02  8.680398608603498E-01      | Trefftz Plane: CLff, CDff, CYff, e
CONTROL
     5
  0.000000000000000E+00  inboard_slat    
  3.500000000000000E+01  inboard_flap    
  0.000000000000000E+00  outboard_slat   
  3.500000000000000E+01  outboard_flap   
 -8.454705260296548E+00  elevator        
DESIGN
     0
