TOT
VERSION 1.0
Vortex Lattice Output -- Total Forces
STARTG01                                                    
     5      | # surfaces
   126      | # strips
  1358      | # vortices
  8.261345400000000E+02  7.594870000000000E+00  1.157786900000000E+02      | Sref, Cref, Bref
  3.383665524389960E+00  0.000000000000000E+00  0.000000000000000E+00      | Xref, Yref, Zref
Standard axis orientation,  X fwd, Z down         
 -unnamed-                              
 -1.300000000000000E+01 -0.000000000000000E+00 -0.000000000000000E+00      | Alpha, pb/2V, p'b/2V
  0.000000000000000E+00 -8.560108083286392E-26      | Beta, qc/2V
  0.000000000000000E+00 -0.000000000000000E+00 -0.000000000000000E+00      | Mach, rb/2V, r'b/2V
 -2.239363411341664E-01 -9.136161442980582E-04 -1.875753682030998E-03      | CXtot, Cltot, Cl'tot
 -1.307205520538671E-02  6.801943818629010E-09      | CYtot, Cmtot
 -8.346158763592580E-01  4.381190669219644E-03  4.063382121278589E-03      | CZtot, Cntot, Cn'tot
  8.635994415629943E-01      | CLtot
  3.044914585952229E-02      | CDtot
  0.000000000000000E+00  3.044914585952229E-02      | CDvis, CDind
  8.565934599838922E-01  3.135960006497082E-02 -1.150329448880056E-02  4.590932970190461E-01      | Trefftz Plane: CLff, CDff, CYff, e
CONTROL
     5
  0.000000000000000E+00  inboard_slat    
  3.500000000000000E+01  inboard_flap    
  0.000000000000000E+00  outboard_slat   
  3.500000000000000E+01  outboard_flap   
  1.246015912534506E+01  elevator        
DESIGN
     0
