TOT
VERSION 1.0
Vortex Lattice Output -- Total Forces
STARTG01                                                    
     5      | # surfaces
   126      | # strips
  1358      | # vortices
  8.261345400000000E+02  7.594870000000000E+00  1.157786900000000E+02      | Sref, Cref, Bref
  3.383665524389960E+00  0.000000000000000E+00  0.000000000000000E+00      | Xref, Yref, Zref
Standard axis orientation,  X fwd, Z down         
 -unnamed-                              
  8.000000000000000E+00 -0.000000000000000E+00 -0.000000000000000E+00      | Alpha, pb/2V, p'b/2V
  0.000000000000000E+00  1.487328986043815E-26      | Beta, qc/2V
  0.000000000000000E+00 -0.000000000000000E+00 -0.000000000000000E+00      | Mach, rb/2V, r'b/2V
  2.242619090931935E-01 -4.891936639043163E-04  4.494616931975068E-05      | CXtot, Cltot, Cl'tot
 -1.159997205782917E-02  1.129196986566702E-10      | CYtot, Cmtot
 -2.783271344154617E+00  3.803745339171480E-03  3.834810150181671E-03      | CZtot, Cntot, Cn'tot
  2.787395964075471E+00      | CLtot
  1.652770961692731E-01      | CDtot
  0.000000000000000E+00  1.652770961692731E-01      | CDvis, CDind
  2.804706542885397E+00  1.655178507950878E-01 -1.053972203413163E-02  9.323517585288913E-01      | Trefftz Plane: CLff, CDff, CYff, e
CONTROL
     5
  0.000000000000000E+00  inboard_slat    
  3.500000000000000E+01  inboard_flap    
  0.000000000000000E+00  outboard_slat   
  3.500000000000000E+01  outboard_flap   
 -1.879143692896317E+01  elevator        
DESIGN
     0
