TOT
VERSION 1.0
Vortex Lattice Output -- Total Forces
STARTG01                                                    
     5      | # surfaces
   126      | # strips
  1358      | # vortices
  8.261345400000000E+02  7.594870000000000E+00  1.157786900000000E+02      | Sref, Cref, Bref
  3.383665524389960E+00  0.000000000000000E+00  0.000000000000000E+00      | Xref, Yref, Zref
Standard axis orientation,  X fwd, Z down         
 -unnamed-                              
 -1.000000000000000E+01 -0.000000000000000E+00 -0.000000000000000E+00      | Alpha, pb/2V, p'b/2V
  0.000000000000000E+00 -2.577808054736405E-24      | Beta, qc/2V
  0.000000000000000E+00 -0.000000000000000E+00 -0.000000000000000E+00      | Mach, rb/2V, r'b/2V
 -2.419927319181651E-01 -8.607783801122832E-04 -1.606034856011760E-03      | CXtot, Cltot, Cl'tot
 -1.307239462895765E-02 -8.079100448864750E-09      | CYtot, Cmtot
 -1.130483293027595E+00  4.367069345849588E-03  4.151251152653036E-03      | CZtot, Cntot, Cn'tot
  1.155330308530579E+00      | CLtot
  4.200995484846145E-02      | CDtot
  0.000000000000000E+00  4.200995484846145E-02      | CDvis, CDind
  1.148162005435815E+00  4.264656026088900E-02 -1.145855124998601E-02  6.064698734193256E-01      | Trefftz Plane: CLff, CDff, CYff, e
CONTROL
     5
  0.000000000000000E+00  inboard_slat    
  3.500000000000000E+01  inboard_flap    
  0.000000000000000E+00  outboard_slat   
  3.500000000000000E+01  outboard_flap   
  7.859019359536144E+00  elevator        
DESIGN
     0
