TOT
VERSION 1.0
Vortex Lattice Output -- Total Forces
STARTG01                                                    
     5      | # surfaces
   126      | # strips
  1358      | # vortices
  8.261345400000000E+02  7.594870000000000E+00  1.157786900000000E+02      | Sref, Cref, Bref
  3.383665524389960E+00  0.000000000000000E+00  0.000000000000000E+00      | Xref, Yref, Zref
Standard axis orientation,  X fwd, Z down         
 -unnamed-                              
  1.200000000000000E+01 -0.000000000000000E+00 -0.000000000000000E+00      | Alpha, pb/2V, p'b/2V
  0.000000000000000E+00 -9.966896689946077E-26      | Beta, qc/2V
  0.000000000000000E+00 -0.000000000000000E+00 -0.000000000000000E+00      | Mach, rb/2V, r'b/2V
  4.497576379917620E-01 -4.031983991051249E-04  3.502400835779670E-04      | CXtot, Cltot, Cl'tot
 -1.096706304769133E-02  1.306293086070567E-09      | CYtot, Cmtot
 -3.081067808509008E+00  3.581461087414484E-03  3.587027230668925E-03      | CZtot, Cntot, Cn'tot
  3.107248955564319E+00      | CLtot
  2.006606630779305E-01      | CDtot
  0.000000000000000E+00  2.006606630779305E-01      | CDvis, CDind
  3.140929962020644E+00  2.025832920537704E-01 -1.018995251061828E-02  9.553468943095522E-01      | Trefftz Plane: CLff, CDff, CYff, e
CONTROL
     5
  0.000000000000000E+00  inboard_slat    
  3.500000000000000E+01  inboard_flap    
  0.000000000000000E+00  outboard_slat   
  3.500000000000000E+01  outboard_flap   
 -2.483089655528354E+01  elevator        
DESIGN
     0
