TOT
VERSION 1.0
Vortex Lattice Output -- Total Forces
STARTG01                                                    
     5      | # surfaces
   126      | # strips
  1358      | # vortices
  8.261345400000000E+02  7.594870000000000E+00  1.157786900000000E+02      | Sref, Cref, Bref
  3.383665524389960E+00  0.000000000000000E+00  0.000000000000000E+00      | Xref, Yref, Zref
Standard axis orientation,  X fwd, Z down         
 -unnamed-                              
  3.000000000000000E+00 -0.000000000000000E+00 -0.000000000000000E+00      | Alpha, pb/2V, p'b/2V
  0.000000000000000E+00 -2.617148878182554E-26      | Beta, qc/2V
  0.000000000000000E+00 -0.000000000000000E+00 -0.000000000000000E+00      | Mach, rb/2V, r'b/2V
  1.713232894439976E-04 -5.974840806792496E-04 -3.853912956341969E-04      | CXtot, Cltot, Cl'tot
 -1.224828019704893E-02  2.961157089930583E-11      | CYtot, Cmtot
 -2.365172824360360E+00  4.036879595684685E-03  4.062617093201114E-03      | CZtot, Cntot, Cn'tot
  2.361940403573328E+00      | CLtot
  1.236124929458936E-01      | CDtot
  0.000000000000000E+00  1.236124929458936E-01      | CDvis, CDind
  2.365459324013138E+00  1.232382591637342E-01 -1.090443387572248E-02  8.907140184990779E-01      | Trefftz Plane: CLff, CDff, CYff, e
CONTROL
     5
  0.000000000000000E+00  inboard_slat    
  3.500000000000000E+01  inboard_flap    
  0.000000000000000E+00  outboard_slat   
  3.500000000000000E+01  outboard_flap   
 -1.139193784442004E+01  elevator        
DESIGN
     0
