TOT
VERSION 1.0
Vortex Lattice Output -- Total Forces
STARTG01                                                    
     5      | # surfaces
   126      | # strips
  1358      | # vortices
  8.261345400000000E+02  7.594870000000000E+00  1.157786900000000E+02      | Sref, Cref, Bref
  3.383665524389960E+00  0.000000000000000E+00  0.000000000000000E+00      | Xref, Yref, Zref
Standard axis orientation,  X fwd, Z down         
 -unnamed-                              
  1.400000000000000E+01 -0.000000000000000E+00 -0.000000000000000E+00      | Alpha, pb/2V, p'b/2V
  0.000000000000000E+00  4.554427811383140E-25      | Beta, qc/2V
  0.000000000000000E+00 -0.000000000000000E+00 -0.000000000000000E+00      | Mach, rb/2V, r'b/2V
  5.764552645779905E-01 -3.609913726412427E-04  4.867440667478354E-04      | CXtot, Cltot, Cl'tot
 -1.061664212723147E-02  3.254487349643558E-09      | CYtot, Cmtot
 -3.215700398257664E+00  3.459845793492074E-03  3.444405304163838E-03      | CZtot, Cntot, Cn'tot
  3.259637503748547E+00      | CLtot
  2.186162564177775E-01      | CDtot
  0.000000000000000E+00  2.186162564177775E-01      | CDvis, CDind
  3.303415823320934E+00  2.219520761256334E-01 -9.996304541789467E-03  9.645281321965622E-01      | Trefftz Plane: CLff, CDff, CYff, e
CONTROL
     5
  0.000000000000000E+00  inboard_slat    
  3.500000000000000E+01  inboard_flap    
  0.000000000000000E+00  outboard_slat   
  3.500000000000000E+01  outboard_flap   
 -2.791237854400152E+01  elevator        
DESIGN
     0
