TOT
VERSION 1.0
Vortex Lattice Output -- Total Forces
STARTG01                                                    
     5      | # surfaces
   126      | # strips
  1358      | # vortices
  8.261345400000000E+02  7.594870000000000E+00  1.157786900000000E+02      | Sref, Cref, Bref
  3.383665524389960E+00  0.000000000000000E+00  0.000000000000000E+00      | Xref, Yref, Zref
Standard axis orientation,  X fwd, Z down         
 -unnamed-                              
 -1.200000000000000E+01 -0.000000000000000E+00 -0.000000000000000E+00      | Alpha, pb/2V, p'b/2V
  0.000000000000000E+00  1.562812970689131E-25      | Beta, qc/2V
  0.000000000000000E+00 -0.000000000000000E+00 -0.000000000000000E+00      | Mach, rb/2V, r'b/2V
 -2.330649357469098E-01 -8.964493033673944E-04 -1.787337362554036E-03      | CXtot, Cltot, Cl'tot
 -1.308027910869164E-02 -2.091985881183187E-09      | CYtot, Cmtot
 -9.330978110550864E-01  4.379155514077311E-03  4.097078168939420E-03      | CZtot, Cntot, Cn'tot
  9.611643099949710E-01      | CLtot
  3.396996412120526E-02      | CDtot
  0.000000000000000E+00  3.396996412120526E-02      | CDvis, CDind
  9.540806599609751E-01  3.478769235299419E-02 -1.149188570687221E-02  5.133945006787467E-01      | Trefftz Plane: CLff, CDff, CYff, e
CONTROL
     5
  0.000000000000000E+00  inboard_slat    
  3.500000000000000E+01  inboard_flap    
  0.000000000000000E+00  outboard_slat   
  3.500000000000000E+01  outboard_flap   
  1.091488460379911E+01  elevator        
DESIGN
     0
