TOT
VERSION 1.0
Vortex Lattice Output -- Total Forces
STARTG01                                                    
     5      | # surfaces
   126      | # strips
  1358      | # vortices
  8.261345400000000E+02  7.594870000000000E+00  1.157786900000000E+02      | Sref, Cref, Bref
  3.383665524389960E+00  0.000000000000000E+00  0.000000000000000E+00      | Xref, Yref, Zref
Standard axis orientation,  X fwd, Z down         
 -unnamed-                              
 -1.000000000000000E+00 -0.000000000000000E+00 -0.000000000000000E+00      | Alpha, pb/2V, p'b/2V
  0.000000000000000E+00 -1.198224748794494E-26      | Beta, qc/2V
  0.000000000000000E+00 -0.000000000000000E+00 -0.000000000000000E+00      | Mach, rb/2V, r'b/2V
 -1.286331294200302E-01 -6.826950322885110E-04 -7.555975818653482E-04      | CXtot, Cltot, Cl'tot
 -1.264034144358974E-02 -1.885547414818417E-11      | CYtot, Cmtot
 -2.001947388644237E+00  4.183178268241495E-03  4.170626478753350E-03      | CZtot, Cntot, Cn'tot
  2.003887440016235E+00      | CLtot
  9.367473847869341E-02      | CDtot
  0.000000000000000E+00  9.367473847869341E-02      | CDvis, CDind
  2.000974657875271E+00  9.345738460566737E-02 -1.113646848808536E-02  8.404785811315718E-01      | Trefftz Plane: CLff, CDff, CYff, e
CONTROL
     5
  0.000000000000000E+00  inboard_slat    
  3.500000000000000E+01  inboard_flap    
  0.000000000000000E+00  outboard_slat   
  3.500000000000000E+01  outboard_flap   
 -5.519490739868623E+00  elevator        
DESIGN
     0
