TOT
VERSION 1.0
Vortex Lattice Output -- Total Forces
STARTG01                                                    
     5      | # surfaces
   126      | # strips
  1358      | # vortices
  8.261345400000000E+02  7.594870000000000E+00  1.157786900000000E+02      | Sref, Cref, Bref
  3.383665524389960E+00  0.000000000000000E+00  0.000000000000000E+00      | Xref, Yref, Zref
Standard axis orientation,  X fwd, Z down         
 -unnamed-                              
  1.500000000000000E+01 -0.000000000000000E+00 -0.000000000000000E+00      | Alpha, pb/2V, p'b/2V
  0.000000000000000E+00  8.357793465700137E-26      | Beta, qc/2V
  0.000000000000000E+00 -0.000000000000000E+00 -0.000000000000000E+00      | Mach, rb/2V, r'b/2V
  6.430290004791614E-01 -3.401761316508274E-04  5.505390267787178E-04      | CXtot, Cltot, Cl'tot
 -1.043367041328501E-02  4.892053629161272E-09      | CYtot, Cmtot
 -3.279155360155834E+00  3.396674064225577E-03  3.368979263682275E-03      | CZtot, Cntot, Cn'tot
  3.333849002665996E+00      | CLtot
  2.275895404426775E-01      | CDtot
  0.000000000000000E+00  2.275895404426775E-01      | CDvis, CDind
  3.383164914747228E+00  2.318046647582184E-01 -9.894890492716434E-03  9.686603538037099E-01      | Trefftz Plane: CLff, CDff, CYff, e
CONTROL
     5
  0.000000000000000E+00  inboard_slat    
  3.500000000000000E+01  inboard_flap    
  0.000000000000000E+00  outboard_slat   
  3.500000000000000E+01  outboard_flap   
 -2.947227824181702E+01  elevator        
DESIGN
     0
