TOT
VERSION 1.0
Vortex Lattice Output -- Total Forces
STARTG01                                                    
     5      | # surfaces
   126      | # strips
  1358      | # vortices
  8.261345400000000E+02  7.594870000000000E+00  1.157786900000000E+02      | Sref, Cref, Bref
  3.383665524389960E+00  0.000000000000000E+00  0.000000000000000E+00      | Xref, Yref, Zref
Standard axis orientation,  X fwd, Z down         
 -unnamed-                              
 -3.000000000000000E+00 -0.000000000000000E+00 -0.000000000000000E+00      | Alpha, pb/2V, p'b/2V
  0.000000000000000E+00  1.973870829070479E-25      | Beta, qc/2V
  0.000000000000000E+00 -0.000000000000000E+00 -0.000000000000000E+00      | Mach, rb/2V, r'b/2V
 -1.752948230222181E-01 -7.242527848238858E-04 -9.452639298151120E-04      | CXtot, Cltot, Cl'tot
 -1.279140062812385E-02 -4.481280924681710E-10      | CYtot, Cmtot
 -1.813156093890016E+00  4.241896474217225E-03  4.198178640469241E-03      | CZtot, Cntot, Cn'tot
  1.819845448666113E+00      | CLtot
  8.016132956810816E-02      | CDtot
  0.000000000000000E+00  8.016132956810816E-02      | CDvis, CDind
  1.814977569070473E+00  8.011837059126857E-02 -1.123216757542032E-02  8.066231705420479E-01      | Trefftz Plane: CLff, CDff, CYff, e
CONTROL
     5
  0.000000000000000E+00  inboard_slat    
  3.500000000000000E+01  inboard_flap    
  0.000000000000000E+00  outboard_slat   
  3.500000000000000E+01  outboard_flap   
 -2.579098181087160E+00  elevator        
DESIGN
     0
