TOT
VERSION 1.0
Vortex Lattice Output -- Total Forces
STARTG01                                                    
     5      | # surfaces
   126      | # strips
  1358      | # vortices
  8.261345400000000E+02  7.594870000000000E+00  1.157786900000000E+02      | Sref, Cref, Bref
  3.383665524389960E+00  0.000000000000000E+00  0.000000000000000E+00      | Xref, Yref, Zref
Standard axis orientation,  X fwd, Z down         
 -unnamed-                              
  5.000000000000000E+00 -0.000000000000000E+00 -0.000000000000000E+00      | Alpha, pb/2V, p'b/2V
  0.000000000000000E+00  2.880508586161631E-26      | Beta, qc/2V
  0.000000000000000E+00 -0.000000000000000E+00 -0.000000000000000E+00      | Mach, rb/2V, r'b/2V
  8.168819883696496E-02 -5.542467780807478E-04 -2.078713341402913E-04      | CXtot, Cltot, Cl'tot
 -1.200919260682602E-02 -7.063365593373144E-10      | CYtot, Cmtot
 -2.537836969542336E+00  3.950013582179382E-03  3.983288377566607E-03      | CZtot, Cntot, Cn'tot
  2.535299329322652E+00      | CLtot
  1.398097154748794E-01      | CDtot
  0.000000000000000E+00  1.398097154748794E-01      | CDvis, CDind
  2.543502461027575E+00  1.395353028813441E-01 -1.076838192442785E-02  9.095606300577567E-01      | Trefftz Plane: CLff, CDff, CYff, e
CONTROL
     5
  0.000000000000000E+00  inboard_slat    
  3.500000000000000E+01  inboard_flap    
  0.000000000000000E+00  outboard_slat   
  3.500000000000000E+01  outboard_flap   
 -1.433840349588693E+01  elevator        
DESIGN
     0
