TOT
VERSION 1.0
Vortex Lattice Output -- Total Forces
STARTG01                                                    
     5      | # surfaces
   126      | # strips
  1358      | # vortices
  8.261345400000000E+02  7.594870000000000E+00  1.157786900000000E+02      | Sref, Cref, Bref
  3.383665524389960E+00  0.000000000000000E+00  0.000000000000000E+00      | Xref, Yref, Zref
Standard axis orientation,  X fwd, Z down         
 -unnamed-                              
  2.000000000000000E+00 -0.000000000000000E+00 -0.000000000000000E+00      | Alpha, pb/2V, p'b/2V
  0.000000000000000E+00  2.770666338197485E-26      | Beta, qc/2V
  0.000000000000000E+00 -0.000000000000000E+00 -0.000000000000000E+00      | Mach, rb/2V, r'b/2V
 -3.637375722332133E-02 -6.189840726399136E-04 -4.763233003303637E-04      | CXtot, Cltot, Cl'tot
 -1.235725594959993E-02  2.712946859349807E-11      | CYtot, Cmtot
 -2.276440796728013E+00  4.076955755258533E-03  4.096074416570085E-03      | CZtot, Cntot, Cn'tot
  2.273784624681745E+00      | CLtot
  1.157982373920549E-01      | CDtot
  0.000000000000000E+00  1.157982373920549E-01      | CDvis, CDind
  2.275346676586491E+00  1.154272522447803E-01 -1.096747968371147E-02  8.799146116082172E-01      | Trefftz Plane: CLff, CDff, CYff, e
CONTROL
     5
  0.000000000000000E+00  inboard_slat    
  3.500000000000000E+01  inboard_flap    
  0.000000000000000E+00  outboard_slat   
  3.500000000000000E+01  outboard_flap   
 -9.922619629404181E+00  elevator        
DESIGN
     0
