TOT
VERSION 1.0
Vortex Lattice Output -- Total Forces
STARTG01                                                    
     5      | # surfaces
   126      | # strips
  1358      | # vortices
  8.261345400000000E+02  7.594870000000000E+00  1.157786900000000E+02      | Sref, Cref, Bref
  3.383665524389960E+00  0.000000000000000E+00  0.000000000000000E+00      | Xref, Yref, Zref
Standard axis orientation,  X fwd, Z down         
 -unnamed-                              
  9.000000000000000E+00 -0.000000000000000E+00 -0.000000000000000E+00      | Alpha, pb/2V, p'b/2V
  0.000000000000000E+00  1.190605187896085E-26      | Beta, qc/2V
  0.000000000000000E+00 -0.000000000000000E+00 -0.000000000000000E+00      | Mach, rb/2V, r'b/2V
  2.769714248721552E-01 -4.675625593058947E-04  1.249743113037986E-04      | CXtot, Cltot, Cl'tot
 -1.145073246400847E-02  2.325760894636431E-10      | CYtot, Cmtot
 -2.861065240516487E+00  3.750966255921601E-03  3.777928535777422E-03      | CZtot, Cntot, Cn'tot
  2.869168656421464E+00      | CLtot
  1.740077633211462E-01      | CDtot
  0.000000000000000E+00  1.740077633211462E-01      | CDvis, CDind
  2.890105361265702E+00  1.745466613830888E-01 -1.045703886365501E-02  9.387828239224576E-01      | Trefftz Plane: CLff, CDff, CYff, e
CONTROL
     5
  0.000000000000000E+00  inboard_slat    
  3.500000000000000E+01  inboard_flap    
  0.000000000000000E+00  outboard_slat   
  3.500000000000000E+01  outboard_flap   
 -2.028841854991815E+01  elevator        
DESIGN
     0
