TOT
VERSION 1.0
Vortex Lattice Output -- Total Forces
STARTG01                                                    
     5      | # surfaces
   126      | # strips
  1358      | # vortices
  8.261345400000000E+02  7.594870000000000E+00  1.157786900000000E+02      | Sref, Cref, Bref
  3.383665524389960E+00  0.000000000000000E+00  0.000000000000000E+00      | Xref, Yref, Zref
Standard axis orientation,  X fwd, Z down         
 -unnamed-                              
  7.000000000000000E+00 -0.000000000000000E+00 -0.000000000000000E+00      | Alpha, pb/2V, p'b/2V
  0.000000000000000E+00 -6.112940829041646E-25      | Beta, qc/2V
  0.000000000000000E+00 -0.000000000000000E+00 -0.000000000000000E+00      | Mach, rb/2V, r'b/2V
  1.741047218818816E-01 -5.108690402757569E-04 -3.730915409220055E-05      | CXtot, Cltot, Cl'tot
 -1.174291023084444E-02 -4.955953195572016E-09      | CYtot, Cmtot
 -2.703403379499990E+00  3.854553841851224E-03  3.888081856528130E-03      | CZtot, Cntot, Cn'tot
  2.704470648796341E+00      | CLtot
  1.566550231324764E-01      | CDtot
  0.000000000000000E+00  1.566550231324764E-01      | CDvis, CDind
  2.718455557399063E+00  1.566658798579700E-01 -1.061918958719678E-02  9.253804587232867E-01      | Trefftz Plane: CLff, CDff, CYff, e
CONTROL
     5
  0.000000000000000E+00  inboard_slat    
  3.500000000000000E+01  inboard_flap    
  0.000000000000000E+00  outboard_slat   
  3.500000000000000E+01  outboard_flap   
 -1.730140738828684E+01  elevator        
DESIGN
     0
